#
# There is insufficient memory for the Java Runtime Environment to continue.
# Native memory allocation (mmap) failed to map 91226112 bytes. Error detail: G1 virtual space
# Possible reasons:
#   The system is out of physical RAM or swap space
#   This process is running with CompressedOops enabled, and the Java Heap may be blocking the growth of the native heap
# Possible solutions:
#   Reduce memory load on the system
#   Increase physical memory or swap space
#   Check if swap backing store is full
#   Decrease Java heap size (-Xmx/-Xms)
#   Decrease number of Java threads
#   Decrease Java thread stack sizes (-Xss)
#   Set larger code cache with -XX:ReservedCodeCacheSize=
#   JVM is running with Unscaled Compressed Oops mode in which the Java heap is
#     placed in the first 4GB address space. The Java Heap base address is the
#     maximum limit for the native heap growth. Please use -XX:HeapBaseMinAddress
#     to set the Java Heap base and to place the Java Heap above 4GB virtual address.
# This output file may be truncated or incomplete.
#
#  Out of Memory Error (os_windows.cpp:3686), pid=16532, tid=16832
#
# JRE version: OpenJDK Runtime Environment Temurin-21.0.6+7 (21.0.6+7) (build 21.0.6+7-LTS)
# Java VM: OpenJDK 64-Bit Server VM Temurin-21.0.6+7 (21.0.6+7-LTS, mixed mode, emulated-client, sharing, tiered, compressed oops, compressed class ptrs, g1 gc, windows-amd64)
# No core dump will be written. Minidumps are not enabled by default on client versions of Windows
#

---------------  S U M M A R Y ------------

Command Line: -Dcom.sun.management.jmxremote -Dcom.sun.management.jmxremote.port=61387 -Dcom.sun.management.jmxremote.authenticate=false -Dcom.sun.management.jmxremote.ssl=false -Djava.rmi.server.hostname=localhost -Dspring.jmx.enabled=true -Dmanagement.endpoints.jmx.exposure.include=* -Dspring.application.admin.enabled=true -Dspring.output.ansi.enabled=always -XX:TieredStopAtLevel=1 -Dspring.boot.project.name=smartContactManager -Dfile.encoding=UTF-8 -Dstdout.encoding=UTF-8 -Dstderr.encoding=UTF-8 -XX:+ShowCodeDetailsInExceptionMessages com.smart.SmartContactManagerApplication

Host: Intel(R) Core(TM) i5-10210U CPU @ 1.60GHz, 8 cores, 3G,  Windows 11 , 64 bit Build 22621 (10.0.22621.5262)
Time: Tue May  6 22:33:01 2025 India Standard Time elapsed time: 3607.774855 seconds (0d 1h 0m 7s)

---------------  T H R E A D  ---------------

Current thread (0x000001b1ffaa6590):  VMThread "VM Thread"          [id=16832, stack(0x00000030e0200000,0x00000030e0300000) (1024K)]

Stack: [0x00000030e0200000,0x00000030e0300000]
Native frames: (J=compiled Java code, j=interpreted, Vv=VM code, C=native code)
V  [jvm.dll+0x6cdee9]
V  [jvm.dll+0x8a83d1]
V  [jvm.dll+0x8aa8fe]
V  [jvm.dll+0x8aafe3]
V  [jvm.dll+0x27f706]
V  [jvm.dll+0x6ca755]
V  [jvm.dll+0x6bea3a]
V  [jvm.dll+0x355d6a]
V  [jvm.dll+0x35d936]
V  [jvm.dll+0x3af58e]
V  [jvm.dll+0x3af838]
V  [jvm.dll+0x329efc]
V  [jvm.dll+0x329f87]
V  [jvm.dll+0x36dd4c]
V  [jvm.dll+0x36c598]
V  [jvm.dll+0x3296c1]
V  [jvm.dll+0x36bc0a]
V  [jvm.dll+0x8b0cff]
V  [jvm.dll+0x8b2084]
V  [jvm.dll+0x8b25c0]
V  [jvm.dll+0x8b2863]
V  [jvm.dll+0x851f8b]
V  [jvm.dll+0x6cc5ed]
C  [ucrtbase.dll+0x29333]
C  [KERNEL32.DLL+0x1259d]
C  [ntdll.dll+0x5af58]

VM_Operation (0x00000030dfafe340): G1CollectForAllocation, mode: safepoint, requested by thread 0x000001b1d09f5cc0


---------------  P R O C E S S  ---------------

Threads class SMR info:
_java_thread_list=0x000001b1d10a7850, length=36, elements={
0x000001b1ffac1c90, 0x000001b1ffac2aa0, 0x000001b1ffac6360, 0x000001b1ffac8520,
0x000001b1ffacb7c0, 0x000001b1ffad1850, 0x000001b1ffada3e0, 0x000001b1889120f0,
0x000001b1889b4c80, 0x000001b1ce1269d0, 0x000001b1ce1a12a0, 0x000001b1ce1c12f0,
0x000001b1ce5d9240, 0x000001b1ce7362d0, 0x000001b1ce737680, 0x000001b1d09f7700,
0x000001b1d09fc5c0, 0x000001b1d09f5cc0, 0x000001b1d0bbf420, 0x000001b1d0bbe700,
0x000001b1d0bbd9e0, 0x000001b1d0bbbfa0, 0x000001b1d0bbed90, 0x000001b1d0bbc630,
0x000001b1d0bbe070, 0x000001b1d09f8420, 0x000001b1d09f8ab0, 0x000001b1d09f9140,
0x000001b1d09f9e60, 0x000001b1d09fa4f0, 0x000001b1d09f6350, 0x000001b1d09f69e0,
0x000001b1d09fab80, 0x000001b1d09fb210, 0x000001b1d09f97d0, 0x000001b1d09f7d90
}

Java Threads: ( => current thread )
  0x000001b1ffac1c90 JavaThread "Reference Handler"          daemon [_thread_blocked, id=16964, stack(0x00000030e0300000,0x00000030e0400000) (1024K)]
  0x000001b1ffac2aa0 JavaThread "Finalizer"                  daemon [_thread_blocked, id=21260, stack(0x00000030e0400000,0x00000030e0500000) (1024K)]
  0x000001b1ffac6360 JavaThread "Signal Dispatcher"          daemon [_thread_blocked, id=17684, stack(0x00000030e0500000,0x00000030e0600000) (1024K)]
  0x000001b1ffac8520 JavaThread "Attach Listener"            daemon [_thread_blocked, id=1892, stack(0x00000030e0600000,0x00000030e0700000) (1024K)]
  0x000001b1ffacb7c0 JavaThread "Service Thread"             daemon [_thread_blocked, id=2308, stack(0x00000030e0700000,0x00000030e0800000) (1024K)]
  0x000001b1ffad1850 JavaThread "Monitor Deflation Thread"   daemon [_thread_blocked, id=4376, stack(0x00000030e0800000,0x00000030e0900000) (1024K)]
  0x000001b1ffada3e0 JavaThread "C1 CompilerThread0"         daemon [_thread_blocked, id=14620, stack(0x00000030e0900000,0x00000030e0a00000) (1024K)]
  0x000001b1889120f0 JavaThread "Common-Cleaner"             daemon [_thread_blocked, id=20624, stack(0x00000030e0a00000,0x00000030e0b00000) (1024K)]
  0x000001b1889b4c80 JavaThread "Notification Thread"        daemon [_thread_blocked, id=8272, stack(0x00000030e0b00000,0x00000030e0c00000) (1024K)]
  0x000001b1ce1269d0 JavaThread "RMI TCP Accept-0"           daemon [_thread_in_native, id=6156, stack(0x00000030e0c00000,0x00000030e0d00000) (1024K)]
  0x000001b1ce1a12a0 JavaThread "RMI TCP Accept-61387"       daemon [_thread_in_native, id=2280, stack(0x00000030e0d00000,0x00000030e0e00000) (1024K)]
  0x000001b1ce1c12f0 JavaThread "RMI TCP Accept-0"           daemon [_thread_in_native, id=14432, stack(0x00000030e0e00000,0x00000030e0f00000) (1024K)]
  0x000001b1ce5d9240 JavaThread "RMI Scheduler(0)"           daemon [_thread_blocked, id=21052, stack(0x00000030e1700000,0x00000030e1800000) (1024K)]
  0x000001b1ce7362d0 JavaThread "JMX server connection timeout 38" daemon [_thread_blocked, id=11548, stack(0x00000030e1b00000,0x00000030e1c00000) (1024K)]
  0x000001b1ce737680 JavaThread "mysql-cj-abandoned-connection-cleanup" daemon [_thread_blocked, id=17384, stack(0x00000030e2100000,0x00000030e2200000) (1024K)]
  0x000001b1d09f7700 JavaThread "Live Reload Server"         daemon [_thread_in_native, id=19376, stack(0x00000030e2700000,0x00000030e2800000) (1024K)]
  0x000001b1d09fc5c0 JavaThread "DestroyJavaVM"                     [_thread_blocked, id=10544, stack(0x00000030dfb00000,0x00000030dfc00000) (1024K)]
  0x000001b1d09f5cc0 JavaThread "File Watcher"               daemon [_thread_blocked, id=22492, stack(0x00000030dfa00000,0x00000030dfb00000) (1024K)]
  0x000001b1d0bbf420 JavaThread "Catalina-utility-1"                [_thread_blocked, id=4056, stack(0x00000030e1900000,0x00000030e1a00000) (1024K)]
  0x000001b1d0bbe700 JavaThread "Catalina-utility-2"                [_thread_blocked, id=17520, stack(0x00000030e1a00000,0x00000030e1b00000) (1024K)]
  0x000001b1d0bbd9e0 JavaThread "container-1"                       [_thread_blocked, id=18688, stack(0x00000030e1d00000,0x00000030e1e00000) (1024K)]
  0x000001b1d0bbbfa0 JavaThread "HikariPool-7 housekeeper"   daemon [_thread_blocked, id=6268, stack(0x00000030e1e00000,0x00000030e1f00000) (1024K)]
  0x000001b1d0bbed90 JavaThread "File Watcher"               daemon [_thread_blocked, id=6128, stack(0x00000030e2000000,0x00000030e2100000) (1024K)]
  0x000001b1d0bbc630 JavaThread "http-nio-8080-exec-1"       daemon [_thread_blocked, id=10080, stack(0x00000030e2200000,0x00000030e2300000) (1024K)]
  0x000001b1d0bbe070 JavaThread "http-nio-8080-exec-2"       daemon [_thread_blocked, id=22516, stack(0x00000030e2300000,0x00000030e2400000) (1024K)]
  0x000001b1d09f8420 JavaThread "http-nio-8080-exec-3"       daemon [_thread_blocked, id=20380, stack(0x00000030e2400000,0x00000030e2500000) (1024K)]
  0x000001b1d09f8ab0 JavaThread "http-nio-8080-exec-4"       daemon [_thread_blocked, id=18912, stack(0x00000030e2500000,0x00000030e2600000) (1024K)]
  0x000001b1d09f9140 JavaThread "http-nio-8080-exec-5"       daemon [_thread_blocked, id=11508, stack(0x00000030e2600000,0x00000030e2700000) (1024K)]
  0x000001b1d09f9e60 JavaThread "http-nio-8080-exec-6"       daemon [_thread_blocked, id=10368, stack(0x00000030e2800000,0x00000030e2900000) (1024K)]
  0x000001b1d09fa4f0 JavaThread "http-nio-8080-exec-7"       daemon [_thread_blocked, id=2212, stack(0x00000030e2900000,0x00000030e2a00000) (1024K)]
  0x000001b1d09f6350 JavaThread "http-nio-8080-exec-8"       daemon [_thread_blocked, id=16740, stack(0x00000030e2a00000,0x00000030e2b00000) (1024K)]
  0x000001b1d09f69e0 JavaThread "http-nio-8080-exec-9"       daemon [_thread_blocked, id=22332, stack(0x00000030e2b00000,0x00000030e2c00000) (1024K)]
  0x000001b1d09fab80 JavaThread "http-nio-8080-exec-10"      daemon [_thread_blocked, id=3272, stack(0x00000030e2c00000,0x00000030e2d00000) (1024K)]
  0x000001b1d09fb210 JavaThread "http-nio-8080-Poller"       daemon [_thread_blocked, id=21772, stack(0x00000030e2d00000,0x00000030e2e00000) (1024K)]
  0x000001b1d09f97d0 JavaThread "http-nio-8080-Acceptor"     daemon [_thread_in_native, id=22084, stack(0x00000030e2e00000,0x00000030e2f00000) (1024K)]
  0x000001b1d09f7d90 JavaThread "RMI TCP Connection(idle)"   daemon [_thread_blocked, id=5788, stack(0x00000030e0f00000,0x00000030e1000000) (1024K)]
Total: 36

Other Threads:
=>0x000001b1ffaa6590 VMThread "VM Thread"                           [id=16832, stack(0x00000030e0200000,0x00000030e0300000) (1024K)]
  0x000001b1ffa94fe0 WatcherThread "VM Periodic Task Thread"        [id=15080, stack(0x00000030e0100000,0x00000030e0200000) (1024K)]
  0x000001b1fdbbe6e0 WorkerThread "GC Thread#0"                     [id=5324, stack(0x00000030dfc00000,0x00000030dfd00000) (1024K)]
  0x000001b1ce5900d0 WorkerThread "GC Thread#1"                     [id=20864, stack(0x00000030e1000000,0x00000030e1100000) (1024K)]
  0x000001b1ce5ccff0 WorkerThread "GC Thread#2"                     [id=7688, stack(0x00000030e1100000,0x00000030e1200000) (1024K)]
  0x000001b1ce5cd390 WorkerThread "GC Thread#3"                     [id=19008, stack(0x00000030e1200000,0x00000030e1300000) (1024K)]
  0x000001b1ce5d2160 WorkerThread "GC Thread#4"                     [id=17488, stack(0x00000030e1300000,0x00000030e1400000) (1024K)]
  0x000001b1ce5d2500 WorkerThread "GC Thread#5"                     [id=21088, stack(0x00000030e1400000,0x00000030e1500000) (1024K)]
  0x000001b1ce5d28a0 WorkerThread "GC Thread#6"                     [id=14744, stack(0x00000030e1500000,0x00000030e1600000) (1024K)]
  0x000001b1ce5d3660 WorkerThread "GC Thread#7"                     [id=2964, stack(0x00000030e1600000,0x00000030e1700000) (1024K)]
  0x000001b1fdbc78d0 ConcurrentGCThread "G1 Main Marker"            [id=21364, stack(0x00000030dfd00000,0x00000030dfe00000) (1024K)]
  0x000001b1fdbc8df0 WorkerThread "G1 Conc#0"                       [id=17652, stack(0x00000030dfe00000,0x00000030dff00000) (1024K)]
  0x000001b1ceee91a0 WorkerThread "G1 Conc#1"                       [id=8080, stack(0x00000030e1c00000,0x00000030e1d00000) (1024K)]
  0x000001b1ff961530 ConcurrentGCThread "G1 Refine#0"               [id=20980, stack(0x00000030dff00000,0x00000030e0000000) (1024K)]
  0x000001b1ff961d50 ConcurrentGCThread "G1 Service"                [id=21240, stack(0x00000030e0000000,0x00000030e0100000) (1024K)]
Total: 15

Threads with active compile tasks:
Total: 0

VM state: at safepoint (normal execution)

VM Mutex/Monitor currently owned by a thread:  ([mutex/lock_event])
[0x00007ffdcea9e380] Threads_lock - owner thread: 0x000001b1ffaa6590
[0x00007ffdcea9e480] Heap_lock - owner thread: 0x000001b1d09f5cc0

Heap address: 0x00000000c3000000, size: 976 MB, Compressed Oops mode: 32-bit

CDS archive(s) mapped at: [0x000001b189000000-0x000001b189c80000-0x000001b189c80000), size 13107200, SharedBaseAddress: 0x000001b189000000, ArchiveRelocationMode: 1.
Compressed class space mapped at: 0x000001b18a000000-0x000001b1ca000000, reserved size: 1073741824
Narrow klass base: 0x000001b189000000, Narrow klass shift: 0, Narrow klass range: 0x100000000

GC Precious Log:
 CardTable entry size: 512
 Card Set container configuration: InlinePtr #cards 5 size 8 Array Of Cards #cards 12 size 40 Howl #buckets 4 coarsen threshold 1843 Howl Bitmap #cards 512 size 80 coarsen threshold 460 Card regions per heap region 1 cards per card region 2048
 CPUs: 8 total, 8 available
 Memory: 3899M
 Large Page Support: Disabled
 NUMA Support: Disabled
 Compressed Oops: Enabled (32-bit)
 Heap Region Size: 1M
 Heap Min Capacity: 8M
 Heap Initial Capacity: 62M
 Heap Max Capacity: 976M
 Pre-touch: Disabled
 Parallel Workers: 8
 Concurrent Workers: 2
 Concurrent Refinement Workers: 8
 Periodic GC: Disabled

Heap:
 garbage-first heap   total 89088K, used 36844K [0x00000000c3000000, 0x0000000100000000)
  region size 1024K, 2 young (2048K), 2 survivors (2048K)
 Metaspace       used 67189K, committed 68096K, reserved 1114112K
  class space    used 9356K, committed 9728K, reserved 1048576K

Heap Regions: E=young(eden), S=young(survivor), O=old, HS=humongous(starts), HC=humongous(continues), CS=collection set, F=free, TAMS=top-at-mark-start, PB=parsable bottom
|   0|0x00000000c3000000, 0x00000000c3100000, 0x00000000c3100000|100%|HS|  |TAMS 0x00000000c3000000| PB 0x00000000c3000000| Complete 
|   1|0x00000000c3100000, 0x00000000c3200000, 0x00000000c3200000|100%|HS|  |TAMS 0x00000000c3100000| PB 0x00000000c3100000| Complete 
|   2|0x00000000c3200000, 0x00000000c32ffff8, 0x00000000c3300000| 99%| O|  |TAMS 0x00000000c3200000| PB 0x00000000c3200000| Untracked 
|   3|0x00000000c3300000, 0x00000000c33ffff8, 0x00000000c3400000| 99%| O|  |TAMS 0x00000000c3300000| PB 0x00000000c3300000| Untracked 
|   4|0x00000000c3400000, 0x00000000c34ffff0, 0x00000000c3500000| 99%| O|  |TAMS 0x00000000c3400000| PB 0x00000000c3400000| Untracked 
|   5|0x00000000c3500000, 0x00000000c35ffff0, 0x00000000c3600000| 99%| O|  |TAMS 0x00000000c3500000| PB 0x00000000c3500000| Untracked 
|   6|0x00000000c3600000, 0x00000000c36fffc8, 0x00000000c3700000| 99%| O|  |TAMS 0x00000000c3600000| PB 0x00000000c3600000| Untracked 
|   7|0x00000000c3700000, 0x00000000c37ffff0, 0x00000000c3800000| 99%| O|  |TAMS 0x00000000c3700000| PB 0x00000000c3700000| Untracked 
|   8|0x00000000c3800000, 0x00000000c38ffff8, 0x00000000c3900000| 99%| O|  |TAMS 0x00000000c3800000| PB 0x00000000c3800000| Untracked 
|   9|0x00000000c3900000, 0x00000000c39ffff8, 0x00000000c3a00000| 99%| O|  |TAMS 0x00000000c3900000| PB 0x00000000c3900000| Untracked 
|  10|0x00000000c3a00000, 0x00000000c3affff8, 0x00000000c3b00000| 99%| O|  |TAMS 0x00000000c3a00000| PB 0x00000000c3a00000| Untracked 
|  11|0x00000000c3b00000, 0x00000000c3bfa020, 0x00000000c3c00000| 97%| O|  |TAMS 0x00000000c3b00000| PB 0x00000000c3b00000| Untracked 
|  12|0x00000000c3c00000, 0x00000000c3cffff0, 0x00000000c3d00000| 99%| O|  |TAMS 0x00000000c3c00000| PB 0x00000000c3c00000| Untracked 
|  13|0x00000000c3d00000, 0x00000000c3dffff8, 0x00000000c3e00000| 99%| O|  |TAMS 0x00000000c3d00000| PB 0x00000000c3d00000| Untracked 
|  14|0x00000000c3e00000, 0x00000000c3efffe8, 0x00000000c3f00000| 99%| O|  |TAMS 0x00000000c3e00000| PB 0x00000000c3e00000| Untracked 
|  15|0x00000000c3f00000, 0x00000000c3fff830, 0x00000000c4000000| 99%| O|  |TAMS 0x00000000c3f00000| PB 0x00000000c3f00000| Untracked 
|  16|0x00000000c4000000, 0x00000000c40ffff8, 0x00000000c4100000| 99%| O|  |TAMS 0x00000000c4000000| PB 0x00000000c4000000| Untracked 
|  17|0x00000000c4100000, 0x00000000c41fffd0, 0x00000000c4200000| 99%| O|  |TAMS 0x00000000c4100000| PB 0x00000000c4100000| Untracked 
|  18|0x00000000c4200000, 0x00000000c4300000, 0x00000000c4300000|100%| O|  |TAMS 0x00000000c4200000| PB 0x00000000c4200000| Untracked 
|  19|0x00000000c4300000, 0x00000000c43c2560, 0x00000000c4400000| 75%| O|Cm|TAMS 0x00000000c4300000| PB 0x00000000c4300000| Complete 
|  20|0x00000000c4400000, 0x00000000c44ffff0, 0x00000000c4500000| 99%| O|  |TAMS 0x00000000c4400000| PB 0x00000000c4400000| Untracked 
|  21|0x00000000c4500000, 0x00000000c45ffff8, 0x00000000c4600000| 99%| O|Cm|TAMS 0x00000000c4500000| PB 0x00000000c4500000| Complete 
|  22|0x00000000c4600000, 0x00000000c4600000, 0x00000000c4700000|  0%| F|  |TAMS 0x00000000c4600000| PB 0x00000000c4600000| Untracked 
|  23|0x00000000c4700000, 0x00000000c476b0d0, 0x00000000c4800000| 41%| O|  |TAMS 0x00000000c4700000| PB 0x00000000c4700000| Untracked 
|  24|0x00000000c4800000, 0x00000000c4900000, 0x00000000c4900000|100%| O|  |TAMS 0x00000000c4800000| PB 0x00000000c4800000| Untracked 
|  25|0x00000000c4900000, 0x00000000c4900000, 0x00000000c4a00000|  0%| F|  |TAMS 0x00000000c4900000| PB 0x00000000c4900000| Untracked 
|  26|0x00000000c4a00000, 0x00000000c4b00000, 0x00000000c4b00000|100%| O|  |TAMS 0x00000000c4a00000| PB 0x00000000c4a00000| Untracked 
|  27|0x00000000c4b00000, 0x00000000c4c00000, 0x00000000c4c00000|100%| O|  |TAMS 0x00000000c4b00000| PB 0x00000000c4b00000| Untracked 
|  28|0x00000000c4c00000, 0x00000000c4d00000, 0x00000000c4d00000|100%| O|  |TAMS 0x00000000c4c00000| PB 0x00000000c4c00000| Untracked 
|  29|0x00000000c4d00000, 0x00000000c4e00000, 0x00000000c4e00000|100%| O|  |TAMS 0x00000000c4d00000| PB 0x00000000c4d00000| Untracked 
|  30|0x00000000c4e00000, 0x00000000c4f00000, 0x00000000c4f00000|100%| O|  |TAMS 0x00000000c4e00000| PB 0x00000000c4e00000| Untracked 
|  31|0x00000000c4f00000, 0x00000000c5000000, 0x00000000c5000000|100%| O|  |TAMS 0x00000000c4f00000| PB 0x00000000c4f00000| Untracked 
|  32|0x00000000c5000000, 0x00000000c5100000, 0x00000000c5100000|100%| O|Cm|TAMS 0x00000000c5000000| PB 0x00000000c5000000| Complete 
|  33|0x00000000c5100000, 0x00000000c5200000, 0x00000000c5200000|100%| O|  |TAMS 0x00000000c5100000| PB 0x00000000c5100000| Untracked 
|  34|0x00000000c5200000, 0x00000000c5300000, 0x00000000c5300000|100%| O|  |TAMS 0x00000000c5200000| PB 0x00000000c5200000| Untracked 
|  35|0x00000000c5300000, 0x00000000c5400000, 0x00000000c5400000|100%| O|  |TAMS 0x00000000c5300000| PB 0x00000000c5300000| Untracked 
|  36|0x00000000c5400000, 0x00000000c5500000, 0x00000000c5500000|100%| O|  |TAMS 0x00000000c5400000| PB 0x00000000c5400000| Untracked 
|  37|0x00000000c5500000, 0x00000000c5594d30, 0x00000000c5600000| 58%| O|  |TAMS 0x00000000c5500000| PB 0x00000000c5500000| Untracked 
|  38|0x00000000c5600000, 0x00000000c5600000, 0x00000000c5700000|  0%| F|  |TAMS 0x00000000c5600000| PB 0x00000000c5600000| Untracked 
|  39|0x00000000c5700000, 0x00000000c5700000, 0x00000000c5800000|  0%| F|  |TAMS 0x00000000c5700000| PB 0x00000000c5700000| Untracked 
|  40|0x00000000c5800000, 0x00000000c5800000, 0x00000000c5900000|  0%| F|  |TAMS 0x00000000c5800000| PB 0x00000000c5800000| Untracked 
|  41|0x00000000c5900000, 0x00000000c5900000, 0x00000000c5a00000|  0%| F|  |TAMS 0x00000000c5900000| PB 0x00000000c5900000| Untracked 
|  42|0x00000000c5a00000, 0x00000000c5a00000, 0x00000000c5b00000|  0%| F|  |TAMS 0x00000000c5a00000| PB 0x00000000c5a00000| Untracked 
|  43|0x00000000c5b00000, 0x00000000c5b00000, 0x00000000c5c00000|  0%| F|  |TAMS 0x00000000c5b00000| PB 0x00000000c5b00000| Untracked 
|  44|0x00000000c5c00000, 0x00000000c5c00000, 0x00000000c5d00000|  0%| F|  |TAMS 0x00000000c5c00000| PB 0x00000000c5c00000| Untracked 
|  45|0x00000000c5d00000, 0x00000000c5d00000, 0x00000000c5e00000|  0%| F|  |TAMS 0x00000000c5d00000| PB 0x00000000c5d00000| Untracked 
|  46|0x00000000c5e00000, 0x00000000c5e00000, 0x00000000c5f00000|  0%| F|  |TAMS 0x00000000c5e00000| PB 0x00000000c5e00000| Untracked 
|  47|0x00000000c5f00000, 0x00000000c5f00000, 0x00000000c6000000|  0%| F|  |TAMS 0x00000000c5f00000| PB 0x00000000c5f00000| Untracked 
|  48|0x00000000c6000000, 0x00000000c6000000, 0x00000000c6100000|  0%| F|  |TAMS 0x00000000c6000000| PB 0x00000000c6000000| Untracked 
|  49|0x00000000c6100000, 0x00000000c6100000, 0x00000000c6200000|  0%| F|  |TAMS 0x00000000c6100000| PB 0x00000000c6100000| Untracked 
|  50|0x00000000c6200000, 0x00000000c6200000, 0x00000000c6300000|  0%| F|  |TAMS 0x00000000c6200000| PB 0x00000000c6200000| Untracked 
|  51|0x00000000c6300000, 0x00000000c6300000, 0x00000000c6400000|  0%| F|  |TAMS 0x00000000c6300000| PB 0x00000000c6300000| Untracked 
|  52|0x00000000c6400000, 0x00000000c6400000, 0x00000000c6500000|  0%| F|  |TAMS 0x00000000c6400000| PB 0x00000000c6400000| Untracked 
|  53|0x00000000c6500000, 0x00000000c6500000, 0x00000000c6600000|  0%| F|  |TAMS 0x00000000c6500000| PB 0x00000000c6500000| Untracked 
|  54|0x00000000c6600000, 0x00000000c6600000, 0x00000000c6700000|  0%| F|  |TAMS 0x00000000c6600000| PB 0x00000000c6600000| Untracked 
|  55|0x00000000c6700000, 0x00000000c6700000, 0x00000000c6800000|  0%| F|  |TAMS 0x00000000c6700000| PB 0x00000000c6700000| Untracked 
|  56|0x00000000c6800000, 0x00000000c6800000, 0x00000000c6900000|  0%| F|  |TAMS 0x00000000c6800000| PB 0x00000000c6800000| Untracked 
|  57|0x00000000c6900000, 0x00000000c693f620, 0x00000000c6a00000| 24%| S|CS|TAMS 0x00000000c6900000| PB 0x00000000c6900000| Complete 
|  58|0x00000000c6a00000, 0x00000000c6b00000, 0x00000000c6b00000|100%| S|CS|TAMS 0x00000000c6a00000| PB 0x00000000c6a00000| Complete 
|  59|0x00000000c6b00000, 0x00000000c6b00000, 0x00000000c6c00000|  0%| F|  |TAMS 0x00000000c6b00000| PB 0x00000000c6b00000| Untracked 
|  60|0x00000000c6c00000, 0x00000000c6c00000, 0x00000000c6d00000|  0%| F|  |TAMS 0x00000000c6c00000| PB 0x00000000c6c00000| Untracked 
|  61|0x00000000c6d00000, 0x00000000c6d00000, 0x00000000c6e00000|  0%| F|  |TAMS 0x00000000c6d00000| PB 0x00000000c6d00000| Untracked 
|  62|0x00000000c6e00000, 0x00000000c6e00000, 0x00000000c6f00000|  0%| F|  |TAMS 0x00000000c6e00000| PB 0x00000000c6e00000| Untracked 
|  63|0x00000000c6f00000, 0x00000000c6f00000, 0x00000000c7000000|  0%| F|  |TAMS 0x00000000c6f00000| PB 0x00000000c6f00000| Untracked 
|  64|0x00000000c7000000, 0x00000000c7000000, 0x00000000c7100000|  0%| F|  |TAMS 0x00000000c7000000| PB 0x00000000c7000000| Untracked 
|  65|0x00000000c7100000, 0x00000000c7100000, 0x00000000c7200000|  0%| F|  |TAMS 0x00000000c7100000| PB 0x00000000c7100000| Untracked 
|  66|0x00000000c7200000, 0x00000000c7200000, 0x00000000c7300000|  0%| F|  |TAMS 0x00000000c7200000| PB 0x00000000c7200000| Untracked 
|  67|0x00000000c7300000, 0x00000000c7300000, 0x00000000c7400000|  0%| F|  |TAMS 0x00000000c7300000| PB 0x00000000c7300000| Untracked 
|  68|0x00000000c7400000, 0x00000000c7400000, 0x00000000c7500000|  0%| F|  |TAMS 0x00000000c7400000| PB 0x00000000c7400000| Untracked 
|  69|0x00000000c7500000, 0x00000000c7500000, 0x00000000c7600000|  0%| F|  |TAMS 0x00000000c7500000| PB 0x00000000c7500000| Untracked 
|  70|0x00000000c7600000, 0x00000000c7600000, 0x00000000c7700000|  0%| F|  |TAMS 0x00000000c7600000| PB 0x00000000c7600000| Untracked 
|  71|0x00000000c7700000, 0x00000000c7700000, 0x00000000c7800000|  0%| F|  |TAMS 0x00000000c7700000| PB 0x00000000c7700000| Untracked 
|  72|0x00000000c7800000, 0x00000000c7800000, 0x00000000c7900000|  0%| F|  |TAMS 0x00000000c7800000| PB 0x00000000c7800000| Untracked 
|  73|0x00000000c7900000, 0x00000000c7900000, 0x00000000c7a00000|  0%| F|  |TAMS 0x00000000c7900000| PB 0x00000000c7900000| Untracked 
|  74|0x00000000c7a00000, 0x00000000c7a00000, 0x00000000c7b00000|  0%| F|  |TAMS 0x00000000c7a00000| PB 0x00000000c7a00000| Untracked 
|  75|0x00000000c7b00000, 0x00000000c7b00000, 0x00000000c7c00000|  0%| F|  |TAMS 0x00000000c7b00000| PB 0x00000000c7b00000| Untracked 
|  76|0x00000000c7c00000, 0x00000000c7c00000, 0x00000000c7d00000|  0%| F|  |TAMS 0x00000000c7c00000| PB 0x00000000c7c00000| Untracked 
|  77|0x00000000c7d00000, 0x00000000c7d00000, 0x00000000c7e00000|  0%| F|  |TAMS 0x00000000c7d00000| PB 0x00000000c7d00000| Untracked 
|  78|0x00000000c7e00000, 0x00000000c7e00000, 0x00000000c7f00000|  0%| F|  |TAMS 0x00000000c7e00000| PB 0x00000000c7e00000| Untracked 
|  79|0x00000000c7f00000, 0x00000000c7f00000, 0x00000000c8000000|  0%| F|  |TAMS 0x00000000c7f00000| PB 0x00000000c7f00000| Untracked 
|  80|0x00000000c8000000, 0x00000000c8000000, 0x00000000c8100000|  0%| F|  |TAMS 0x00000000c8000000| PB 0x00000000c8000000| Untracked 
|  81|0x00000000c8100000, 0x00000000c8100000, 0x00000000c8200000|  0%| F|  |TAMS 0x00000000c8100000| PB 0x00000000c8100000| Untracked 
|  82|0x00000000c8200000, 0x00000000c8200000, 0x00000000c8300000|  0%| F|  |TAMS 0x00000000c8200000| PB 0x00000000c8200000| Untracked 
|  83|0x00000000c8300000, 0x00000000c8300000, 0x00000000c8400000|  0%| F|  |TAMS 0x00000000c8300000| PB 0x00000000c8300000| Untracked 
|  84|0x00000000c8400000, 0x00000000c8400000, 0x00000000c8500000|  0%| F|  |TAMS 0x00000000c8400000| PB 0x00000000c8400000| Untracked 
|  85|0x00000000c8500000, 0x00000000c8500000, 0x00000000c8600000|  0%| F|  |TAMS 0x00000000c8500000| PB 0x00000000c8500000| Untracked 
|  86|0x00000000c8600000, 0x00000000c8600000, 0x00000000c8700000|  0%| F|  |TAMS 0x00000000c8600000| PB 0x00000000c8600000| Untracked 

Card table byte_map: [0x000001b1fdf30000,0x000001b1fe120000] _byte_map_base: 0x000001b1fd918000

Marking Bits: (CMBitMap*) 0x000001b1fdbbede0
 Bits: [0x000001b1fe120000, 0x000001b1ff060000)

Polling page: 0x000001b1fbb70000

Metaspace:

Usage:
  Non-class:     56.48 MB used.
      Class:      9.14 MB used.
       Both:     65.61 MB used.

Virtual space:
  Non-class space:       64.00 MB reserved,      57.00 MB ( 89%) committed,  1 nodes.
      Class space:        1.00 GB reserved,       9.50 MB ( <1%) committed,  1 nodes.
             Both:        1.06 GB reserved,      66.50 MB (  6%) committed. 

Chunk freelists:
   Non-Class:  7.13 MB
       Class:  6.64 MB
        Both:  13.76 MB

MaxMetaspaceSize: unlimited
CompressedClassSpaceSize: 1.00 GB
Initial GC threshold: 21.00 MB
Current GC threshold: 110.62 MB
CDS: on
 - commit_granule_bytes: 65536.
 - commit_granule_words: 8192.
 - virtual_space_node_default_size: 8388608.
 - enlarge_chunks_in_place: 1.
 - use_allocation_guard: 0.


Internal statistics:

num_allocs_failed_limit: 9.
num_arena_births: 2338.
num_arena_deaths: 1572.
num_vsnodes_births: 2.
num_vsnodes_deaths: 0.
num_space_committed: 1066.
num_space_uncommitted: 2.
num_chunks_returned_to_freelist: 1964.
num_chunks_taken_from_freelist: 5325.
num_chunk_merges: 386.
num_chunk_splits: 3076.
num_chunks_enlarged: 2226.
num_inconsistent_stats: 0.

CodeCache: size=49152Kb used=15332Kb max_used=16981Kb free=33819Kb
 bounds [0x000001b1838d0000, 0x000001b184990000, 0x000001b1868d0000]
 total_blobs=8687 nmethods=7951 adapters=659
 compilation: enabled
              stopped_count=0, restarted_count=0
 full_count=0

Compilation events (20 events):
Event: 3461.252 Thread 0x000001b1d0d3d690 nmethod 15016 0x000001b1848d7710 code [0x000001b1848d7ce0, 0x000001b1848d9be0]
Event: 3461.253 Thread 0x000001b1ffada3e0 nmethod 15027 0x000001b1848d7210 code [0x000001b1848d73c0, 0x000001b1848d7630]
Event: 3461.350 Thread 0x000001b1d0d3d690 15028       1       sun.rmi.transport.StreamRemoteCall::<init> (35 bytes)
Event: 3461.350 Thread 0x000001b1d0d3d690 nmethod 15028 0x000001b1848d6e10 code [0x000001b1848d6fc0, 0x000001b1848d71a0]
Event: 3461.351 Thread 0x000001b1d0d3d690 15029       1       java.io.ObjectOutputStream::<init> (99 bytes)
Event: 3461.351 Thread 0x000001b1ffada3e0 15030       1       java.io.ObjectOutputStream::enableReplaceObject (47 bytes)
Event: 3461.351 Thread 0x000001b1ffada3e0 nmethod 15030 0x000001b1848d6b10 code [0x000001b1848d6ca0, 0x000001b1848d6dc8]
Event: 3461.352 Thread 0x000001b1d0d3d690 nmethod 15029 0x000001b1848d5f90 code [0x000001b1848d61e0, 0x000001b1848d6888]
Event: 3461.453 Thread 0x000001b1d0d3d690 15031       1       sun.rmi.server.UnicastServerRef::lambda$unmarshalCustomCallData$3 (10 bytes)
Event: 3461.453 Thread 0x000001b1d0d3d690 nmethod 15031 0x000001b1848d5c10 code [0x000001b1848d5dc0, 0x000001b1848d5ec0]
Event: 3461.661 Thread 0x000001b1d0d3d690 15032   !   1       sun.rmi.server.UnicastServerRef::dispatch (492 bytes)
Event: 3461.673 Thread 0x000001b1d0d3d690 nmethod 15032 0x000001b1848d1c10 code [0x000001b1848d2180, 0x000001b1848d3ae0]
Event: 3461.766 Thread 0x000001b1d0d3d690 15033       1       java.security.Permission::getName (5 bytes)
Event: 3461.766 Thread 0x000001b1ffada3e0 15034       1       java.security.PermissionCollection::<init> (5 bytes)
Event: 3461.766 Thread 0x000001b1ffada3e0 nmethod 15034 0x000001b1848d1910 code [0x000001b1848d1aa0, 0x000001b1848d1b68]
Event: 3461.766 Thread 0x000001b1d0d3d690 nmethod 15033 0x000001b1848d1610 code [0x000001b1848d17a0, 0x000001b1848d1868]
Event: 3506.108 Thread 0x000001b1ffada3e0 15035       1       java.io.ObjectInputStream$FieldValues::defaultSetFieldValues (39 bytes)
Event: 3506.115 Thread 0x000001b1ffada3e0 nmethod 15035 0x000001b1848d1190 code [0x000001b1848d1340, 0x000001b1848d14b8]
Event: 3583.253 Thread 0x000001b1ffada3e0 15036       1       java.lang.ClassValue$ClassValueMap::addToCache (92 bytes)
Event: 3583.259 Thread 0x000001b1ffada3e0 nmethod 15036 0x000001b183b32b90 code [0x000001b183b32da0, 0x000001b183b33510]

GC Heap History (20 events):
Event: 2998.387 GC heap after
{Heap after GC invocations=104 (full 5):
 garbage-first heap   total 102400K, used 33750K [0x00000000c3000000, 0x0000000100000000)
  region size 1024K, 3 young (3072K), 3 survivors (3072K)
 Metaspace       used 67172K, committed 67968K, reserved 1114112K
  class space    used 9383K, committed 9728K, reserved 1048576K
}
Event: 3427.726 GC heap before
{Heap before GC invocations=105 (full 5):
 garbage-first heap   total 102400K, used 65494K [0x00000000c3000000, 0x0000000100000000)
  region size 1024K, 35 young (35840K), 3 survivors (3072K)
 Metaspace       used 67009K, committed 67968K, reserved 1114112K
  class space    used 9341K, committed 9728K, reserved 1048576K
}
Event: 3429.682 GC heap after
{Heap after GC invocations=106 (full 6):
 garbage-first heap   total 89088K, used 24687K [0x00000000c3000000, 0x0000000100000000)
  region size 1024K, 0 young (0K), 0 survivors (0K)
 Metaspace       used 66998K, committed 67968K, reserved 1114112K
  class space    used 9338K, committed 9728K, reserved 1048576K
}
Event: 3456.839 GC heap before
{Heap before GC invocations=106 (full 6):
 garbage-first heap   total 89088K, used 75887K [0x00000000c3000000, 0x0000000100000000)
  region size 1024K, 51 young (52224K), 0 survivors (0K)
 Metaspace       used 67204K, committed 67968K, reserved 1114112K
  class space    used 9383K, committed 9728K, reserved 1048576K
}
Event: 3456.855 GC heap after
{Heap after GC invocations=107 (full 6):
 garbage-first heap   total 89088K, used 30405K [0x00000000c3000000, 0x0000000100000000)
  region size 1024K, 6 young (6144K), 6 survivors (6144K)
 Metaspace       used 67204K, committed 67968K, reserved 1114112K
  class space    used 9383K, committed 9728K, reserved 1048576K
}
Event: 3515.495 GC heap before
{Heap before GC invocations=108 (full 6):
 garbage-first heap   total 89088K, used 75461K [0x00000000c3000000, 0x0000000100000000)
  region size 1024K, 50 young (51200K), 6 survivors (6144K)
 Metaspace       used 67417K, committed 68160K, reserved 1114112K
  class space    used 9409K, committed 9728K, reserved 1048576K
}
Event: 3516.034 GC heap after
{Heap after GC invocations=109 (full 6):
 garbage-first heap   total 89088K, used 33892K [0x00000000c3000000, 0x0000000100000000)
  region size 1024K, 5 young (5120K), 5 survivors (5120K)
 Metaspace       used 67417K, committed 68160K, reserved 1114112K
  class space    used 9409K, committed 9728K, reserved 1048576K
}
Event: 3517.209 GC heap before
{Heap before GC invocations=109 (full 6):
 garbage-first heap   total 89088K, used 34916K [0x00000000c3000000, 0x0000000100000000)
  region size 1024K, 6 young (6144K), 5 survivors (5120K)
 Metaspace       used 67417K, committed 68160K, reserved 1114112K
  class space    used 9409K, committed 9728K, reserved 1048576K
}
Event: 3517.286 GC heap after
{Heap after GC invocations=110 (full 6):
 garbage-first heap   total 89088K, used 33695K [0x00000000c3000000, 0x0000000100000000)
  region size 1024K, 1 young (1024K), 1 survivors (1024K)
 Metaspace       used 67417K, committed 68160K, reserved 1114112K
  class space    used 9409K, committed 9728K, reserved 1048576K
}
Event: 3551.363 GC heap before
{Heap before GC invocations=110 (full 6):
 garbage-first heap   total 89088K, used 75679K [0x00000000c3000000, 0x0000000100000000)
  region size 1024K, 42 young (43008K), 1 survivors (1024K)
 Metaspace       used 67417K, committed 68160K, reserved 1114112K
  class space    used 9409K, committed 9728K, reserved 1048576K
}
Event: 3551.379 GC heap after
{Heap after GC invocations=111 (full 6):
 garbage-first heap   total 89088K, used 35699K [0x00000000c3000000, 0x0000000100000000)
  region size 1024K, 3 young (3072K), 3 survivors (3072K)
 Metaspace       used 67417K, committed 68160K, reserved 1114112K
  class space    used 9409K, committed 9728K, reserved 1048576K
}
Event: 3551.492 GC heap before
{Heap before GC invocations=111 (full 6):
 garbage-first heap   total 89088K, used 76659K [0x00000000c3000000, 0x0000000100000000)
  region size 1024K, 43 young (44032K), 3 survivors (3072K)
 Metaspace       used 67417K, committed 68160K, reserved 1114112K
  class space    used 9409K, committed 9728K, reserved 1048576K
}
Event: 3551.496 GC heap after
{Heap after GC invocations=112 (full 6):
 garbage-first heap   total 89088K, used 35629K [0x00000000c3000000, 0x0000000100000000)
  region size 1024K, 3 young (3072K), 3 survivors (3072K)
 Metaspace       used 67417K, committed 68160K, reserved 1114112K
  class space    used 9409K, committed 9728K, reserved 1048576K
}
Event: 3566.982 GC heap before
{Heap before GC invocations=112 (full 6):
 garbage-first heap   total 89088K, used 78637K [0x00000000c3000000, 0x0000000100000000)
  region size 1024K, 45 young (46080K), 3 survivors (3072K)
 Metaspace       used 67417K, committed 68160K, reserved 1114112K
  class space    used 9409K, committed 9728K, reserved 1048576K
}
Event: 3568.319 GC heap after
{Heap after GC invocations=113 (full 6):
 garbage-first heap   total 89088K, used 37684K [0x00000000c3000000, 0x0000000100000000)
  region size 1024K, 5 young (5120K), 5 survivors (5120K)
 Metaspace       used 67417K, committed 68160K, reserved 1114112K
  class space    used 9409K, committed 9728K, reserved 1048576K
}
Event: 3579.656 GC heap before
{Heap before GC invocations=114 (full 6):
 garbage-first heap   total 89088K, used 71476K [0x00000000c3000000, 0x0000000100000000)
  region size 1024K, 38 young (38912K), 5 survivors (5120K)
 Metaspace       used 67186K, committed 68096K, reserved 1114112K
  class space    used 9355K, committed 9728K, reserved 1048576K
}
Event: 3580.408 GC heap after
{Heap after GC invocations=115 (full 6):
 garbage-first heap   total 89088K, used 37539K [0x00000000c3000000, 0x0000000100000000)
  region size 1024K, 3 young (3072K), 3 survivors (3072K)
 Metaspace       used 67186K, committed 68096K, reserved 1114112K
  class space    used 9355K, committed 9728K, reserved 1048576K
}
Event: 3580.421 GC heap before
{Heap before GC invocations=115 (full 6):
 garbage-first heap   total 89088K, used 38563K [0x00000000c3000000, 0x0000000100000000)
  region size 1024K, 4 young (4096K), 3 survivors (3072K)
 Metaspace       used 67186K, committed 68096K, reserved 1114112K
  class space    used 9355K, committed 9728K, reserved 1048576K
}
Event: 3580.427 GC heap after
{Heap after GC invocations=116 (full 6):
 garbage-first heap   total 89088K, used 36407K [0x00000000c3000000, 0x0000000100000000)
  region size 1024K, 1 young (1024K), 1 survivors (1024K)
 Metaspace       used 67186K, committed 68096K, reserved 1114112K
  class space    used 9355K, committed 9728K, reserved 1048576K
}
Event: 3602.161 GC heap before
{Heap before GC invocations=116 (full 6):
 garbage-first heap   total 89088K, used 64055K [0x00000000c3000000, 0x0000000100000000)
  region size 1024K, 28 young (28672K), 1 survivors (1024K)
 Metaspace       used 67189K, committed 68096K, reserved 1114112K
  class space    used 9356K, committed 9728K, reserved 1048576K
}

Dll operation events (11 events):
Event: 0.041 Loaded shared library C:\Spring Boot\spring-tool-suite-4-4.29.1.RELEASE-e4.35.0-win32.win32.x86_64\sts-4.29.1.RELEASE\plugins\org.eclipse.justj.openjdk.hotspot.jre.full.win32.x86_64_21.0.6.v20250130-0529\jre\bin\java.dll
Event: 0.132 Loaded shared library C:\Spring Boot\spring-tool-suite-4-4.29.1.RELEASE-e4.35.0-win32.win32.x86_64\sts-4.29.1.RELEASE\plugins\org.eclipse.justj.openjdk.hotspot.jre.full.win32.x86_64_21.0.6.v20250130-0529\jre\bin\zip.dll
Event: 0.385 Loaded shared library C:\Spring Boot\spring-tool-suite-4-4.29.1.RELEASE-e4.35.0-win32.win32.x86_64\sts-4.29.1.RELEASE\plugins\org.eclipse.justj.openjdk.hotspot.jre.full.win32.x86_64_21.0.6.v20250130-0529\jre\bin\jimage.dll
Event: 0.412 Loaded shared library C:\Spring Boot\spring-tool-suite-4-4.29.1.RELEASE-e4.35.0-win32.win32.x86_64\sts-4.29.1.RELEASE\plugins\org.eclipse.justj.openjdk.hotspot.jre.full.win32.x86_64_21.0.6.v20250130-0529\jre\bin\net.dll
Event: 0.423 Loaded shared library C:\Spring Boot\spring-tool-suite-4-4.29.1.RELEASE-e4.35.0-win32.win32.x86_64\sts-4.29.1.RELEASE\plugins\org.eclipse.justj.openjdk.hotspot.jre.full.win32.x86_64_21.0.6.v20250130-0529\jre\bin\nio.dll
Event: 0.431 Loaded shared library C:\Spring Boot\spring-tool-suite-4-4.29.1.RELEASE-e4.35.0-win32.win32.x86_64\sts-4.29.1.RELEASE\plugins\org.eclipse.justj.openjdk.hotspot.jre.full.win32.x86_64_21.0.6.v20250130-0529\jre\bin\zip.dll
Event: 0.709 Loaded shared library C:\Spring Boot\spring-tool-suite-4-4.29.1.RELEASE-e4.35.0-win32.win32.x86_64\sts-4.29.1.RELEASE\plugins\org.eclipse.justj.openjdk.hotspot.jre.full.win32.x86_64_21.0.6.v20250130-0529\jre\bin\management.dll
Event: 0.761 Loaded shared library C:\Spring Boot\spring-tool-suite-4-4.29.1.RELEASE-e4.35.0-win32.win32.x86_64\sts-4.29.1.RELEASE\plugins\org.eclipse.justj.openjdk.hotspot.jre.full.win32.x86_64_21.0.6.v20250130-0529\jre\bin\management_ext.dll
Event: 1.329 Loaded shared library C:\Spring Boot\spring-tool-suite-4-4.29.1.RELEASE-e4.35.0-win32.win32.x86_64\sts-4.29.1.RELEASE\plugins\org.eclipse.justj.openjdk.hotspot.jre.full.win32.x86_64_21.0.6.v20250130-0529\jre\bin\extnet.dll
Event: 3.716 Loaded shared library C:\Spring Boot\spring-tool-suite-4-4.29.1.RELEASE-e4.35.0-win32.win32.x86_64\sts-4.29.1.RELEASE\plugins\org.eclipse.justj.openjdk.hotspot.jre.full.win32.x86_64_21.0.6.v20250130-0529\jre\bin\sunmscapi.dll
Event: 8.061 Loaded shared library C:\Spring Boot\spring-tool-suite-4-4.29.1.RELEASE-e4.35.0-win32.win32.x86_64\sts-4.29.1.RELEASE\plugins\org.eclipse.justj.openjdk.hotspot.jre.full.win32.x86_64_21.0.6.v20250130-0529\jre\bin\verify.dll

Deoptimization events (4 events):
Event: 32.763 Thread 0x000001b1d09fcc50 DEOPT PACKING pc=0x000001b1842e0e3c sp=0x00000030e35feb60
Event: 32.763 Thread 0x000001b1d0a612e0 DEOPT PACKING pc=0x000001b1842e0e3c sp=0x00000030e39feb00
Event: 32.763 Thread 0x000001b1d0a612e0 DEOPT UNPACKING pc=0x000001b183924e42 sp=0x00000030e39fdfb8 mode 0
Event: 32.763 Thread 0x000001b1d09fcc50 DEOPT UNPACKING pc=0x000001b183924e42 sp=0x00000030e35fe018 mode 0

Classes loaded (20 events):
Event: 128.417 Loading class javax/crypto/BadPaddingException
Event: 128.419 Loading class javax/crypto/BadPaddingException done
Event: 129.510 Loading class java/lang/ref/Finalizer$2
Event: 129.514 Loading class java/lang/ref/Finalizer$2 done
Event: 129.514 Loading class java/lang/ref/Finalizer$1
Event: 129.516 Loading class java/lang/ref/Finalizer$1 done
Event: 134.411 Loading class java/time/DurationEditor
Event: 134.411 Loading class java/time/DurationEditor done
Event: 185.923 Loading class java/time/DurationEditor
Event: 185.925 Loading class java/time/DurationEditor done
Event: 332.165 Loading class java/time/DurationEditor
Event: 332.166 Loading class java/time/DurationEditor done
Event: 880.318 Loading class jdk/internal/loader/BootLoader$PackageHelper
Event: 880.327 Loading class jdk/internal/loader/BootLoader$PackageHelper done
Event: 958.623 Loading class sun/net/ConnectionResetException
Event: 958.673 Loading class sun/net/ConnectionResetException done
Event: 1713.850 Loading class java/time/DurationEditor
Event: 1713.855 Loading class java/time/DurationEditor done
Event: 3456.870 Loading class java/time/DurationEditor
Event: 3456.871 Loading class java/time/DurationEditor done

Classes unloaded (20 events):
Event: 3568.492 Thread 0x000001b1ffaa6590 Unloading class 0x000001b18a963000 'java/lang/invoke/LambdaForm$MH+0x000001b18a963000'
Event: 3568.492 Thread 0x000001b1ffaa6590 Unloading class 0x000001b18a962400 'java/lang/invoke/LambdaForm$MH+0x000001b18a962400'
Event: 3568.492 Thread 0x000001b1ffaa6590 Unloading class 0x000001b18a95f000 'java/lang/invoke/LambdaForm$MH+0x000001b18a95f000'
Event: 3568.492 Thread 0x000001b1ffaa6590 Unloading class 0x000001b18a95e000 'java/lang/invoke/LambdaForm$MH+0x000001b18a95e000'
Event: 3568.492 Thread 0x000001b1ffaa6590 Unloading class 0x000001b18a95d400 'java/lang/invoke/LambdaForm$MH+0x000001b18a95d400'
Event: 3568.492 Thread 0x000001b1ffaa6590 Unloading class 0x000001b18a95d000 'java/lang/invoke/LambdaForm$MH+0x000001b18a95d000'
Event: 3568.492 Thread 0x000001b1ffaa6590 Unloading class 0x000001b18a959c00 'java/lang/invoke/LambdaForm$MH+0x000001b18a959c00'
Event: 3568.492 Thread 0x000001b1ffaa6590 Unloading class 0x000001b18a1c2c00 'java/lang/invoke/LambdaForm$MH+0x000001b18a1c2c00'
Event: 3568.492 Thread 0x000001b1ffaa6590 Unloading class 0x000001b18a25c000 'java/lang/invoke/LambdaForm$MH+0x000001b18a25c000'
Event: 3568.492 Thread 0x000001b1ffaa6590 Unloading class 0x000001b18a5a4400 'java/lang/invoke/LambdaForm$MH+0x000001b18a5a4400'
Event: 3568.492 Thread 0x000001b1ffaa6590 Unloading class 0x000001b18a7e8000 'java/lang/invoke/LambdaForm$MH+0x000001b18a7e8000'
Event: 3568.493 Thread 0x000001b1ffaa6590 Unloading class 0x000001b18a8b1000 'java/lang/invoke/LambdaForm$MH+0x000001b18a8b1000'
Event: 3568.493 Thread 0x000001b1ffaa6590 Unloading class 0x000001b18a005c00 'java/lang/invoke/LambdaForm$MH+0x000001b18a005c00'
Event: 3568.493 Thread 0x000001b1ffaa6590 Unloading class 0x000001b18a891000 'java/lang/invoke/LambdaForm$MH+0x000001b18a891000'
Event: 3568.493 Thread 0x000001b1ffaa6590 Unloading class 0x000001b18a7dbc00 'java/lang/invoke/LambdaForm$MH+0x000001b18a7dbc00'
Event: 3568.493 Thread 0x000001b1ffaa6590 Unloading class 0x000001b18a898000 'java/lang/invoke/LambdaForm$MH+0x000001b18a898000'
Event: 3568.493 Thread 0x000001b1ffaa6590 Unloading class 0x000001b18a3c8800 'java/lang/invoke/LambdaForm$MH+0x000001b18a3c8800'
Event: 3568.493 Thread 0x000001b1ffaa6590 Unloading class 0x000001b18a0c1c00 'java/lang/invoke/LambdaForm$MH+0x000001b18a0c1c00'
Event: 3568.494 Thread 0x000001b1ffaa6590 Unloading class 0x000001b18a8b0800 'java/lang/invoke/LambdaForm$MH+0x000001b18a8b0800'
Event: 3568.494 Thread 0x000001b1ffaa6590 Unloading class 0x000001b18a00a800 'java/lang/invoke/LambdaForm$MH+0x000001b18a00a800'

Classes redefined (0 events):
No events

Internal exceptions (20 events):
Event: 1875.164 Thread 0x000001b1d09f97d0 Exception <a 'java/io/IOException'{0x00000000c7a5a330}> (0x00000000c7a5a330) 
thrown [s\src\hotspot\share\prims\jni.cpp, line 520]
Event: 1885.163 Thread 0x000001b1d09f97d0 Exception <a 'java/io/IOException'{0x00000000c79d4c80}> (0x00000000c79d4c80) 
thrown [s\src\hotspot\share\prims\jni.cpp, line 520]
Event: 1895.504 Thread 0x000001b1d09f8420 Exception <a 'java/io/IOException'{0x00000000c771b8e0}> (0x00000000c771b8e0) 
thrown [s\src\hotspot\share\prims\jni.cpp, line 520]
Event: 1997.374 Thread 0x000001b1ce737d10 Exception <a 'java/net/SocketException'{0x00000000c70a1e30}: Connection reset by peer: shutdown> (0x00000000c70a1e30) 
thrown [s\src\hotspot\share\prims\jni.cpp, line 539]
Event: 3280.828 Thread 0x000001b1d09f5630 Exception <a 'java/lang/NoSuchMethodError'{0x00000000c80f89c0}: static [B.<clinit>()V> (0x00000000c80f89c0) 
thrown [s\src\hotspot\share\prims\jni.cpp, line 1111]
Event: 3425.990 Thread 0x000001b1d09f7070 Exception <a 'java/lang/InterruptedException'{0x00000000c75ff438}: sleep interrupted> (0x00000000c75ff438) 
thrown [s\src\hotspot\share\prims\jvm.cpp, line 3074]
Event: 3430.213 Thread 0x000001b1d0bbd350 Exception <a 'sun/nio/fs/WindowsException'{0x00000000c86fd370}> (0x00000000c86fd370) 
thrown [s\src\hotspot\share\prims\jni.cpp, line 520]
Event: 3434.833 Thread 0x000001b1d0bbd350 Exception <a 'java/lang/NoClassDefFoundError'{0x00000000c6dbf488}: org/flywaydb/core/Flyway> (0x00000000c6dbf488) 
thrown [s\src\hotspot\share\oops\constantPool.cpp, line 873]
Event: 3434.833 Thread 0x000001b1d0bbd350 Exception <a 'java/lang/NoClassDefFoundError'{0x00000000c6dbfae8}: liquibase/integration/spring/SpringLiquibase> (0x00000000c6dbfae8) 
thrown [s\src\hotspot\share\oops\constantPool.cpp, line 873]
Event: 3434.836 Thread 0x000001b1d0bbd350 Exception <a 'java/lang/NoClassDefFoundError'{0x00000000c6de7bf0}: org/jooq/DSLContext> (0x00000000c6de7bf0) 
thrown [s\src\hotspot\share\oops\constantPool.cpp, line 873]
Event: 3434.840 Thread 0x000001b1d0bbd350 Exception <a 'java/lang/NoClassDefFoundError'{0x00000000c6c39bf8}: org/springframework/batch/core/repository/JobRepository> (0x00000000c6c39bf8) 
thrown [s\src\hotspot\share\oops\constantPool.cpp, line 873]
Event: 3434.840 Thread 0x000001b1d0bbd350 Exception <a 'java/lang/NoClassDefFoundError'{0x00000000c6c3a250}: org/quartz/Scheduler> (0x00000000c6c3a250) 
thrown [s\src\hotspot\share\oops\constantPool.cpp, line 873]
Event: 3434.840 Thread 0x000001b1d0bbd350 Exception <a 'java/lang/NoClassDefFoundError'{0x00000000c6c3a8d0}: org/springframework/session/jdbc/JdbcIndexedSessionRepository> (0x00000000c6c3a8d0) 
thrown [s\src\hotspot\share\oops\constantPool.cpp, line 873]
Event: 3434.848 Thread 0x000001b1d0bbd350 Exception <a 'java/lang/NoSuchMethodError'{0x00000000c6cc7908}: 'void java.lang.invoke.DelegatingMethodHandle$Holder.reinvoke_L(java.lang.Object, java.lang.Object, int)'> (0x00000000c6cc7908) 
thrown [s\src\hotspot\share\interpreter\linkResolver.cpp, line 773]
Event: 3437.050 Thread 0x000001b1d0bbd350 Exception <a 'java/lang/NoSuchMethodError'{0x00000000c65a6858}: 'int java.lang.invoke.DirectMethodHandle$Holder.invokeVirtual(java.lang.Object, java.lang.Object, java.lang.Object, java.lang.Object)'> (0x00000000c65a6858) 
thrown [s\src\hotspot\share\interpreter\linkResolver.cpp, line 773]
Event: 3437.051 Thread 0x000001b1d0bbd350 Exception <a 'java/lang/NoSuchMethodError'{0x00000000c65a9e50}: 'int java.lang.invoke.DelegatingMethodHandle$Holder.reinvoke_L(java.lang.Object, java.lang.Object, java.lang.Object, java.lang.Object)'> (0x00000000c65a9e50) 
thrown [s\src\hotspot\share\interpreter\linkResolver.cpp, line 773]
Event: 3437.065 Thread 0x000001b1d0bbd350 Exception <a 'java/io/FileNotFoundException'{0x00000000c65f8bd8}> (0x00000000c65f8bd8) 
thrown [s\src\hotspot\share\prims\jni.cpp, line 520]
Event: 3437.540 Thread 0x000001b1d0bbd350 Exception <a 'java/io/FileNotFoundException'{0x00000000c63cc4b8}> (0x00000000c63cc4b8) 
thrown [s\src\hotspot\share\prims\jni.cpp, line 520]
Event: 3460.780 Thread 0x000001b1d09f7070 Exception <a 'java/lang/NoSuchMethodError'{0x00000000c7269be8}: static [B.<clinit>()V> (0x00000000c7269be8) 
thrown [s\src\hotspot\share\prims\jni.cpp, line 1111]
Event: 3460.780 Thread 0x000001b1d09f7d90 Exception <a 'java/lang/NoSuchMethodError'{0x00000000c7225c30}: static [B.<clinit>()V> (0x00000000c7225c30) 
thrown [s\src\hotspot\share\prims\jni.cpp, line 1111]

ZGC Phase Switch (0 events):
No events

VM Operations (20 events):
Event: 3489.952 Executing VM operation: RendezvousGCThreads done
Event: 3515.494 Executing VM operation: G1CollectForAllocation (G1 Evacuation Pause)
Event: 3516.034 Executing VM operation: G1CollectForAllocation (G1 Evacuation Pause) done
Event: 3517.202 Executing VM operation: G1CollectForAllocation (G1 Evacuation Pause)
Event: 3517.286 Executing VM operation: G1CollectForAllocation (G1 Evacuation Pause) done
Event: 3551.362 Executing VM operation: G1CollectForAllocation (G1 Evacuation Pause)
Event: 3551.379 Executing VM operation: G1CollectForAllocation (G1 Evacuation Pause) done
Event: 3551.492 Executing VM operation: G1CollectForAllocation (G1 Evacuation Pause)
Event: 3551.496 Executing VM operation: G1CollectForAllocation (G1 Evacuation Pause) done
Event: 3566.982 Executing VM operation: G1CollectForAllocation (G1 Evacuation Pause)
Event: 3568.319 Executing VM operation: G1CollectForAllocation (G1 Evacuation Pause) done
Event: 3568.484 Executing VM operation: G1PauseRemark
Event: 3568.749 Executing VM operation: G1PauseRemark done
Event: 3568.817 Executing VM operation: G1PauseCleanup
Event: 3568.824 Executing VM operation: G1PauseCleanup done
Event: 3579.656 Executing VM operation: G1CollectForAllocation (G1 Evacuation Pause)
Event: 3580.408 Executing VM operation: G1CollectForAllocation (G1 Evacuation Pause) done
Event: 3580.421 Executing VM operation: G1CollectForAllocation (G1 Evacuation Pause)
Event: 3580.427 Executing VM operation: G1CollectForAllocation (G1 Evacuation Pause) done
Event: 3602.161 Executing VM operation: G1CollectForAllocation (G1 Evacuation Pause)

Memory protections (0 events):
No events

Nmethod flushes (20 events):
Event: 3568.740 Thread 0x000001b1ffaa6590 flushing  nmethod 0x000001b184624b90
Event: 3568.740 Thread 0x000001b1ffaa6590 flushing  nmethod 0x000001b184626d90
Event: 3568.740 Thread 0x000001b1ffaa6590 flushing  nmethod 0x000001b184674f10
Event: 3568.740 Thread 0x000001b1ffaa6590 flushing  nmethod 0x000001b18467bf10
Event: 3568.740 Thread 0x000001b1ffaa6590 flushing  nmethod 0x000001b18467d690
Event: 3568.740 Thread 0x000001b1ffaa6590 flushing  nmethod 0x000001b18467da10
Event: 3568.740 Thread 0x000001b1ffaa6590 flushing  nmethod 0x000001b18467dd10
Event: 3568.740 Thread 0x000001b1ffaa6590 flushing  nmethod 0x000001b18467e410
Event: 3568.740 Thread 0x000001b1ffaa6590 flushing  nmethod 0x000001b18467f610
Event: 3568.740 Thread 0x000001b1ffaa6590 flushing  nmethod 0x000001b18467fa10
Event: 3568.740 Thread 0x000001b1ffaa6590 flushing  nmethod 0x000001b184680410
Event: 3568.740 Thread 0x000001b1ffaa6590 flushing  nmethod 0x000001b1846c0b90
Event: 3568.740 Thread 0x000001b1ffaa6590 flushing  nmethod 0x000001b1846c0e90
Event: 3568.740 Thread 0x000001b1ffaa6590 flushing  nmethod 0x000001b18471f810
Event: 3568.740 Thread 0x000001b1ffaa6590 flushing  nmethod 0x000001b184725e10
Event: 3568.740 Thread 0x000001b1ffaa6590 flushing  nmethod 0x000001b184726110
Event: 3568.740 Thread 0x000001b1ffaa6590 flushing  nmethod 0x000001b18474ec10
Event: 3568.740 Thread 0x000001b1ffaa6590 flushing  nmethod 0x000001b184750890
Event: 3568.740 Thread 0x000001b1ffaa6590 flushing  nmethod 0x000001b1847cc990
Event: 3568.740 Thread 0x000001b1ffaa6590 flushing  nmethod 0x000001b1847cd010

Events (20 events):
Event: 3457.650 Thread 0x000001b1d0bbd350 Thread added: 0x000001b1d09f9e60
Event: 3457.651 Thread 0x000001b1d0bbd350 Thread added: 0x000001b1d09fa4f0
Event: 3457.651 Thread 0x000001b1d0bbd350 Thread added: 0x000001b1d09f6350
Event: 3457.651 Thread 0x000001b1d0bbd350 Thread added: 0x000001b1d09f69e0
Event: 3457.651 Thread 0x000001b1d0bbd350 Thread added: 0x000001b1d09fab80
Event: 3459.968 Thread 0x000001b1d0bbd350 Thread added: 0x000001b1d09fb210
Event: 3459.969 Thread 0x000001b1d0bbd350 Thread added: 0x000001b1d09f97d0
Event: 3460.581 Thread 0x000001b1d0bbd350 Thread exited: 0x000001b1d0bbd350
Event: 3460.581 Thread 0x000001b1d0bbccc0 Thread exited: 0x000001b1d0bbccc0
Event: 3460.703 Thread 0x000001b1ce1a12a0 Thread added: 0x000001b1d09fb8a0
Event: 3460.759 Thread 0x000001b1ce1269d0 Thread added: 0x000001b1d09f7d90
Event: 3460.762 Thread 0x000001b1ce1269d0 Thread added: 0x000001b1d09f7070
Event: 3460.768 Thread 0x000001b1d09f7070 Thread added: 0x000001b1d09fbf30
Event: 3460.786 Thread 0x000001b1d09f7d90 Thread added: 0x000001b1d09fcc50
Event: 3460.814 Thread 0x000001b1d09fbf30 Thread exited: 0x000001b1d09fbf30
Event: 3461.869 Thread 0x000001b1d09fcc50 Thread exited: 0x000001b1d09fcc50
Event: 3466.766 Thread 0x000001b1d0d3d690 Thread exited: 0x000001b1d0d3d690
Event: 3537.283 Thread 0x000001b1d09fb8a0 Thread exited: 0x000001b1d09fb8a0
Event: 3537.292 Thread 0x000001b1d09f5630 Thread exited: 0x000001b1d09f5630
Event: 3537.293 Thread 0x000001b1d09f7070 Thread exited: 0x000001b1d09f7070


Dynamic libraries:
0x00007ff6e5720000 - 0x00007ff6e572e000 	C:\Spring Boot\spring-tool-suite-4-4.29.1.RELEASE-e4.35.0-win32.win32.x86_64\sts-4.29.1.RELEASE\plugins\org.eclipse.justj.openjdk.hotspot.jre.full.win32.x86_64_21.0.6.v20250130-0529\jre\bin\javaw.exe
0x00007ffe916f0000 - 0x00007ffe91907000 	C:\WINDOWS\SYSTEM32\ntdll.dll
0x00007ffe48ce0000 - 0x00007ffe48cfb000 	C:\Program Files\Avast Software\Avast\aswhook.dll
0x00007ffe90a00000 - 0x00007ffe90ac4000 	C:\WINDOWS\System32\KERNEL32.DLL
0x00007ffe8ed80000 - 0x00007ffe8f153000 	C:\WINDOWS\System32\KERNELBASE.dll
0x00007ffe8e820000 - 0x00007ffe8e931000 	C:\WINDOWS\System32\ucrtbase.dll
0x00007ffe48050000 - 0x00007ffe4806e000 	C:\Spring Boot\spring-tool-suite-4-4.29.1.RELEASE-e4.35.0-win32.win32.x86_64\sts-4.29.1.RELEASE\plugins\org.eclipse.justj.openjdk.hotspot.jre.full.win32.x86_64_21.0.6.v20250130-0529\jre\bin\VCRUNTIME140.dll
0x00007ffe55e40000 - 0x00007ffe55e58000 	C:\Spring Boot\spring-tool-suite-4-4.29.1.RELEASE-e4.35.0-win32.win32.x86_64\sts-4.29.1.RELEASE\plugins\org.eclipse.justj.openjdk.hotspot.jre.full.win32.x86_64_21.0.6.v20250130-0529\jre\bin\jli.dll
0x00007ffe910c0000 - 0x00007ffe91271000 	C:\WINDOWS\System32\USER32.dll
0x00007ffe8e7f0000 - 0x00007ffe8e816000 	C:\WINDOWS\System32\win32u.dll
0x00007ffe72580000 - 0x00007ffe7281b000 	C:\WINDOWS\WinSxS\amd64_microsoft.windows.common-controls_6595b64144ccf1df_6.0.22621.5262_none_2712bde373830908\COMCTL32.dll
0x00007ffe90650000 - 0x00007ffe906f7000 	C:\WINDOWS\System32\msvcrt.dll
0x00007ffe91280000 - 0x00007ffe912a9000 	C:\WINDOWS\System32\GDI32.dll
0x00007ffe8ebd0000 - 0x00007ffe8ecf2000 	C:\WINDOWS\System32\gdi32full.dll
0x00007ffe8e9f0000 - 0x00007ffe8ea8a000 	C:\WINDOWS\System32\msvcp_win.dll
0x00007ffe8fdb0000 - 0x00007ffe8fde1000 	C:\WINDOWS\System32\IMM32.DLL
0x00007ffe60950000 - 0x00007ffe6095c000 	C:\Spring Boot\spring-tool-suite-4-4.29.1.RELEASE-e4.35.0-win32.win32.x86_64\sts-4.29.1.RELEASE\plugins\org.eclipse.justj.openjdk.hotspot.jre.full.win32.x86_64_21.0.6.v20250130-0529\jre\bin\vcruntime140_1.dll
0x00007ffe33bf0000 - 0x00007ffe33c7d000 	C:\Spring Boot\spring-tool-suite-4-4.29.1.RELEASE-e4.35.0-win32.win32.x86_64\sts-4.29.1.RELEASE\plugins\org.eclipse.justj.openjdk.hotspot.jre.full.win32.x86_64_21.0.6.v20250130-0529\jre\bin\msvcp140.dll
0x00007ffdcddf0000 - 0x00007ffdceb80000 	C:\Spring Boot\spring-tool-suite-4-4.29.1.RELEASE-e4.35.0-win32.win32.x86_64\sts-4.29.1.RELEASE\plugins\org.eclipse.justj.openjdk.hotspot.jre.full.win32.x86_64_21.0.6.v20250130-0529\jre\bin\server\jvm.dll
0x00007ffe90370000 - 0x00007ffe90421000 	C:\WINDOWS\System32\ADVAPI32.dll
0x00007ffe8fc70000 - 0x00007ffe8fd17000 	C:\WINDOWS\System32\sechost.dll
0x00007ffe8e9c0000 - 0x00007ffe8e9e8000 	C:\WINDOWS\System32\bcrypt.dll
0x00007ffe913a0000 - 0x00007ffe914b4000 	C:\WINDOWS\System32\RPCRT4.dll
0x00007ffe912b0000 - 0x00007ffe91321000 	C:\WINDOWS\System32\WS2_32.dll
0x00007ffe8e6c0000 - 0x00007ffe8e70d000 	C:\WINDOWS\SYSTEM32\POWRPROF.dll
0x00007ffe86a20000 - 0x00007ffe86a54000 	C:\WINDOWS\SYSTEM32\WINMM.dll
0x00007ffe869b0000 - 0x00007ffe869ba000 	C:\WINDOWS\SYSTEM32\VERSION.dll
0x00007ffe8e6a0000 - 0x00007ffe8e6b3000 	C:\WINDOWS\SYSTEM32\UMPDC.dll
0x00007ffe8d830000 - 0x00007ffe8d848000 	C:\WINDOWS\SYSTEM32\kernel.appcore.dll
0x00007ffde83a0000 - 0x00007ffde83aa000 	C:\Spring Boot\spring-tool-suite-4-4.29.1.RELEASE-e4.35.0-win32.win32.x86_64\sts-4.29.1.RELEASE\plugins\org.eclipse.justj.openjdk.hotspot.jre.full.win32.x86_64_21.0.6.v20250130-0529\jre\bin\jimage.dll
0x00007ffe8c290000 - 0x00007ffe8c4c2000 	C:\WINDOWS\SYSTEM32\DBGHELP.DLL
0x00007ffe8ff20000 - 0x00007ffe902b3000 	C:\WINDOWS\System32\combase.dll
0x00007ffe8fdf0000 - 0x00007ffe8fec7000 	C:\WINDOWS\System32\OLEAUT32.dll
0x00007ffe81ff0000 - 0x00007ffe82022000 	C:\WINDOWS\SYSTEM32\dbgcore.DLL
0x00007ffe8e940000 - 0x00007ffe8e9bb000 	C:\WINDOWS\System32\bcryptPrimitives.dll
0x00007ffdd3c40000 - 0x00007ffdd3c5f000 	C:\Spring Boot\spring-tool-suite-4-4.29.1.RELEASE-e4.35.0-win32.win32.x86_64\sts-4.29.1.RELEASE\plugins\org.eclipse.justj.openjdk.hotspot.jre.full.win32.x86_64_21.0.6.v20250130-0529\jre\bin\java.dll
0x00007ffe8f390000 - 0x00007ffe8fc2d000 	C:\WINDOWS\System32\SHELL32.dll
0x00007ffe8ea90000 - 0x00007ffe8ebcf000 	C:\WINDOWS\System32\wintypes.dll
0x00007ffe8c730000 - 0x00007ffe8d04d000 	C:\WINDOWS\SYSTEM32\windows.storage.dll
0x00007ffe91540000 - 0x00007ffe9164b000 	C:\WINDOWS\System32\SHCORE.dll
0x00007ffe90430000 - 0x00007ffe90496000 	C:\WINDOWS\System32\shlwapi.dll
0x00007ffe8e720000 - 0x00007ffe8e74b000 	C:\WINDOWS\SYSTEM32\profapi.dll
0x00007ffdd3c20000 - 0x00007ffdd3c38000 	C:\Spring Boot\spring-tool-suite-4-4.29.1.RELEASE-e4.35.0-win32.win32.x86_64\sts-4.29.1.RELEASE\plugins\org.eclipse.justj.openjdk.hotspot.jre.full.win32.x86_64_21.0.6.v20250130-0529\jre\bin\zip.dll
0x00007ffde8390000 - 0x00007ffde83a0000 	C:\Spring Boot\spring-tool-suite-4-4.29.1.RELEASE-e4.35.0-win32.win32.x86_64\sts-4.29.1.RELEASE\plugins\org.eclipse.justj.openjdk.hotspot.jre.full.win32.x86_64_21.0.6.v20250130-0529\jre\bin\net.dll
0x00007ffe86c90000 - 0x00007ffe86dbc000 	C:\WINDOWS\SYSTEM32\WINHTTP.dll
0x00007ffe8dcb0000 - 0x00007ffe8dd1a000 	C:\WINDOWS\system32\mswsock.dll
0x00007ffdd3c00000 - 0x00007ffdd3c16000 	C:\Spring Boot\spring-tool-suite-4-4.29.1.RELEASE-e4.35.0-win32.win32.x86_64\sts-4.29.1.RELEASE\plugins\org.eclipse.justj.openjdk.hotspot.jre.full.win32.x86_64_21.0.6.v20250130-0529\jre\bin\nio.dll
0x00007ffe6f770000 - 0x00007ffe6f77a000 	C:\Spring Boot\spring-tool-suite-4-4.29.1.RELEASE-e4.35.0-win32.win32.x86_64\sts-4.29.1.RELEASE\plugins\org.eclipse.justj.openjdk.hotspot.jre.full.win32.x86_64_21.0.6.v20250130-0529\jre\bin\management.dll
0x00007ffe6a210000 - 0x00007ffe6a21b000 	C:\Spring Boot\spring-tool-suite-4-4.29.1.RELEASE-e4.35.0-win32.win32.x86_64\sts-4.29.1.RELEASE\plugins\org.eclipse.justj.openjdk.hotspot.jre.full.win32.x86_64_21.0.6.v20250130-0529\jre\bin\management_ext.dll
0x00007ffe8fc40000 - 0x00007ffe8fc48000 	C:\WINDOWS\System32\PSAPI.DLL
0x00007ffe65110000 - 0x00007ffe65127000 	C:\WINDOWS\system32\napinsp.dll
0x00007ffe650f0000 - 0x00007ffe6510b000 	C:\WINDOWS\system32\pnrpnsp.dll
0x00007ffe8d410000 - 0x00007ffe8d508000 	C:\WINDOWS\SYSTEM32\DNSAPI.dll
0x00007ffe8d2b0000 - 0x00007ffe8d2dd000 	C:\WINDOWS\SYSTEM32\IPHLPAPI.DLL
0x00007ffe90f50000 - 0x00007ffe90f59000 	C:\WINDOWS\System32\NSI.dll
0x00007ffe650d0000 - 0x00007ffe650e1000 	C:\WINDOWS\System32\winrnr.dll
0x00007ffe64f50000 - 0x00007ffe64f65000 	C:\WINDOWS\system32\wshbth.dll
0x00007ffe64f20000 - 0x00007ffe64f41000 	C:\WINDOWS\system32\nlansp_c.dll
0x00007ffe6e620000 - 0x00007ffe6e62a000 	C:\Windows\System32\rasadhlp.dll
0x00007ffe84270000 - 0x00007ffe842f3000 	C:\WINDOWS\System32\fwpuclnt.dll
0x00007ffe8df00000 - 0x00007ffe8df1b000 	C:\WINDOWS\SYSTEM32\CRYPTSP.dll
0x00007ffe8d790000 - 0x00007ffe8d7c7000 	C:\WINDOWS\system32\rsaenh.dll
0x00007ffe8dda0000 - 0x00007ffe8ddc8000 	C:\WINDOWS\SYSTEM32\USERENV.dll
0x00007ffe8df20000 - 0x00007ffe8df2c000 	C:\WINDOWS\SYSTEM32\CRYPTBASE.dll
0x00007ffe71a50000 - 0x00007ffe71a59000 	C:\Spring Boot\spring-tool-suite-4-4.29.1.RELEASE-e4.35.0-win32.win32.x86_64\sts-4.29.1.RELEASE\plugins\org.eclipse.justj.openjdk.hotspot.jre.full.win32.x86_64_21.0.6.v20250130-0529\jre\bin\extnet.dll
0x00007ffe86770000 - 0x00007ffe8677e000 	C:\Spring Boot\spring-tool-suite-4-4.29.1.RELEASE-e4.35.0-win32.win32.x86_64\sts-4.29.1.RELEASE\plugins\org.eclipse.justj.openjdk.hotspot.jre.full.win32.x86_64_21.0.6.v20250130-0529\jre\bin\sunmscapi.dll
0x00007ffe8f160000 - 0x00007ffe8f2c7000 	C:\WINDOWS\System32\CRYPT32.dll
0x00007ffe8e0c0000 - 0x00007ffe8e0ed000 	C:\WINDOWS\SYSTEM32\ncrypt.dll
0x00007ffe8e080000 - 0x00007ffe8e0b7000 	C:\WINDOWS\SYSTEM32\NTASN1.dll
0x00007ffe48070000 - 0x00007ffe48080000 	C:\Spring Boot\spring-tool-suite-4-4.29.1.RELEASE-e4.35.0-win32.win32.x86_64\sts-4.29.1.RELEASE\plugins\org.eclipse.justj.openjdk.hotspot.jre.full.win32.x86_64_21.0.6.v20250130-0529\jre\bin\verify.dll
0x00007ffe3c950000 - 0x00007ffe3c958000 	C:\WINDOWS\system32\wshunix.dll

dbghelp: loaded successfully - version: 4.0.5 - missing functions: none
symbol engine: initialized successfully - sym options: 0x614 - pdb path: .;C:\Spring Boot\spring-tool-suite-4-4.29.1.RELEASE-e4.35.0-win32.win32.x86_64\sts-4.29.1.RELEASE\plugins\org.eclipse.justj.openjdk.hotspot.jre.full.win32.x86_64_21.0.6.v20250130-0529\jre\bin;C:\WINDOWS\SYSTEM32;C:\Program Files\Avast Software\Avast;C:\WINDOWS\WinSxS\amd64_microsoft.windows.common-controls_6595b64144ccf1df_6.0.22621.5262_none_2712bde373830908;C:\Spring Boot\spring-tool-suite-4-4.29.1.RELEASE-e4.35.0-win32.win32.x86_64\sts-4.29.1.RELEASE\plugins\org.eclipse.justj.openjdk.hotspot.jre.full.win32.x86_64_21.0.6.v20250130-0529\jre\bin\server

VM Arguments:
jvm_args: -Dcom.sun.management.jmxremote -Dcom.sun.management.jmxremote.port=61387 -Dcom.sun.management.jmxremote.authenticate=false -Dcom.sun.management.jmxremote.ssl=false -Djava.rmi.server.hostname=localhost -Dspring.jmx.enabled=true -Dmanagement.endpoints.jmx.exposure.include=* -Dspring.application.admin.enabled=true -Dspring.output.ansi.enabled=always -XX:TieredStopAtLevel=1 -Dspring.boot.project.name=smartContactManager -Dfile.encoding=UTF-8 -Dstdout.encoding=UTF-8 -Dstderr.encoding=UTF-8 -XX:+ShowCodeDetailsInExceptionMessages 
java_command: com.smart.SmartContactManagerApplication
java_class_path (initial): C:\Users\Ankit Agarwal\Documents\workspace-spring-tool-suite-4-4.29.1.RELEASE\smartContactManager\target\classes;C:\Users\Ankit Agarwal\.m2\repository\org\springframework\boot\spring-boot-starter-data-jpa\3.4.5\spring-boot-starter-data-jpa-3.4.5.jar;C:\Users\Ankit Agarwal\.m2\repository\org\springframework\boot\spring-boot-starter\3.4.5\spring-boot-starter-3.4.5.jar;C:\Users\Ankit Agarwal\.m2\repository\org\springframework\boot\spring-boot-starter-logging\3.4.5\spring-boot-starter-logging-3.4.5.jar;C:\Users\Ankit Agarwal\.m2\repository\ch\qos\logback\logback-classic\1.5.18\logback-classic-1.5.18.jar;C:\Users\Ankit Agarwal\.m2\repository\ch\qos\logback\logback-core\1.5.18\logback-core-1.5.18.jar;C:\Users\Ankit Agarwal\.m2\repository\org\apache\logging\log4j\log4j-to-slf4j\2.24.3\log4j-to-slf4j-2.24.3.jar;C:\Users\Ankit Agarwal\.m2\repository\org\apache\logging\log4j\log4j-api\2.24.3\log4j-api-2.24.3.jar;C:\Users\Ankit Agarwal\.m2\repository\org\slf4j\jul-to-slf4j\2.0.17\jul-to-slf4j-2.0.17.jar;C:\Users\Ankit Agarwal\.m2\repository\jakarta\annotation\jakarta.annotation-api\2.1.1\jakarta.annotation-api-2.1.1.jar;C:\Users\Ankit Agarwal\.m2\repository\org\yaml\snakeyaml\2.3\snakeyaml-2.3.jar;C:\Users\Ankit Agarwal\.m2\repository\org\springframework\boot\spring-boot-starter-jdbc\3.4.5\spring-boot-starter-jdbc-3.4.5.jar;C:\Users\Ankit Agarwal\.m2\repository\com\zaxxer\HikariCP\5.1.0\HikariCP-5.1.0.jar;C:\Users\Ankit Agarwal\.m2\repository\org\springframework\spring-jdbc\6.2.6\spring-jdbc-6.2.6.jar;C:\Users\Ankit Agarwal\.m2\repository\org\hibernate\orm\hibernate-core\6.6.13.Final\hibernate-core-6.6.13.Final.jar;C:\Users\Ankit Agarwal\.m2\repository\jakarta\persistence\jakarta.persistence-api\3.1.0\jakarta.persistence-api-3.1.0.jar;C:\Users\Ankit Agarwal\.m2\repository\jakarta\transaction\jakarta.transaction-api\2.0.1\jakarta.transaction-api-2.0.1.jar;C:\Users\Ankit Agarwal\.m2\repository\org\jboss\logging\jboss-logging\3.6.1.Final\jboss-logging-3.6.1.Final.jar;C:\Users\Ankit Agarwal\.m2\repository\org\hibernate\common\hibernate-commons-annotations\7.0.3.Final\hibernate-commons-annotations-7.0.3.Final.jar;C:\Users\Ankit Agarwal\.m2\repository\io\smallrye\jandex\3.2.0\jandex-3.2.0.jar;C:\Users\Ankit Agarwal\.m2\repository\com\fasterxml\classmate\1.7.0\classmate-1.7.0.jar;C:\Users\Ankit Agarwal\.m2\repository\net\bytebuddy\byte-buddy\1.15.11\byte-buddy-1.15.11.jar;C:\Users\Ankit Agarwal\.m2\repository\org\glassfish\jaxb\jaxb-runtime\4.0.5\jaxb-runtime-4.0.5.jar;C:\Users\Ankit Agarwal\.m2\repository\org\glassfish\jaxb\jaxb-core\4.0.5\jaxb-core-4.0.5.jar;C:\Users\Ankit Agarwal\.m2\repository\org\eclipse\angus\angus-activation\2.0.2\angus-activation-2.0.2.jar;C:\Users\Ankit Agarwal\.m2\repository\org\glassfish\jaxb\txw2\4.0.5\txw2-4.0.5.jar;C:\Users\Ankit Agarwal\.m2\repository\com\sun\istack\istack-commons-runtime\4.1.2\istack-commons-runtime-4.1.2.jar;C:\Users\Ankit Agarwal\.m2\repository\jakarta\inject\jakarta.inject-api\2.0.1\jakarta.inject-api-2.0.1.jar;C:\Users\Ankit Agarwal\.m2\repository\org\antlr\antlr4-runtime\4.13.0\antlr4-runtime-4.13.0.jar;C:\Users\Ankit Agarwal\.m2\repository\org\springframework\data\spring-data-jpa\3.4.5\spring-data-jpa-3.4.5.jar;C:\Users\Ankit Agarwal\.m2\repository\org\springframework\data\spring-data-commons\3.4.5\spring-data-commons-3.4.5.jar;C:\Users\Ankit Agarwal\.m2\repository\org\springframework\spring-orm\6.2.6\spring-orm-6.2.6.jar;C:\Users\Ankit Agarwal\.m2\repository\org\springframework\spring-context\6.2.6\spring-context-6.2.6.jar;C:\Users\Ankit Agarwal\.m2\repository\org\springframework\spring-aop\6.2.6\spring-aop-6.2.6.jar;C:\Users\Ankit Agarwal\.m2\repository\org\springframework\spring-tx\6.2.6\spring-tx-6.2.6.jar;C:\Users\Ankit Agarwal\.m2\repository\org\springframework\spring-beans\6.2.6\spring-beans-6.2.6.jar;C:\Users\Ankit Agarwal\.m2\repository\org\slf4j\slf4j-api\2.0.17\slf4j-api-2.0.17.jar;C:\Users\Ankit Agarwal\.m2\repository\org\springframework\spring-aspects\6.2.6\spring-aspects-6.2.6.jar;C:\Users\Ankit Agarwal\.m2\repository\org\aspectj\aspectjweaver\1.9.24\aspectjweaver-1.9.24.jar;C:\Users\Ankit Agarwal\.m2\repository\org\springframework\boot\spring-boot-starter-thymeleaf\3.4.5\spring-boot-starter-thymeleaf-3.4.5.jar;C:\Users\Ankit Agarwal\.m2\repository\org\thymeleaf\thymeleaf-spring6\3.1.3.RELEASE\thymeleaf-spring6-3.1.3.RELEASE.jar;C:\Users\Ankit Agarwal\.m2\repository\org\thymeleaf\thymeleaf\3.1.3.RELEASE\thymeleaf-3.1.3.RELEASE.jar;C:\Users\Ankit Agarwal\.m2\repository\org\attoparser\attoparser\2.0.7.RELEASE\attoparser-2.0.7.RELEASE.jar;C:\Users\Ankit Agarwal\.m2\repository\org\unbescape\unbescape\1.1.6.RELEASE\unbescape-1.1.6.RELEASE.jar;C:\Users\Ankit Agarwal\.m2\repository\org\springframework\boot\spring-boot-starter-web\3.4.5\spring-boot-starter-web-3.4.5.jar;C:\Users\Ankit Agarwal\.m2\repository\org\springframework\boot\spring-boot-starter-json\3.4.5\spring-boot-starter-json-3.4.5.jar;C:\Users\Ankit Agarwal\.m2\repository\com\fasterxml\jackson\core\jackson-databind\2.18.3\jackson-databind-2.18.3.jar;C:\Users\Ankit Agarwal\.m2\repository\com\fasterxml\jackson\core\jackson-annotations\2.18.3\jackson-annotations-2.18.3.jar;C:\Users\Ankit Agarwal\.m2\repository\com\fasterxml\jackson\core\jackson-core\2.18.3\jackson-core-2.18.3.jar;C:\Users\Ankit Agarwal\.m2\repository\com\fasterxml\jackson\datatype\jackson-datatype-jdk8\2.18.3\jackson-datatype-jdk8-2.18.3.jar;C:\Users\Ankit Agarwal\.m2\repository\com\fasterxml\jackson\datatype\jackson-datatype-jsr310\2.18.3\jackson-datatype-jsr310-2.18.3.jar;C:\Users\Ankit Agarwal\.m2\repository\com\fasterxml\jackson\module\jackson-module-parameter-names\2.18.3\jackson-module-parameter-names-2.18.3.jar;C:\Users\Ankit Agarwal\.m2\repository\org\springframework\boot\spring-boot-starter-tomcat\3.4.5\spring-boot-starter-tomcat-3.4.5.jar;C:\Users\Ankit Agarwal\.m2\repository\org\apache\tomcat\embed\tomcat-embed-core\10.1.40\tomcat-embed-core-10.1.40.jar;C:\Users\Ankit Agarwal\.m2\repository\org\apache\tomcat\embed\tomcat-embed-el\10.1.40\tomcat-embed-el-10.1.40.jar;C:\Users\Ankit Agarwal\.m2\repository\org\apache\tomcat\embed\tomcat-embed-websocket\10.1.40\tomcat-embed-websocket-10.1.40.jar;C:\Users\Ankit Agarwal\.m2\repository\org\springframework\spring-web\6.2.6\spring-web-6.2.6.jar;C:\Users\Ankit Agarwal\.m2\repository\io\micrometer\micrometer-observation\1.14.6\micrometer-observation-1.14.6.jar;C:\Users\Ankit Agarwal\.m2\repository\io\micrometer\micrometer-commons\1.14.6\micrometer-commons-1.14.6.jar;C:\Users\Ankit Agarwal\.m2\repository\org\springframework\spring-webmvc\6.2.6\spring-webmvc-6.2.6.jar;C:\Users\Ankit Agarwal\.m2\repository\org\springframework\spring-expression\6.2.6\spring-expression-6.2.6.jar;C:\Users\Ankit Agarwal\.m2\repository\org\springframework\boot\spring-boot-devtools\3.4.5\spring-boot-devtools-3.4.5.jar;C:\Users\Ankit Agarwal\.m2\repository\org\springframework\boot\spring-boot\3.4.5\spring-boot-3.4.5.jar;C:\Users\Ankit Agarwal\.m2\repository\org\springframework\boot\spring-boot-autoconfigure\3.4.5\spring-boot-autoconfigure-3.4.5.jar;C:\Users\Ankit Agarwal\.m2\repository\com\mysql\mysql-connector-j\9.1.0\mysql-connector-j-9.1.0.jar;C:\Users\Ankit Agarwal\.m2\repository\jakarta\xml\bind\jakarta.xml.bind-api\4.0.2\jakarta.xml.bind-api-4.0.2.jar;C:\Users\Ankit Agarwal\.m2\repository\jakarta\activation\jakarta.activation-api\2.1.3\jakarta.activation-api-2.1.3.jar;C:\Users\Ankit Agarwal\.m2\repository\org\springframework\spring-core\6.2.6\spring-core-6.2.6.jar;C:\Users\Ankit Agarwal\.m2\repository\org\springframework\spring-jcl\6.2.6\spring-jcl-6.2.6.jar
Launcher Type: SUN_STANDARD

[Global flags]
     intx CICompilerCount                          = 4                                         {product} {ergonomic}
     uint ConcGCThreads                            = 2                                         {product} {ergonomic}
     uint G1ConcRefinementThreads                  = 8                                         {product} {ergonomic}
   size_t G1HeapRegionSize                         = 1048576                                   {product} {ergonomic}
    uintx GCDrainStackTargetSize                   = 64                                        {product} {ergonomic}
   size_t InitialHeapSize                          = 65011712                                  {product} {ergonomic}
     bool ManagementServer                         = true                                      {product} {command line}
   size_t MarkStackSize                            = 4194304                                   {product} {ergonomic}
   size_t MaxHeapSize                              = 1023410176                                {product} {ergonomic}
   size_t MaxNewSize                               = 613416960                                 {product} {ergonomic}
   size_t MinHeapDeltaBytes                        = 1048576                                   {product} {ergonomic}
   size_t MinHeapSize                              = 8388608                                   {product} {ergonomic}
    uintx NonNMethodCodeHeapSize                   = 4096                                   {pd product} {ergonomic}
    uintx NonProfiledCodeHeapSize                  = 0                                      {pd product} {ergonomic}
     bool ProfileInterpreter                       = false                                  {pd product} {command line}
    uintx ProfiledCodeHeapSize                     = 0                                      {pd product} {ergonomic}
     bool ShowCodeDetailsInExceptionMessages       = true                                   {manageable} {command line}
   size_t SoftMaxHeapSize                          = 1023410176                             {manageable} {ergonomic}
     intx TieredStopAtLevel                        = 1                                         {product} {command line}
     bool UseCompressedOops                        = true                           {product lp64_product} {ergonomic}
     bool UseG1GC                                  = true                                      {product} {ergonomic}
     bool UseLargePagesIndividualAllocation        = false                                  {pd product} {ergonomic}

Logging:
Log output configuration:
 #0: stdout all=warning uptime,level,tags foldmultilines=false
 #1: stderr all=off uptime,level,tags foldmultilines=false

Environment Variables:
JAVA_HOME=C:\Program Files\Java\jdk-16.0.1
PATH=C:/Spring Boot/spring-tool-suite-4-4.29.1.RELEASE-e4.35.0-win32.win32.x86_64/sts-4.29.1.RELEASE//plugins/org.eclipse.justj.openjdk.hotspot.jre.full.win32.x86_64_21.0.6.v20250130-0529/jre/bin/server;C:/Spring Boot/spring-tool-suite-4-4.29.1.RELEASE-e4.35.0-win32.win32.x86_64/sts-4.29.1.RELEASE//plugins/org.eclipse.justj.openjdk.hotspot.jre.full.win32.x86_64_21.0.6.v20250130-0529/jre/bin;C:\Program Files\Common Files\Oracle\Java\javapath;C:\Python399\Scripts\;C:\Python399\;C:\Program Files (x86)\Common Files\Oracle\Java\javapath;C:\app\AnkitAgarwal\product\11.2.0\dbhome_3\bin;C:\WINDOWS\system32;C:\WINDOWS;C:\WINDOWS\System32\Wbem;C:\WINDOWS\System32\WindowsPowerShell\v1.0\;C:\WINDOWS\System32\OpenSSH\;C:\Program Files\Java\jdk-15.0.1;C:\Program Files\Java\jdk1.8.0_271\bin;C:\cygwin64\bin;C:\ProgramData\chocolatey\bin;C:\Users\Ankit Agarwal\AppData\Roaming\Microsoft\Windows\Start Menu\Programs\Python 3.9;C:\Users\Ankit Agarwal\AppData\Local\Programs\Python\Python39\Scripts;C:\Users\Ankit Agarwal\AppData\Local\Programs\Python\Python39;C:\Users\Ankit Agarwal\PycharmProjects\pythonProject\venv\Scripts;C:\Program Files\Git\cmd;C:\Program Files\Git\mingw64\bin;C:\Program Files\Git\usr\bin;C:\MinGW\bin;C:\Program Files\Java\jdk-16.0.1\bin;C:\iverilog\bin;C:\Users\Ankit Agarwal\AppData\Local\Yarn\bin;C:\Users\Ankit Agarwal\AppData\Roaming\nvm;C:\Program Files\nodejs;C:\ProgramData\ComposerSetup\bin;C:\Program Files\MySQL\MySQL Server 5.5\bin;C:\Users\Ankit Agarwal\AppData\Local\Microsoft\WindowsApps;C:\Users\Ankit Agarwal\AppData\Local\Programs\Microsoft VS Code\bin;C:\Java\jdk-15.0.1\bin;C:\Program Files\MongoDB\Server\4.4\bin;C:\Windows\System32;C:\MinGW\bin;C:\Program Files (x86)\mingw-w64\i686-8.1.0-posix-dwarf-rt_v6-rev0\mingw32\bin;C:\Program Files\ffmpeg\bin;C:\Program Files\heroku\bin;C:\Program Files\JetBrains\IntelliJ IDEA Community Edition 2020.3.3\bin;;C:\Program Files\Java\jdk-16.0.1;C:\Program Files\Java\jdk-16.0.1\bin;C:\Users\Ankit Agarwal\AppData\Local\GitHubDesktop\bin;C:\Users\Ankit Agarwal\AppData\Roaming\npm;C:\Users\Ankit Agarwal\AppData\Roaming\nvm;C:\Program Files\nodejs;C:\xampp\php;C:\Users\Ankit Agarwal\AppData\Local\ComposerSetup\bin;C:\Users\Ankit Agarwal\AppData\Roaming\Composer\vendor\bin;;C:\Spring Boot\spring-tool-suite-4-4.29.1.RELEASE-e4.35.0-win32.win32.x86_64\sts-4.29.1.RELEASE;
USERNAME=Ankit Agarwal
OS=Windows_NT
PROCESSOR_IDENTIFIER=Intel64 Family 6 Model 142 Stepping 12, GenuineIntel
TMP=C:\Users\ANKITA~1\AppData\Local\Temp
TEMP=C:\Users\ANKITA~1\AppData\Local\Temp




Periodic native trim disabled

---------------  S Y S T E M  ---------------

OS:
 Windows 11 , 64 bit Build 22621 (10.0.22621.5262)
OS uptime: 0 days 2:55 hours

CPU: total 8 (initial active 8) (4 cores per cpu, 2 threads per core) family 6 model 142 stepping 12 microcode 0xea, cx8, cmov, fxsr, ht, mmx, 3dnowpref, sse, sse2, sse3, ssse3, sse4.1, sse4.2, popcnt, lzcnt, tsc, tscinvbit, avx, avx2, aes, erms, clmul, bmi1, bmi2, adx, fma, vzeroupper, clflush, clflushopt, rdtscp, f16c
Processor Information for the first 8 processors :
  Max Mhz: 2112, Current Mhz: 1609, Mhz Limit: 1605

Memory: 4k page, system-wide physical 3899M (115M free)
TotalPageFile size 15675M (AvailPageFile size 664M)
current process WorkingSet (physical memory assigned to process): 107M, peak: 223M
current process commit charge ("private bytes"): 293M, peak: 408M

vm_info: OpenJDK 64-Bit Server VM (21.0.6+7-LTS) for windows-amd64 JRE (21.0.6+7-LTS), built on 2025-01-21T00:00:00Z by "admin" with MS VC++ 17.7 (VS2022)

END.
