#
# There is insufficient memory for the Java Runtime Environment to continue.
# Native memory allocation (mmap) failed to map 281018368 bytes. Error detail: G1 virtual space
# Possible reasons:
#   The system is out of physical RAM or swap space
#   This process is running with CompressedOops enabled, and the Java Heap may be blocking the growth of the native heap
# Possible solutions:
#   Reduce memory load on the system
#   Increase physical memory or swap space
#   Check if swap backing store is full
#   Decrease Java heap size (-Xmx/-Xms)
#   Decrease number of Java threads
#   Decrease Java thread stack sizes (-Xss)
#   Set larger code cache with -XX:ReservedCodeCacheSize=
#   JVM is running with Unscaled Compressed Oops mode in which the Java heap is
#     placed in the first 4GB address space. The Java Heap base address is the
#     maximum limit for the native heap growth. Please use -XX:HeapBaseMinAddress
#     to set the Java Heap base and to place the Java Heap above 4GB virtual address.
# This output file may be truncated or incomplete.
#
#  Out of Memory Error (os_windows.cpp:3686), pid=1856, tid=10656
#
# JRE version: OpenJDK Runtime Environment Temurin-21.0.6+7 (21.0.6+7) (build 21.0.6+7-LTS)
# Java VM: OpenJDK 64-Bit Server VM Temurin-21.0.6+7 (21.0.6+7-LTS, mixed mode, emulated-client, sharing, tiered, compressed oops, compressed class ptrs, g1 gc, windows-amd64)
# No core dump will be written. Minidumps are not enabled by default on client versions of Windows
#

---------------  S U M M A R Y ------------

Command Line: -Dcom.sun.management.jmxremote -Dcom.sun.management.jmxremote.port=52875 -Dcom.sun.management.jmxremote.authenticate=false -Dcom.sun.management.jmxremote.ssl=false -Djava.rmi.server.hostname=localhost -Dspring.jmx.enabled=true -Dmanagement.endpoints.jmx.exposure.include=* -Dspring.application.admin.enabled=true -Dspring.output.ansi.enabled=always -XX:TieredStopAtLevel=1 -Dspring.boot.project.name=smartContactManager -Dfile.encoding=UTF-8 -Dstdout.encoding=UTF-8 -Dstderr.encoding=UTF-8 -XX:+ShowCodeDetailsInExceptionMessages com.smart.SmartContactManagerApplication

Host: Intel(R) Core(TM) i5-10210U CPU @ 1.60GHz, 8 cores, 3G,  Windows 11 , 64 bit Build 22621 (10.0.22621.5262)
Time: Thu May  8 20:30:16 2025 India Standard Time elapsed time: 1314.534211 seconds (0d 0h 21m 54s)

---------------  T H R E A D  ---------------

Current thread (0x00000296e77f3d50):  VMThread "VM Thread"          [id=10656, stack(0x000000c3f7200000,0x000000c3f7300000) (1024K)]

Stack: [0x000000c3f7200000,0x000000c3f7300000]
Native frames: (J=compiled Java code, j=interpreted, Vv=VM code, C=native code)
V  [jvm.dll+0x6cdee9]
V  [jvm.dll+0x8a83d1]
V  [jvm.dll+0x8aa8fe]
V  [jvm.dll+0x8aafe3]
V  [jvm.dll+0x27f706]
V  [jvm.dll+0x6ca755]
V  [jvm.dll+0x6bea3a]
V  [jvm.dll+0x355d6a]
V  [jvm.dll+0x35d936]
V  [jvm.dll+0x3af58e]
V  [jvm.dll+0x3af838]
V  [jvm.dll+0x329efc]
V  [jvm.dll+0x329f87]
V  [jvm.dll+0x36dd4c]
V  [jvm.dll+0x36c598]
V  [jvm.dll+0x3296c1]
V  [jvm.dll+0x36bc0a]
V  [jvm.dll+0x8b0cff]
V  [jvm.dll+0x8b2084]
V  [jvm.dll+0x8b25c0]
V  [jvm.dll+0x8b2863]
V  [jvm.dll+0x851f8b]
V  [jvm.dll+0x6cc5ed]
C  [ucrtbase.dll+0x29333]
C  [KERNEL32.DLL+0x1259d]
C  [ntdll.dll+0x5af58]

VM_Operation (0x000000c3f86fe520): G1CollectForAllocation, mode: safepoint, requested by thread 0x00000296efe87180


---------------  P R O C E S S  ---------------

Threads class SMR info:
_java_thread_list=0x00000296ed32ba10, length=43, elements={
0x00000296e7810de0, 0x00000296e7811a90, 0x00000296e7813d70, 0x00000296e7817e50,
0x00000296e7818de0, 0x00000296e781f480, 0x00000296e7828220, 0x00000296e790b8e0,
0x00000296e7952290, 0x00000296ec1605f0, 0x00000296ec16a750, 0x00000296ec190210,
0x00000296ec5ef880, 0x00000296ec5ddee0, 0x00000296ec62b360, 0x00000296ec62cda0,
0x00000296ee8d6f90, 0x00000296ee8d9060, 0x00000296ee8dc4e0, 0x00000296ee8ddf20,
0x00000296ee8da410, 0x00000296ee8dcb70, 0x00000296ee8dd200, 0x00000296ee8dd890,
0x00000296ee8de5b0, 0x00000296efe87180, 0x00000296ee8d8340, 0x00000296ee8d7cb0,
0x00000296ee8d89d0, 0x00000296ee8d96f0, 0x00000296ee8daaa0, 0x00000296ee8dbe50,
0x00000296efe81c30, 0x00000296efe86460, 0x00000296efe86af0, 0x00000296efe84a20,
0x00000296efe87810, 0x00000296efe87ea0, 0x00000296efe850b0, 0x00000296efe82fe0,
0x00000296efe822c0, 0x00000296efe88530, 0x00000296efe83d00
}

Java Threads: ( => current thread )
  0x00000296e7810de0 JavaThread "Reference Handler"          daemon [_thread_blocked, id=16380, stack(0x000000c3f7300000,0x000000c3f7400000) (1024K)]
  0x00000296e7811a90 JavaThread "Finalizer"                  daemon [_thread_blocked, id=6624, stack(0x000000c3f7400000,0x000000c3f7500000) (1024K)]
  0x00000296e7813d70 JavaThread "Signal Dispatcher"          daemon [_thread_blocked, id=12428, stack(0x000000c3f7500000,0x000000c3f7600000) (1024K)]
  0x00000296e7817e50 JavaThread "Attach Listener"            daemon [_thread_blocked, id=21480, stack(0x000000c3f7600000,0x000000c3f7700000) (1024K)]
  0x00000296e7818de0 JavaThread "Service Thread"             daemon [_thread_blocked, id=9440, stack(0x000000c3f7700000,0x000000c3f7800000) (1024K)]
  0x00000296e781f480 JavaThread "Monitor Deflation Thread"   daemon [_thread_blocked, id=10652, stack(0x000000c3f7800000,0x000000c3f7900000) (1024K)]
  0x00000296e7828220 JavaThread "C1 CompilerThread0"         daemon [_thread_blocked, id=16104, stack(0x000000c3f7900000,0x000000c3f7a00000) (1024K)]
  0x00000296e790b8e0 JavaThread "Common-Cleaner"             daemon [_thread_blocked, id=21724, stack(0x000000c3f7a00000,0x000000c3f7b00000) (1024K)]
  0x00000296e7952290 JavaThread "Notification Thread"        daemon [_thread_blocked, id=2456, stack(0x000000c3f7b00000,0x000000c3f7c00000) (1024K)]
  0x00000296ec1605f0 JavaThread "RMI TCP Accept-0"           daemon [_thread_in_native, id=12476, stack(0x000000c3f7c00000,0x000000c3f7d00000) (1024K)]
  0x00000296ec16a750 JavaThread "RMI TCP Accept-52875"       daemon [_thread_in_native, id=3564, stack(0x000000c3f7d00000,0x000000c3f7e00000) (1024K)]
  0x00000296ec190210 JavaThread "RMI TCP Accept-0"           daemon [_thread_in_native, id=10248, stack(0x000000c3f7e00000,0x000000c3f7f00000) (1024K)]
  0x00000296ec5ef880 JavaThread "RMI Scheduler(0)"           daemon [_thread_blocked, id=20432, stack(0x000000c3f8700000,0x000000c3f8800000) (1024K)]
  0x00000296ec5ddee0 JavaThread "RMI TCP Connection(idle)"   daemon [_thread_blocked, id=11684, stack(0x000000c3f8800000,0x000000c3f8900000) (1024K)]
  0x00000296ec62b360 JavaThread "JMX server connection timeout 38" daemon [_thread_blocked, id=21060, stack(0x000000c3f8b00000,0x000000c3f8c00000) (1024K)]
  0x00000296ec62cda0 JavaThread "mysql-cj-abandoned-connection-cleanup" daemon [_thread_blocked, id=15040, stack(0x000000c3f9000000,0x000000c3f9100000) (1024K)]
  0x00000296ee8d6f90 JavaThread "Live Reload Server"         daemon [_thread_in_native, id=14912, stack(0x000000c3f9700000,0x000000c3f9800000) (1024K)]
  0x00000296ee8d9060 JavaThread "DestroyJavaVM"                     [_thread_blocked, id=11748, stack(0x000000c3f6b00000,0x000000c3f6c00000) (1024K)]
  0x00000296ee8dc4e0 JavaThread "File Watcher"               daemon [_thread_blocked, id=17728, stack(0x000000c3f6900000,0x000000c3f6a00000) (1024K)]
  0x00000296ee8ddf20 JavaThread "File Watcher"               daemon [_thread_blocked, id=17268, stack(0x000000c3f6a00000,0x000000c3f6b00000) (1024K)]
  0x00000296ee8da410 JavaThread "File Watcher"               daemon [_thread_blocked, id=15124, stack(0x000000c3f8900000,0x000000c3f8a00000) (1024K)]
  0x00000296ee8dcb70 JavaThread "File Watcher"               daemon [_thread_blocked, id=23784, stack(0x000000c3f8a00000,0x000000c3f8b00000) (1024K)]
  0x00000296ee8dd200 JavaThread "File Watcher"               daemon [_thread_blocked, id=19460, stack(0x000000c3f8d00000,0x000000c3f8e00000) (1024K)]
  0x00000296ee8dd890 JavaThread "File Watcher"               daemon [_thread_blocked, id=22716, stack(0x000000c3f8e00000,0x000000c3f8f00000) (1024K)]
  0x00000296ee8de5b0 JavaThread "File Watcher"               daemon [_thread_blocked, id=22668, stack(0x000000c3f8f00000,0x000000c3f9000000) (1024K)]
  0x00000296efe87180 JavaThread "File Watcher"               daemon [_thread_blocked, id=18728, stack(0x000000c3f8600000,0x000000c3f8700000) (1024K)]
  0x00000296ee8d8340 JavaThread "Catalina-utility-1"                [_thread_blocked, id=23444, stack(0x000000c3f9200000,0x000000c3f9300000) (1024K)]
  0x00000296ee8d7cb0 JavaThread "Catalina-utility-2"                [_thread_blocked, id=5652, stack(0x000000c3f9400000,0x000000c3f9500000) (1024K)]
  0x00000296ee8d89d0 JavaThread "container-8"                       [_thread_blocked, id=24048, stack(0x000000c3f9500000,0x000000c3f9600000) (1024K)]
  0x00000296ee8d96f0 JavaThread "HikariPool-22 housekeeper"  daemon [_thread_blocked, id=22120, stack(0x000000c3f9600000,0x000000c3f9700000) (1024K)]
  0x00000296ee8daaa0 JavaThread "File Watcher"               daemon [_thread_blocked, id=17916, stack(0x000000c3f9900000,0x000000c3f9a00000) (1024K)]
  0x00000296ee8dbe50 JavaThread "http-nio-8080-exec-1"       daemon [_thread_blocked, id=24080, stack(0x000000c3f9a00000,0x000000c3f9b00000) (1024K)]
  0x00000296efe81c30 JavaThread "http-nio-8080-exec-2"       daemon [_thread_blocked, id=22560, stack(0x000000c3f9b00000,0x000000c3f9c00000) (1024K)]
  0x00000296efe86460 JavaThread "http-nio-8080-exec-3"       daemon [_thread_blocked, id=19436, stack(0x000000c3f9c00000,0x000000c3f9d00000) (1024K)]
  0x00000296efe86af0 JavaThread "http-nio-8080-exec-4"       daemon [_thread_blocked, id=4616, stack(0x000000c3f9d00000,0x000000c3f9e00000) (1024K)]
  0x00000296efe84a20 JavaThread "http-nio-8080-exec-5"       daemon [_thread_blocked, id=3460, stack(0x000000c3f9e00000,0x000000c3f9f00000) (1024K)]
  0x00000296efe87810 JavaThread "http-nio-8080-exec-6"       daemon [_thread_blocked, id=23980, stack(0x000000c3f9f00000,0x000000c3fa000000) (1024K)]
  0x00000296efe87ea0 JavaThread "http-nio-8080-exec-7"       daemon [_thread_blocked, id=22680, stack(0x000000c3fa000000,0x000000c3fa100000) (1024K)]
  0x00000296efe850b0 JavaThread "http-nio-8080-exec-8"       daemon [_thread_blocked, id=22532, stack(0x000000c3fa100000,0x000000c3fa200000) (1024K)]
  0x00000296efe82fe0 JavaThread "http-nio-8080-exec-9"       daemon [_thread_blocked, id=20796, stack(0x000000c3fa200000,0x000000c3fa300000) (1024K)]
  0x00000296efe822c0 JavaThread "http-nio-8080-exec-10"      daemon [_thread_blocked, id=16168, stack(0x000000c3fa300000,0x000000c3fa400000) (1024K)]
  0x00000296efe88530 JavaThread "http-nio-8080-Poller"       daemon [_thread_blocked, id=23660, stack(0x000000c3fa400000,0x000000c3fa500000) (1024K)]
  0x00000296efe83d00 JavaThread "http-nio-8080-Acceptor"     daemon [_thread_in_native, id=19636, stack(0x000000c3fa500000,0x000000c3fa600000) (1024K)]
Total: 43

Other Threads:
=>0x00000296e77f3d50 VMThread "VM Thread"                           [id=10656, stack(0x000000c3f7200000,0x000000c3f7300000) (1024K)]
  0x00000296e77e3b70 WatcherThread "VM Periodic Task Thread"        [id=19000, stack(0x000000c3f7100000,0x000000c3f7200000) (1024K)]
  0x00000296dd07e600 WorkerThread "GC Thread#0"                     [id=20420, stack(0x000000c3f6c00000,0x000000c3f6d00000) (1024K)]
  0x00000296ec271340 WorkerThread "GC Thread#1"                     [id=8140, stack(0x000000c3f7f00000,0x000000c3f8000000) (1024K)]
  0x00000296ec5927d0 WorkerThread "GC Thread#2"                     [id=18804, stack(0x000000c3f8000000,0x000000c3f8100000) (1024K)]
  0x00000296ec5b1e00 WorkerThread "GC Thread#3"                     [id=14428, stack(0x000000c3f8100000,0x000000c3f8200000) (1024K)]
  0x00000296ec5b29b0 WorkerThread "GC Thread#4"                     [id=4256, stack(0x000000c3f8200000,0x000000c3f8300000) (1024K)]
  0x00000296ec5b6d60 WorkerThread "GC Thread#5"                     [id=20704, stack(0x000000c3f8300000,0x000000c3f8400000) (1024K)]
  0x00000296ec5b7d10 WorkerThread "GC Thread#6"                     [id=20224, stack(0x000000c3f8400000,0x000000c3f8500000) (1024K)]
  0x00000296ec5b80b0 WorkerThread "GC Thread#7"                     [id=13000, stack(0x000000c3f8500000,0x000000c3f8600000) (1024K)]
  0x00000296dd087a00 ConcurrentGCThread "G1 Main Marker"            [id=16656, stack(0x000000c3f6d00000,0x000000c3f6e00000) (1024K)]
  0x00000296dd088500 WorkerThread "G1 Conc#0"                       [id=17484, stack(0x000000c3f6e00000,0x000000c3f6f00000) (1024K)]
  0x00000296eccbe6c0 WorkerThread "G1 Conc#1"                       [id=18540, stack(0x000000c3f8c00000,0x000000c3f8d00000) (1024K)]
  0x00000296e76c10a0 ConcurrentGCThread "G1 Refine#0"               [id=19924, stack(0x000000c3f6f00000,0x000000c3f7000000) (1024K)]
  0x00000296dd0e0730 ConcurrentGCThread "G1 Service"                [id=21384, stack(0x000000c3f7000000,0x000000c3f7100000) (1024K)]
Total: 15

Threads with active compile tasks:
Total: 0

VM state: at safepoint (normal execution)

VM Mutex/Monitor currently owned by a thread:  ([mutex/lock_event])
[0x00007ff87db6e380] Threads_lock - owner thread: 0x00000296e77f3d50
[0x00007ff87db6e480] Heap_lock - owner thread: 0x00000296efe87180

Heap address: 0x00000000c3000000, size: 976 MB, Compressed Oops mode: 32-bit

CDS archive(s) mapped at: [0x0000029680000000-0x0000029680c80000-0x0000029680c80000), size 13107200, SharedBaseAddress: 0x0000029680000000, ArchiveRelocationMode: 1.
Compressed class space mapped at: 0x0000029681000000-0x00000296c1000000, reserved size: 1073741824
Narrow klass base: 0x0000029680000000, Narrow klass shift: 0, Narrow klass range: 0x100000000

GC Precious Log:
 CardTable entry size: 512
 Card Set container configuration: InlinePtr #cards 5 size 8 Array Of Cards #cards 12 size 40 Howl #buckets 4 coarsen threshold 1843 Howl Bitmap #cards 512 size 80 coarsen threshold 460 Card regions per heap region 1 cards per card region 2048
 CPUs: 8 total, 8 available
 Memory: 3899M
 Large Page Support: Disabled
 NUMA Support: Disabled
 Compressed Oops: Enabled (32-bit)
 Heap Region Size: 1M
 Heap Min Capacity: 8M
 Heap Initial Capacity: 62M
 Heap Max Capacity: 976M
 Pre-touch: Disabled
 Parallel Workers: 8
 Concurrent Workers: 2
 Concurrent Refinement Workers: 8
 Periodic GC: Disabled

Heap:
 garbage-first heap   total 137216K, used 55666K [0x00000000c3000000, 0x0000000100000000)
  region size 1024K, 1 young (1024K), 1 survivors (1024K)
 Metaspace       used 70108K, committed 71040K, reserved 1114112K
  class space    used 9631K, committed 10048K, reserved 1048576K

Heap Regions: E=young(eden), S=young(survivor), O=old, HS=humongous(starts), HC=humongous(continues), CS=collection set, F=free, TAMS=top-at-mark-start, PB=parsable bottom
|   0|0x00000000c3000000, 0x00000000c3100000, 0x00000000c3100000|100%|HS|  |TAMS 0x00000000c3000000| PB 0x00000000c3000000| Complete 
|   1|0x00000000c3100000, 0x00000000c3200000, 0x00000000c3200000|100%|HS|  |TAMS 0x00000000c3100000| PB 0x00000000c3100000| Complete 
|   2|0x00000000c3200000, 0x00000000c32ffff8, 0x00000000c3300000| 99%| O|  |TAMS 0x00000000c3200000| PB 0x00000000c3200000| Untracked 
|   3|0x00000000c3300000, 0x00000000c33ffff0, 0x00000000c3400000| 99%| O|  |TAMS 0x00000000c3300000| PB 0x00000000c3300000| Untracked 
|   4|0x00000000c3400000, 0x00000000c34ffff8, 0x00000000c3500000| 99%| O|  |TAMS 0x00000000c3400000| PB 0x00000000c3400000| Untracked 
|   5|0x00000000c3500000, 0x00000000c3600000, 0x00000000c3600000|100%| O|  |TAMS 0x00000000c3500000| PB 0x00000000c3500000| Untracked 
|   6|0x00000000c3600000, 0x00000000c36ffff8, 0x00000000c3700000| 99%| O|  |TAMS 0x00000000c3600000| PB 0x00000000c3600000| Untracked 
|   7|0x00000000c3700000, 0x00000000c3800000, 0x00000000c3800000|100%| O|  |TAMS 0x00000000c3700000| PB 0x00000000c3700000| Untracked 
|   8|0x00000000c3800000, 0x00000000c38fffb8, 0x00000000c3900000| 99%| O|  |TAMS 0x00000000c3800000| PB 0x00000000c3800000| Untracked 
|   9|0x00000000c3900000, 0x00000000c39ffff0, 0x00000000c3a00000| 99%| O|  |TAMS 0x00000000c3900000| PB 0x00000000c3900000| Untracked 
|  10|0x00000000c3a00000, 0x00000000c3afff90, 0x00000000c3b00000| 99%| O|  |TAMS 0x00000000c3a00000| PB 0x00000000c3a00000| Untracked 
|  11|0x00000000c3b00000, 0x00000000c3bfffc8, 0x00000000c3c00000| 99%| O|  |TAMS 0x00000000c3b00000| PB 0x00000000c3b00000| Untracked 
|  12|0x00000000c3c00000, 0x00000000c3cfffd0, 0x00000000c3d00000| 99%| O|  |TAMS 0x00000000c3c00000| PB 0x00000000c3c00000| Untracked 
|  13|0x00000000c3d00000, 0x00000000c3dfffe8, 0x00000000c3e00000| 99%| O|  |TAMS 0x00000000c3d00000| PB 0x00000000c3d00000| Untracked 
|  14|0x00000000c3e00000, 0x00000000c3effff0, 0x00000000c3f00000| 99%| O|  |TAMS 0x00000000c3e00000| PB 0x00000000c3e00000| Untracked 
|  15|0x00000000c3f00000, 0x00000000c4000000, 0x00000000c4000000|100%| O|  |TAMS 0x00000000c3f00000| PB 0x00000000c3f00000| Untracked 
|  16|0x00000000c4000000, 0x00000000c4100000, 0x00000000c4100000|100%| O|  |TAMS 0x00000000c4000000| PB 0x00000000c4000000| Untracked 
|  17|0x00000000c4100000, 0x00000000c41ffff8, 0x00000000c4200000| 99%| O|  |TAMS 0x00000000c4100000| PB 0x00000000c4100000| Untracked 
|  18|0x00000000c4200000, 0x00000000c4300000, 0x00000000c4300000|100%| O|  |TAMS 0x00000000c4200000| PB 0x00000000c4200000| Untracked 
|  19|0x00000000c4300000, 0x00000000c43fffe0, 0x00000000c4400000| 99%| O|  |TAMS 0x00000000c4300000| PB 0x00000000c4300000| Untracked 
|  20|0x00000000c4400000, 0x00000000c44ffd50, 0x00000000c4500000| 99%| O|  |TAMS 0x00000000c4400000| PB 0x00000000c4400000| Untracked 
|  21|0x00000000c4500000, 0x00000000c45fffd8, 0x00000000c4600000| 99%| O|  |TAMS 0x00000000c4500000| PB 0x00000000c4500000| Untracked 
|  22|0x00000000c4600000, 0x00000000c46fffb8, 0x00000000c4700000| 99%| O|  |TAMS 0x00000000c4600000| PB 0x00000000c4600000| Untracked 
|  23|0x00000000c4700000, 0x00000000c47fff80, 0x00000000c4800000| 99%| O|  |TAMS 0x00000000c4700000| PB 0x00000000c4700000| Untracked 
|  24|0x00000000c4800000, 0x00000000c48fff60, 0x00000000c4900000| 99%| O|  |TAMS 0x00000000c4800000| PB 0x00000000c4800000| Untracked 
|  25|0x00000000c4900000, 0x00000000c49fffe8, 0x00000000c4a00000| 99%| O|  |TAMS 0x00000000c4900000| PB 0x00000000c4900000| Untracked 
|  26|0x00000000c4a00000, 0x00000000c4b00000, 0x00000000c4b00000|100%| O|  |TAMS 0x00000000c4a00000| PB 0x00000000c4a00000| Untracked 
|  27|0x00000000c4b00000, 0x00000000c4bffff8, 0x00000000c4c00000| 99%| O|  |TAMS 0x00000000c4b00000| PB 0x00000000c4b00000| Untracked 
|  28|0x00000000c4c00000, 0x00000000c4d00000, 0x00000000c4d00000|100%| O|  |TAMS 0x00000000c4c00000| PB 0x00000000c4c00000| Untracked 
|  29|0x00000000c4d00000, 0x00000000c4e00000, 0x00000000c4e00000|100%| O|  |TAMS 0x00000000c4d00000| PB 0x00000000c4d00000| Untracked 
|  30|0x00000000c4e00000, 0x00000000c4f00000, 0x00000000c4f00000|100%| O|  |TAMS 0x00000000c4e00000| PB 0x00000000c4e00000| Untracked 
|  31|0x00000000c4f00000, 0x00000000c5000000, 0x00000000c5000000|100%| O|  |TAMS 0x00000000c4f00000| PB 0x00000000c4f00000| Untracked 
|  32|0x00000000c5000000, 0x00000000c5100000, 0x00000000c5100000|100%| O|  |TAMS 0x00000000c5000000| PB 0x00000000c5000000| Untracked 
|  33|0x00000000c5100000, 0x00000000c5200000, 0x00000000c5200000|100%| O|  |TAMS 0x00000000c5100000| PB 0x00000000c5100000| Untracked 
|  34|0x00000000c5200000, 0x00000000c5200000, 0x00000000c5300000|  0%| F|  |TAMS 0x00000000c5200000| PB 0x00000000c5200000| Untracked 
|  35|0x00000000c5300000, 0x00000000c5400000, 0x00000000c5400000|100%| O|  |TAMS 0x00000000c5300000| PB 0x00000000c5300000| Untracked 
|  36|0x00000000c5400000, 0x00000000c5500000, 0x00000000c5500000|100%| O|  |TAMS 0x00000000c5400000| PB 0x00000000c5400000| Untracked 
|  37|0x00000000c5500000, 0x00000000c5600000, 0x00000000c5600000|100%| O|  |TAMS 0x00000000c5500000| PB 0x00000000c5500000| Untracked 
|  38|0x00000000c5600000, 0x00000000c5700000, 0x00000000c5700000|100%| O|  |TAMS 0x00000000c5600000| PB 0x00000000c5600000| Untracked 
|  39|0x00000000c5700000, 0x00000000c5800000, 0x00000000c5800000|100%| O|  |TAMS 0x00000000c5700000| PB 0x00000000c5700000| Untracked 
|  40|0x00000000c5800000, 0x00000000c5900000, 0x00000000c5900000|100%| O|  |TAMS 0x00000000c5800000| PB 0x00000000c5800000| Untracked 
|  41|0x00000000c5900000, 0x00000000c5a00000, 0x00000000c5a00000|100%| O|  |TAMS 0x00000000c5900000| PB 0x00000000c5900000| Untracked 
|  42|0x00000000c5a00000, 0x00000000c5b00000, 0x00000000c5b00000|100%| O|  |TAMS 0x00000000c5a00000| PB 0x00000000c5a00000| Untracked 
|  43|0x00000000c5b00000, 0x00000000c5c00000, 0x00000000c5c00000|100%| O|  |TAMS 0x00000000c5b00000| PB 0x00000000c5b00000| Untracked 
|  44|0x00000000c5c00000, 0x00000000c5d00000, 0x00000000c5d00000|100%| O|  |TAMS 0x00000000c5c00000| PB 0x00000000c5c00000| Untracked 
|  45|0x00000000c5d00000, 0x00000000c5e00000, 0x00000000c5e00000|100%| O|  |TAMS 0x00000000c5d00000| PB 0x00000000c5d00000| Untracked 
|  46|0x00000000c5e00000, 0x00000000c5f00000, 0x00000000c5f00000|100%| O|  |TAMS 0x00000000c5e00000| PB 0x00000000c5e00000| Untracked 
|  47|0x00000000c5f00000, 0x00000000c6000000, 0x00000000c6000000|100%| O|  |TAMS 0x00000000c5f00000| PB 0x00000000c5f00000| Untracked 
|  48|0x00000000c6000000, 0x00000000c6100000, 0x00000000c6100000|100%| O|Cm|TAMS 0x00000000c6000000| PB 0x00000000c6000000| Complete 
|  49|0x00000000c6100000, 0x00000000c615d170, 0x00000000c6200000| 36%| O|  |TAMS 0x00000000c6100000| PB 0x00000000c6100000| Untracked 
|  50|0x00000000c6200000, 0x00000000c6200000, 0x00000000c6300000|  0%| F|  |TAMS 0x00000000c6200000| PB 0x00000000c6200000| Untracked 
|  51|0x00000000c6300000, 0x00000000c6300000, 0x00000000c6400000|  0%| F|  |TAMS 0x00000000c6300000| PB 0x00000000c6300000| Untracked 
|  52|0x00000000c6400000, 0x00000000c6400000, 0x00000000c6500000|  0%| F|  |TAMS 0x00000000c6400000| PB 0x00000000c6400000| Untracked 
|  53|0x00000000c6500000, 0x00000000c6500000, 0x00000000c6600000|  0%| F|  |TAMS 0x00000000c6500000| PB 0x00000000c6500000| Untracked 
|  54|0x00000000c6600000, 0x00000000c6600000, 0x00000000c6700000|  0%| F|  |TAMS 0x00000000c6600000| PB 0x00000000c6600000| Untracked 
|  55|0x00000000c6700000, 0x00000000c6700000, 0x00000000c6800000|  0%| F|  |TAMS 0x00000000c6700000| PB 0x00000000c6700000| Untracked 
|  56|0x00000000c6800000, 0x00000000c6900000, 0x00000000c6900000|100%| O|  |TAMS 0x00000000c6800000| PB 0x00000000c6800000| Untracked 
|  57|0x00000000c6900000, 0x00000000c6a00000, 0x00000000c6a00000|100%| O|  |TAMS 0x00000000c6900000| PB 0x00000000c6900000| Untracked 
|  58|0x00000000c6a00000, 0x00000000c6b00000, 0x00000000c6b00000|100%| O|  |TAMS 0x00000000c6a00000| PB 0x00000000c6a00000| Untracked 
|  59|0x00000000c6b00000, 0x00000000c6b00000, 0x00000000c6c00000|  0%| F|  |TAMS 0x00000000c6b00000| PB 0x00000000c6b00000| Untracked 
|  60|0x00000000c6c00000, 0x00000000c6c00000, 0x00000000c6d00000|  0%| F|  |TAMS 0x00000000c6c00000| PB 0x00000000c6c00000| Untracked 
|  61|0x00000000c6d00000, 0x00000000c6d00000, 0x00000000c6e00000|  0%| F|  |TAMS 0x00000000c6d00000| PB 0x00000000c6d00000| Untracked 
|  62|0x00000000c6e00000, 0x00000000c6e00000, 0x00000000c6f00000|  0%| F|  |TAMS 0x00000000c6e00000| PB 0x00000000c6e00000| Untracked 
|  63|0x00000000c6f00000, 0x00000000c6f00000, 0x00000000c7000000|  0%| F|  |TAMS 0x00000000c6f00000| PB 0x00000000c6f00000| Untracked 
|  64|0x00000000c7000000, 0x00000000c7000000, 0x00000000c7100000|  0%| F|  |TAMS 0x00000000c7000000| PB 0x00000000c7000000| Untracked 
|  65|0x00000000c7100000, 0x00000000c7100000, 0x00000000c7200000|  0%| F|  |TAMS 0x00000000c7100000| PB 0x00000000c7100000| Untracked 
|  66|0x00000000c7200000, 0x00000000c7200000, 0x00000000c7300000|  0%| F|  |TAMS 0x00000000c7200000| PB 0x00000000c7200000| Untracked 
|  67|0x00000000c7300000, 0x00000000c7300000, 0x00000000c7400000|  0%| F|  |TAMS 0x00000000c7300000| PB 0x00000000c7300000| Untracked 
|  68|0x00000000c7400000, 0x00000000c7400000, 0x00000000c7500000|  0%| F|  |TAMS 0x00000000c7400000| PB 0x00000000c7400000| Untracked 
|  69|0x00000000c7500000, 0x00000000c7500000, 0x00000000c7600000|  0%| F|  |TAMS 0x00000000c7500000| PB 0x00000000c7500000| Untracked 
|  70|0x00000000c7600000, 0x00000000c7600000, 0x00000000c7700000|  0%| F|  |TAMS 0x00000000c7600000| PB 0x00000000c7600000| Untracked 
|  71|0x00000000c7700000, 0x00000000c7700000, 0x00000000c7800000|  0%| F|  |TAMS 0x00000000c7700000| PB 0x00000000c7700000| Untracked 
|  72|0x00000000c7800000, 0x00000000c7800000, 0x00000000c7900000|  0%| F|  |TAMS 0x00000000c7800000| PB 0x00000000c7800000| Untracked 
|  73|0x00000000c7900000, 0x00000000c7900000, 0x00000000c7a00000|  0%| F|  |TAMS 0x00000000c7900000| PB 0x00000000c7900000| Untracked 
|  74|0x00000000c7a00000, 0x00000000c7a00000, 0x00000000c7b00000|  0%| F|  |TAMS 0x00000000c7a00000| PB 0x00000000c7a00000| Untracked 
|  75|0x00000000c7b00000, 0x00000000c7b00000, 0x00000000c7c00000|  0%| F|  |TAMS 0x00000000c7b00000| PB 0x00000000c7b00000| Untracked 
|  76|0x00000000c7c00000, 0x00000000c7c00000, 0x00000000c7d00000|  0%| F|  |TAMS 0x00000000c7c00000| PB 0x00000000c7c00000| Untracked 
|  77|0x00000000c7d00000, 0x00000000c7d00000, 0x00000000c7e00000|  0%| F|  |TAMS 0x00000000c7d00000| PB 0x00000000c7d00000| Untracked 
|  78|0x00000000c7e00000, 0x00000000c7e00000, 0x00000000c7f00000|  0%| F|  |TAMS 0x00000000c7e00000| PB 0x00000000c7e00000| Untracked 
|  79|0x00000000c7f00000, 0x00000000c7f00000, 0x00000000c8000000|  0%| F|  |TAMS 0x00000000c7f00000| PB 0x00000000c7f00000| Untracked 
|  80|0x00000000c8000000, 0x00000000c8000000, 0x00000000c8100000|  0%| F|  |TAMS 0x00000000c8000000| PB 0x00000000c8000000| Untracked 
|  81|0x00000000c8100000, 0x00000000c8100000, 0x00000000c8200000|  0%| F|  |TAMS 0x00000000c8100000| PB 0x00000000c8100000| Untracked 
|  82|0x00000000c8200000, 0x00000000c8200000, 0x00000000c8300000|  0%| F|  |TAMS 0x00000000c8200000| PB 0x00000000c8200000| Untracked 
|  83|0x00000000c8300000, 0x00000000c8300000, 0x00000000c8400000|  0%| F|  |TAMS 0x00000000c8300000| PB 0x00000000c8300000| Untracked 
|  84|0x00000000c8400000, 0x00000000c8400000, 0x00000000c8500000|  0%| F|  |TAMS 0x00000000c8400000| PB 0x00000000c8400000| Untracked 
|  85|0x00000000c8500000, 0x00000000c8500000, 0x00000000c8600000|  0%| F|  |TAMS 0x00000000c8500000| PB 0x00000000c8500000| Untracked 
|  86|0x00000000c8600000, 0x00000000c8600000, 0x00000000c8700000|  0%| F|  |TAMS 0x00000000c8600000| PB 0x00000000c8600000| Untracked 
|  87|0x00000000c8700000, 0x00000000c8700000, 0x00000000c8800000|  0%| F|  |TAMS 0x00000000c8700000| PB 0x00000000c8700000| Untracked 
|  88|0x00000000c8800000, 0x00000000c8800000, 0x00000000c8900000|  0%| F|  |TAMS 0x00000000c8800000| PB 0x00000000c8800000| Untracked 
|  89|0x00000000c8900000, 0x00000000c8900000, 0x00000000c8a00000|  0%| F|  |TAMS 0x00000000c8900000| PB 0x00000000c8900000| Untracked 
|  90|0x00000000c8a00000, 0x00000000c8a00000, 0x00000000c8b00000|  0%| F|  |TAMS 0x00000000c8a00000| PB 0x00000000c8a00000| Untracked 
|  91|0x00000000c8b00000, 0x00000000c8b00000, 0x00000000c8c00000|  0%| F|  |TAMS 0x00000000c8b00000| PB 0x00000000c8b00000| Untracked 
|  92|0x00000000c8c00000, 0x00000000c8c00000, 0x00000000c8d00000|  0%| F|  |TAMS 0x00000000c8c00000| PB 0x00000000c8c00000| Untracked 
|  93|0x00000000c8d00000, 0x00000000c8d00000, 0x00000000c8e00000|  0%| F|  |TAMS 0x00000000c8d00000| PB 0x00000000c8d00000| Untracked 
|  94|0x00000000c8e00000, 0x00000000c8e00000, 0x00000000c8f00000|  0%| F|  |TAMS 0x00000000c8e00000| PB 0x00000000c8e00000| Untracked 
|  95|0x00000000c8f00000, 0x00000000c8f00000, 0x00000000c9000000|  0%| F|  |TAMS 0x00000000c8f00000| PB 0x00000000c8f00000| Untracked 
|  96|0x00000000c9000000, 0x00000000c9000000, 0x00000000c9100000|  0%| F|  |TAMS 0x00000000c9000000| PB 0x00000000c9000000| Untracked 
|  97|0x00000000c9100000, 0x00000000c9100000, 0x00000000c9200000|  0%| F|  |TAMS 0x00000000c9100000| PB 0x00000000c9100000| Untracked 
|  98|0x00000000c9200000, 0x00000000c9200000, 0x00000000c9300000|  0%| F|  |TAMS 0x00000000c9200000| PB 0x00000000c9200000| Untracked 
|  99|0x00000000c9300000, 0x00000000c9300000, 0x00000000c9400000|  0%| F|  |TAMS 0x00000000c9300000| PB 0x00000000c9300000| Untracked 
| 100|0x00000000c9400000, 0x00000000c9500000, 0x00000000c9500000|100%| O|  |TAMS 0x00000000c9400000| PB 0x00000000c9400000| Untracked 
| 101|0x00000000c9500000, 0x00000000c9600000, 0x00000000c9600000|100%| O|  |TAMS 0x00000000c9500000| PB 0x00000000c9500000| Untracked 
| 102|0x00000000c9600000, 0x00000000c9600000, 0x00000000c9700000|  0%| F|  |TAMS 0x00000000c9600000| PB 0x00000000c9600000| Untracked 
| 103|0x00000000c9700000, 0x00000000c9700000, 0x00000000c9800000|  0%| F|  |TAMS 0x00000000c9700000| PB 0x00000000c9700000| Untracked 
| 104|0x00000000c9800000, 0x00000000c9800000, 0x00000000c9900000|  0%| F|  |TAMS 0x00000000c9800000| PB 0x00000000c9800000| Untracked 
| 105|0x00000000c9900000, 0x00000000c9900000, 0x00000000c9a00000|  0%| F|  |TAMS 0x00000000c9900000| PB 0x00000000c9900000| Untracked 
| 106|0x00000000c9a00000, 0x00000000c9a00000, 0x00000000c9b00000|  0%| F|  |TAMS 0x00000000c9a00000| PB 0x00000000c9a00000| Untracked 
| 107|0x00000000c9b00000, 0x00000000c9b00000, 0x00000000c9c00000|  0%| F|  |TAMS 0x00000000c9b00000| PB 0x00000000c9b00000| Untracked 
| 108|0x00000000c9c00000, 0x00000000c9c00000, 0x00000000c9d00000|  0%| F|  |TAMS 0x00000000c9c00000| PB 0x00000000c9c00000| Untracked 
| 109|0x00000000c9d00000, 0x00000000c9d00000, 0x00000000c9e00000|  0%| F|  |TAMS 0x00000000c9d00000| PB 0x00000000c9d00000| Untracked 
| 110|0x00000000c9e00000, 0x00000000c9e00000, 0x00000000c9f00000|  0%| F|  |TAMS 0x00000000c9e00000| PB 0x00000000c9e00000| Untracked 
| 111|0x00000000c9f00000, 0x00000000c9f00000, 0x00000000ca000000|  0%| F|  |TAMS 0x00000000c9f00000| PB 0x00000000c9f00000| Untracked 
| 112|0x00000000ca000000, 0x00000000ca000000, 0x00000000ca100000|  0%| F|  |TAMS 0x00000000ca000000| PB 0x00000000ca000000| Untracked 
| 113|0x00000000ca100000, 0x00000000ca100000, 0x00000000ca200000|  0%| F|  |TAMS 0x00000000ca100000| PB 0x00000000ca100000| Untracked 
| 114|0x00000000ca200000, 0x00000000ca200000, 0x00000000ca300000|  0%| F|  |TAMS 0x00000000ca200000| PB 0x00000000ca200000| Untracked 
| 115|0x00000000ca300000, 0x00000000ca300000, 0x00000000ca400000|  0%| F|  |TAMS 0x00000000ca300000| PB 0x00000000ca300000| Untracked 
| 116|0x00000000ca400000, 0x00000000ca400000, 0x00000000ca500000|  0%| F|  |TAMS 0x00000000ca400000| PB 0x00000000ca400000| Untracked 
| 117|0x00000000ca500000, 0x00000000ca500000, 0x00000000ca600000|  0%| F|  |TAMS 0x00000000ca500000| PB 0x00000000ca500000| Untracked 
| 118|0x00000000ca600000, 0x00000000ca600000, 0x00000000ca700000|  0%| F|  |TAMS 0x00000000ca600000| PB 0x00000000ca600000| Untracked 
| 119|0x00000000ca700000, 0x00000000ca700000, 0x00000000ca800000|  0%| F|  |TAMS 0x00000000ca700000| PB 0x00000000ca700000| Untracked 
| 120|0x00000000ca800000, 0x00000000ca800000, 0x00000000ca900000|  0%| F|  |TAMS 0x00000000ca800000| PB 0x00000000ca800000| Untracked 
| 121|0x00000000ca900000, 0x00000000ca900000, 0x00000000caa00000|  0%| F|  |TAMS 0x00000000ca900000| PB 0x00000000ca900000| Untracked 
| 122|0x00000000caa00000, 0x00000000caa00000, 0x00000000cab00000|  0%| F|  |TAMS 0x00000000caa00000| PB 0x00000000caa00000| Untracked 
| 123|0x00000000cab00000, 0x00000000cab00000, 0x00000000cac00000|  0%| F|  |TAMS 0x00000000cab00000| PB 0x00000000cab00000| Untracked 
| 124|0x00000000cac00000, 0x00000000cac00000, 0x00000000cad00000|  0%| F|  |TAMS 0x00000000cac00000| PB 0x00000000cac00000| Untracked 
| 125|0x00000000cad00000, 0x00000000cad00000, 0x00000000cae00000|  0%| F|  |TAMS 0x00000000cad00000| PB 0x00000000cad00000| Untracked 
| 126|0x00000000cae00000, 0x00000000cae00000, 0x00000000caf00000|  0%| F|  |TAMS 0x00000000cae00000| PB 0x00000000cae00000| Untracked 
| 127|0x00000000caf00000, 0x00000000caf00000, 0x00000000cb000000|  0%| F|  |TAMS 0x00000000caf00000| PB 0x00000000caf00000| Untracked 
| 128|0x00000000cb000000, 0x00000000cb100000, 0x00000000cb100000|100%| S|CS|TAMS 0x00000000cb000000| PB 0x00000000cb000000| Complete 
| 129|0x00000000cb100000, 0x00000000cb100000, 0x00000000cb200000|  0%| F|  |TAMS 0x00000000cb100000| PB 0x00000000cb100000| Untracked 
| 130|0x00000000cb200000, 0x00000000cb200000, 0x00000000cb300000|  0%| F|  |TAMS 0x00000000cb200000| PB 0x00000000cb200000| Untracked 
| 131|0x00000000cb300000, 0x00000000cb300000, 0x00000000cb400000|  0%| F|  |TAMS 0x00000000cb300000| PB 0x00000000cb300000| Untracked 
| 132|0x00000000cb400000, 0x00000000cb400000, 0x00000000cb500000|  0%| F|  |TAMS 0x00000000cb400000| PB 0x00000000cb400000| Untracked 
| 133|0x00000000cb500000, 0x00000000cb500000, 0x00000000cb600000|  0%| F|  |TAMS 0x00000000cb500000| PB 0x00000000cb500000| Untracked 

Card table byte_map: [0x00000296e3cc0000,0x00000296e3eb0000] _byte_map_base: 0x00000296e36a8000

Marking Bits: (CMBitMap*) 0x00000296dd07ed00
 Bits: [0x00000296e3eb0000, 0x00000296e4df0000)

Polling page: 0x00000296db030000

Metaspace:

Usage:
  Non-class:     59.06 MB used.
      Class:      9.41 MB used.
       Both:     68.46 MB used.

Virtual space:
  Non-class space:       64.00 MB reserved,      59.56 MB ( 93%) committed,  1 nodes.
      Class space:        1.00 GB reserved,       9.81 MB ( <1%) committed,  1 nodes.
             Both:        1.06 GB reserved,      69.38 MB (  6%) committed. 

Chunk freelists:
   Non-Class:  3.65 MB
       Class:  6.12 MB
        Both:  9.77 MB

MaxMetaspaceSize: unlimited
CompressedClassSpaceSize: 1.00 GB
Initial GC threshold: 21.00 MB
Current GC threshold: 115.62 MB
CDS: on
 - commit_granule_bytes: 65536.
 - commit_granule_words: 8192.
 - virtual_space_node_default_size: 8388608.
 - enlarge_chunks_in_place: 1.
 - use_allocation_guard: 0.


Internal statistics:

num_allocs_failed_limit: 9.
num_arena_births: 1576.
num_arena_deaths: 696.
num_vsnodes_births: 2.
num_vsnodes_deaths: 0.
num_space_committed: 1110.
num_space_uncommitted: 0.
num_chunks_returned_to_freelist: 823.
num_chunks_taken_from_freelist: 4472.
num_chunk_merges: 152.
num_chunk_splits: 2842.
num_chunks_enlarged: 2197.
num_inconsistent_stats: 0.

CodeCache: size=49152Kb used=16325Kb max_used=16619Kb free=32826Kb
 bounds [0x00000296e09c0000, 0x00000296e1a00000, 0x00000296e39c0000]
 total_blobs=9318 nmethods=8578 adapters=662
 compilation: enabled
              stopped_count=0, restarted_count=0
 full_count=0

Compilation events (20 events):
Event: 1239.081 Thread 0x00000296e7828220 12214   !   1       jdk.proxy2.$Proxy118::annotationType (29 bytes)
Event: 1239.081 Thread 0x00000296e7828220 nmethod 12214 0x00000296e19f9410 code [0x00000296e19f95e0, 0x00000296e19f9810]
Event: 1239.082 Thread 0x00000296e7828220 12215   !   1       jdk.proxy2.$Proxy119::annotationType (29 bytes)
Event: 1239.082 Thread 0x00000296e7828220 nmethod 12215 0x00000296e19f9990 code [0x00000296e19f9b60, 0x00000296e19f9d90]
Event: 1239.100 Thread 0x00000296e7828220 12216       1       javax.management.MBeanFeatureInfo::getName (5 bytes)
Event: 1239.101 Thread 0x00000296e7828220 nmethod 12216 0x00000296e19f9f10 code [0x00000296e19fa0a0, 0x00000296e19fa168]
Event: 1239.102 Thread 0x00000296e7828220 12217       1       org.springframework.beans.CachedIntrospectionResults::isUnderneathClassLoader (33 bytes)
Event: 1239.103 Thread 0x00000296e7828220 nmethod 12217 0x00000296e19fa210 code [0x00000296e19fa3c0, 0x00000296e19fa548]
Event: 1239.104 Thread 0x00000296e7828220 12218       1       org.apache.tomcat.util.net.NioEndpoint::getUseInheritedChannel (5 bytes)
Event: 1239.104 Thread 0x00000296e7828220 nmethod 12218 0x00000296e19fa610 code [0x00000296e19fa7a0, 0x00000296e19fa870]
Event: 1239.106 Thread 0x00000296e7828220 12219       1       org.apache.tomcat.util.net.AbstractEndpoint::isSSLEnabled (5 bytes)
Event: 1239.106 Thread 0x00000296e7828220 nmethod 12219 0x00000296e19fa910 code [0x00000296e19faaa0, 0x00000296e19fab70]
Event: 1239.106 Thread 0x00000296e7828220 12220       1       java.lang.Thread::getState (5 bytes)
Event: 1239.107 Thread 0x00000296e7828220 nmethod 12220 0x00000296e19fac10 code [0x00000296e19fadc0, 0x00000296e19faeb0]
Event: 1296.271 Thread 0x00000296e7828220 12221       1       jdk.internal.util.ByteArray::getShort (9 bytes)
Event: 1296.289 Thread 0x00000296e7828220 nmethod 12221 0x00000296e0e0a690 code [0x00000296e0e0a820, 0x00000296e0e0a960]
Event: 1296.289 Thread 0x00000296e7828220 12223       1       java.io.ObjectOutputStream$BlockDataOutputStream::drain (45 bytes)
Event: 1296.290 Thread 0x00000296e7828220 nmethod 12223 0x00000296e0fac490 code [0x00000296e0fac640, 0x00000296e0fac7c0]
Event: 1296.290 Thread 0x00000296e7828220 12222       1       java.io.ObjectOutputStream$BlockDataOutputStream::setBlockDataMode (35 bytes)
Event: 1296.291 Thread 0x00000296e7828220 nmethod 12222 0x00000296e0b2c410 code [0x00000296e0b2c5c0, 0x00000296e0b2c708]

GC Heap History (20 events):
Event: 1287.203 GC heap after
{Heap after GC invocations=191 (full 14):
 garbage-first heap   total 137216K, used 46237K [0x00000000c3000000, 0x0000000100000000)
  region size 1024K, 4 young (4096K), 4 survivors (4096K)
 Metaspace       used 70118K, committed 71040K, reserved 1114112K
  class space    used 9632K, committed 10048K, reserved 1048576K
}
Event: 1295.706 GC heap before
{Heap before GC invocations=192 (full 14):
 garbage-first heap   total 137216K, used 117917K [0x00000000c3000000, 0x0000000100000000)
  region size 1024K, 74 young (75776K), 4 survivors (4096K)
 Metaspace       used 70108K, committed 71040K, reserved 1114112K
  class space    used 9631K, committed 10048K, reserved 1048576K
}
Event: 1295.719 GC heap after
{Heap after GC invocations=193 (full 14):
 garbage-first heap   total 137216K, used 50190K [0x00000000c3000000, 0x0000000100000000)
  region size 1024K, 7 young (7168K), 7 survivors (7168K)
 Metaspace       used 70108K, committed 71040K, reserved 1114112K
  class space    used 9631K, committed 10048K, reserved 1048576K
}
Event: 1303.401 GC heap before
{Heap before GC invocations=193 (full 14):
 garbage-first heap   total 137216K, used 118798K [0x00000000c3000000, 0x0000000100000000)
  region size 1024K, 74 young (75776K), 7 survivors (7168K)
 Metaspace       used 70108K, committed 71040K, reserved 1114112K
  class space    used 9631K, committed 10048K, reserved 1048576K
}
Event: 1304.259 GC heap after
{Heap after GC invocations=194 (full 14):
 garbage-first heap   total 137216K, used 45034K [0x00000000c3000000, 0x0000000100000000)
  region size 1024K, 4 young (4096K), 4 survivors (4096K)
 Metaspace       used 70108K, committed 71040K, reserved 1114112K
  class space    used 9631K, committed 10048K, reserved 1048576K
}
Event: 1304.341 GC heap before
{Heap before GC invocations=194 (full 14):
 garbage-first heap   total 137216K, used 47082K [0x00000000c3000000, 0x0000000100000000)
  region size 1024K, 6 young (6144K), 4 survivors (4096K)
 Metaspace       used 70108K, committed 71040K, reserved 1114112K
  class space    used 9631K, committed 10048K, reserved 1048576K
}
Event: 1304.622 GC heap after
{Heap after GC invocations=195 (full 14):
 garbage-first heap   total 137216K, used 45698K [0x00000000c3000000, 0x0000000100000000)
  region size 1024K, 1 young (1024K), 1 survivors (1024K)
 Metaspace       used 70108K, committed 71040K, reserved 1114112K
  class space    used 9631K, committed 10048K, reserved 1048576K
}
Event: 1305.031 GC heap before
{Heap before GC invocations=196 (full 14):
 garbage-first heap   total 137216K, used 50818K [0x00000000c3000000, 0x0000000100000000)
  region size 1024K, 6 young (6144K), 1 survivors (1024K)
 Metaspace       used 70108K, committed 71040K, reserved 1114112K
  class space    used 9631K, committed 10048K, reserved 1048576K
}
Event: 1305.036 GC heap after
{Heap after GC invocations=197 (full 14):
 garbage-first heap   total 137216K, used 47175K [0x00000000c3000000, 0x0000000100000000)
  region size 1024K, 1 young (1024K), 1 survivors (1024K)
 Metaspace       used 70108K, committed 71040K, reserved 1114112K
  class space    used 9631K, committed 10048K, reserved 1048576K
}
Event: 1305.417 GC heap before
{Heap before GC invocations=197 (full 14):
 garbage-first heap   total 137216K, used 52295K [0x00000000c3000000, 0x0000000100000000)
  region size 1024K, 6 young (6144K), 1 survivors (1024K)
 Metaspace       used 70108K, committed 71040K, reserved 1114112K
  class space    used 9631K, committed 10048K, reserved 1048576K
}
Event: 1307.166 GC heap after
{Heap after GC invocations=198 (full 14):
 garbage-first heap   total 137216K, used 48873K [0x00000000c3000000, 0x0000000100000000)
  region size 1024K, 1 young (1024K), 1 survivors (1024K)
 Metaspace       used 70108K, committed 71040K, reserved 1114112K
  class space    used 9631K, committed 10048K, reserved 1048576K
}
Event: 1307.394 GC heap before
{Heap before GC invocations=198 (full 14):
 garbage-first heap   total 137216K, used 53993K [0x00000000c3000000, 0x0000000100000000)
  region size 1024K, 6 young (6144K), 1 survivors (1024K)
 Metaspace       used 70108K, committed 71040K, reserved 1114112K
  class space    used 9631K, committed 10048K, reserved 1048576K
}
Event: 1307.398 GC heap after
{Heap after GC invocations=199 (full 14):
 garbage-first heap   total 137216K, used 49620K [0x00000000c3000000, 0x0000000100000000)
  region size 1024K, 1 young (1024K), 1 survivors (1024K)
 Metaspace       used 70108K, committed 71040K, reserved 1114112K
  class space    used 9631K, committed 10048K, reserved 1048576K
}
Event: 1311.294 GC heap before
{Heap before GC invocations=199 (full 14):
 garbage-first heap   total 137216K, used 104916K [0x00000000c3000000, 0x0000000100000000)
  region size 1024K, 55 young (56320K), 1 survivors (1024K)
 Metaspace       used 70108K, committed 71040K, reserved 1114112K
  class space    used 9631K, committed 10048K, reserved 1048576K
}
Event: 1312.289 GC heap after
{Heap after GC invocations=200 (full 14):
 garbage-first heap   total 137216K, used 51743K [0x00000000c3000000, 0x0000000100000000)
  region size 1024K, 3 young (3072K), 3 survivors (3072K)
 Metaspace       used 70108K, committed 71040K, reserved 1114112K
  class space    used 9631K, committed 10048K, reserved 1048576K
}
Event: 1312.522 GC heap before
{Heap before GC invocations=201 (full 14):
 garbage-first heap   total 137216K, used 54815K [0x00000000c3000000, 0x0000000100000000)
  region size 1024K, 6 young (6144K), 3 survivors (3072K)
 Metaspace       used 70108K, committed 71040K, reserved 1114112K
  class space    used 9631K, committed 10048K, reserved 1048576K
}
Event: 1313.220 GC heap after
{Heap after GC invocations=202 (full 14):
 garbage-first heap   total 137216K, used 52643K [0x00000000c3000000, 0x0000000100000000)
  region size 1024K, 1 young (1024K), 1 survivors (1024K)
 Metaspace       used 70108K, committed 71040K, reserved 1114112K
  class space    used 9631K, committed 10048K, reserved 1048576K
}
Event: 1313.489 GC heap before
{Heap before GC invocations=202 (full 14):
 garbage-first heap   total 137216K, used 57763K [0x00000000c3000000, 0x0000000100000000)
  region size 1024K, 6 young (6144K), 1 survivors (1024K)
 Metaspace       used 70108K, committed 71040K, reserved 1114112K
  class space    used 9631K, committed 10048K, reserved 1048576K
}
Event: 1313.496 GC heap after
{Heap after GC invocations=203 (full 14):
 garbage-first heap   total 137216K, used 54015K [0x00000000c3000000, 0x0000000100000000)
  region size 1024K, 1 young (1024K), 1 survivors (1024K)
 Metaspace       used 70108K, committed 71040K, reserved 1114112K
  class space    used 9631K, committed 10048K, reserved 1048576K
}
Event: 1314.012 GC heap before
{Heap before GC invocations=203 (full 14):
 garbage-first heap   total 137216K, used 59135K [0x00000000c3000000, 0x0000000100000000)
  region size 1024K, 6 young (6144K), 1 survivors (1024K)
 Metaspace       used 70108K, committed 71040K, reserved 1114112K
  class space    used 9631K, committed 10048K, reserved 1048576K
}

Dll operation events (11 events):
Event: 0.018 Loaded shared library C:\Spring Boot\spring-tool-suite-4-4.29.1.RELEASE-e4.35.0-win32.win32.x86_64\sts-4.29.1.RELEASE\plugins\org.eclipse.justj.openjdk.hotspot.jre.full.win32.x86_64_21.0.6.v20250130-0529\jre\bin\java.dll
Event: 0.074 Loaded shared library C:\Spring Boot\spring-tool-suite-4-4.29.1.RELEASE-e4.35.0-win32.win32.x86_64\sts-4.29.1.RELEASE\plugins\org.eclipse.justj.openjdk.hotspot.jre.full.win32.x86_64_21.0.6.v20250130-0529\jre\bin\zip.dll
Event: 0.194 Loaded shared library C:\Spring Boot\spring-tool-suite-4-4.29.1.RELEASE-e4.35.0-win32.win32.x86_64\sts-4.29.1.RELEASE\plugins\org.eclipse.justj.openjdk.hotspot.jre.full.win32.x86_64_21.0.6.v20250130-0529\jre\bin\jimage.dll
Event: 0.205 Loaded shared library C:\Spring Boot\spring-tool-suite-4-4.29.1.RELEASE-e4.35.0-win32.win32.x86_64\sts-4.29.1.RELEASE\plugins\org.eclipse.justj.openjdk.hotspot.jre.full.win32.x86_64_21.0.6.v20250130-0529\jre\bin\net.dll
Event: 0.208 Loaded shared library C:\Spring Boot\spring-tool-suite-4-4.29.1.RELEASE-e4.35.0-win32.win32.x86_64\sts-4.29.1.RELEASE\plugins\org.eclipse.justj.openjdk.hotspot.jre.full.win32.x86_64_21.0.6.v20250130-0529\jre\bin\nio.dll
Event: 0.212 Loaded shared library C:\Spring Boot\spring-tool-suite-4-4.29.1.RELEASE-e4.35.0-win32.win32.x86_64\sts-4.29.1.RELEASE\plugins\org.eclipse.justj.openjdk.hotspot.jre.full.win32.x86_64_21.0.6.v20250130-0529\jre\bin\zip.dll
Event: 0.391 Loaded shared library C:\Spring Boot\spring-tool-suite-4-4.29.1.RELEASE-e4.35.0-win32.win32.x86_64\sts-4.29.1.RELEASE\plugins\org.eclipse.justj.openjdk.hotspot.jre.full.win32.x86_64_21.0.6.v20250130-0529\jre\bin\management.dll
Event: 0.442 Loaded shared library C:\Spring Boot\spring-tool-suite-4-4.29.1.RELEASE-e4.35.0-win32.win32.x86_64\sts-4.29.1.RELEASE\plugins\org.eclipse.justj.openjdk.hotspot.jre.full.win32.x86_64_21.0.6.v20250130-0529\jre\bin\management_ext.dll
Event: 1.055 Loaded shared library C:\Spring Boot\spring-tool-suite-4-4.29.1.RELEASE-e4.35.0-win32.win32.x86_64\sts-4.29.1.RELEASE\plugins\org.eclipse.justj.openjdk.hotspot.jre.full.win32.x86_64_21.0.6.v20250130-0529\jre\bin\extnet.dll
Event: 2.510 Loaded shared library C:\Spring Boot\spring-tool-suite-4-4.29.1.RELEASE-e4.35.0-win32.win32.x86_64\sts-4.29.1.RELEASE\plugins\org.eclipse.justj.openjdk.hotspot.jre.full.win32.x86_64_21.0.6.v20250130-0529\jre\bin\sunmscapi.dll
Event: 5.487 Loaded shared library C:\Spring Boot\spring-tool-suite-4-4.29.1.RELEASE-e4.35.0-win32.win32.x86_64\sts-4.29.1.RELEASE\plugins\org.eclipse.justj.openjdk.hotspot.jre.full.win32.x86_64_21.0.6.v20250130-0529\jre\bin\verify.dll

Deoptimization events (0 events):
No events

Classes loaded (20 events):
Event: 259.962 Loading class java/security/spec/KeySpec
Event: 259.964 Loading class java/security/spec/KeySpec done
Event: 259.976 Loading class javax/crypto/NoSuchPaddingException
Event: 259.986 Loading class javax/crypto/NoSuchPaddingException done
Event: 259.995 Loading class javax/crypto/IllegalBlockSizeException
Event: 260.015 Loading class javax/crypto/IllegalBlockSizeException done
Event: 260.016 Loading class javax/crypto/BadPaddingException
Event: 260.029 Loading class javax/crypto/BadPaddingException done
Event: 269.211 Loading class java/lang/ref/Finalizer$2
Event: 269.223 Loading class java/lang/ref/Finalizer$2 done
Event: 269.223 Loading class java/lang/ref/Finalizer$1
Event: 269.233 Loading class java/lang/ref/Finalizer$1 done
Event: 300.997 Loading class jdk/internal/loader/BootLoader$PackageHelper
Event: 301.022 Loading class jdk/internal/loader/BootLoader$PackageHelper done
Event: 323.057 Loading class java/time/DurationEditor
Event: 323.060 Loading class java/time/DurationEditor done
Event: 643.439 Loading class java/time/DurationEditor
Event: 643.467 Loading class java/time/DurationEditor done
Event: 1144.626 Loading class java/time/DurationEditor
Event: 1144.653 Loading class java/time/DurationEditor done

Classes unloaded (20 events):
Event: 1172.853 Thread 0x00000296e77f3d50 Unloading class 0x0000029681195400 'java/lang/invoke/LambdaForm$BMH+0x0000029681195400'
Event: 1172.853 Thread 0x00000296e77f3d50 Unloading class 0x00000296813c4c00 'java/lang/invoke/LambdaForm$DMH+0x00000296813c4c00'
Event: 1182.499 Thread 0x00000296e77f3d50 Unloading class 0x00000296819c4800 'org/apache/catalina/loader/JdbcLeakPrevention'
Event: 1229.013 Thread 0x00000296e77f3d50 Unloading class 0x00000296819d4000 'java/lang/invoke/LambdaForm$MH+0x00000296819d4000'
Event: 1229.014 Thread 0x00000296e77f3d50 Unloading class 0x00000296819d1c00 'java/lang/invoke/LambdaForm$MH+0x00000296819d1c00'
Event: 1229.014 Thread 0x00000296e77f3d50 Unloading class 0x00000296819d1000 'java/lang/invoke/LambdaForm$MH+0x00000296819d1000'
Event: 1229.014 Thread 0x00000296e77f3d50 Unloading class 0x00000296819d0c00 'java/lang/invoke/LambdaForm$MH+0x00000296819d0c00'
Event: 1229.014 Thread 0x00000296e77f3d50 Unloading class 0x00000296819d0800 'java/lang/invoke/LambdaForm$MH+0x00000296819d0800'
Event: 1229.014 Thread 0x00000296e77f3d50 Unloading class 0x00000296819d0000 'java/lang/invoke/LambdaForm$MH+0x00000296819d0000'
Event: 1251.970 Thread 0x00000296e77f3d50 Unloading class 0x00000296819d0800 'org/apache/catalina/loader/JdbcLeakPrevention'
Event: 1251.970 Thread 0x00000296e77f3d50 Unloading class 0x00000296813c4c00 'java/lang/invoke/LambdaForm$MH+0x00000296813c4c00'
Event: 1251.970 Thread 0x00000296e77f3d50 Unloading class 0x0000029681003000 'java/lang/invoke/LambdaForm$MH+0x0000029681003000'
Event: 1251.970 Thread 0x00000296e77f3d50 Unloading class 0x0000029681003c00 'java/lang/invoke/LambdaForm$MH+0x0000029681003c00'
Event: 1251.970 Thread 0x00000296e77f3d50 Unloading class 0x0000029681008400 'java/lang/invoke/LambdaForm$BMH+0x0000029681008400'
Event: 1251.970 Thread 0x00000296e77f3d50 Unloading class 0x00000296819d4800 'java/lang/invoke/LambdaForm$MH+0x00000296819d4800'
Event: 1251.971 Thread 0x00000296e77f3d50 Unloading class 0x0000029681198c00 'java/lang/invoke/LambdaForm$MH+0x0000029681198c00'
Event: 1251.971 Thread 0x00000296e77f3d50 Unloading class 0x0000029681654400 'java/lang/invoke/LambdaForm$MH+0x0000029681654400'
Event: 1287.301 Thread 0x00000296e77f3d50 Unloading class 0x00000296819d8400 'jdk/internal/reflect/GeneratedSerializationConstructorAccessor32'
Event: 1287.301 Thread 0x00000296e77f3d50 Unloading class 0x00000296819c4c00 'jdk/internal/reflect/GeneratedSerializationConstructorAccessor31'
Event: 1287.301 Thread 0x00000296e77f3d50 Unloading class 0x00000296819c4800 'jdk/internal/reflect/GeneratedSerializationConstructorAccessor30'

Classes redefined (0 events):
No events

Internal exceptions (20 events):
Event: 1173.240 Thread 0x00000296efe83d00 Exception <a 'java/lang/NoClassDefFoundError'{0x00000000cac15ef8}: liquibase/integration/spring/SpringLiquibase> (0x00000000cac15ef8) 
thrown [s\src\hotspot\share\oops\constantPool.cpp, line 873]
Event: 1173.249 Thread 0x00000296efe83d00 Exception <a 'java/lang/NoClassDefFoundError'{0x00000000cacbf380}: org/jooq/DSLContext> (0x00000000cacbf380) 
thrown [s\src\hotspot\share\oops\constantPool.cpp, line 873]
Event: 1173.259 Thread 0x00000296efe83d00 Exception <a 'java/lang/NoClassDefFoundError'{0x00000000cab735c0}: org/springframework/batch/core/repository/JobRepository> (0x00000000cab735c0) 
thrown [s\src\hotspot\share\oops\constantPool.cpp, line 873]
Event: 1173.259 Thread 0x00000296efe83d00 Exception <a 'java/lang/NoClassDefFoundError'{0x00000000cab73c18}: org/quartz/Scheduler> (0x00000000cab73c18) 
thrown [s\src\hotspot\share\oops\constantPool.cpp, line 873]
Event: 1173.259 Thread 0x00000296efe83d00 Exception <a 'java/lang/NoClassDefFoundError'{0x00000000cab74298}: org/springframework/session/jdbc/JdbcIndexedSessionRepository> (0x00000000cab74298) 
thrown [s\src\hotspot\share\oops\constantPool.cpp, line 873]
Event: 1173.608 Thread 0x00000296efe83d00 Exception <a 'java/lang/NoSuchMethodError'{0x00000000ca3a2408}: 'int java.lang.invoke.DirectMethodHandle$Holder.invokeVirtual(java.lang.Object, java.lang.Object, java.lang.Object, java.lang.Object)'> (0x00000000ca3a2408) 
thrown [s\src\hotspot\share\interpreter\linkResolver.cpp, line 773]
Event: 1173.625 Thread 0x00000296efe83d00 Exception <a 'java/lang/NoSuchMethodError'{0x00000000ca3a5a00}: 'int java.lang.invoke.DelegatingMethodHandle$Holder.reinvoke_L(java.lang.Object, java.lang.Object, java.lang.Object, java.lang.Object)'> (0x00000000ca3a5a00) 
thrown [s\src\hotspot\share\interpreter\linkResolver.cpp, line 773]
Event: 1173.709 Thread 0x00000296efe83d00 Exception <a 'java/io/FileNotFoundException'{0x00000000ca298cf8}> (0x00000000ca298cf8) 
thrown [s\src\hotspot\share\prims\jni.cpp, line 520]
Event: 1173.902 Thread 0x00000296efe83d00 Exception <a 'java/io/FileNotFoundException'{0x00000000c9f796a0}> (0x00000000c9f796a0) 
thrown [s\src\hotspot\share\prims\jni.cpp, line 520]
Event: 1202.303 Thread 0x00000296ec5ddee0 Exception <a 'java/lang/NoSuchMethodError'{0x00000000c8e31048}: static [B.<clinit>()V> (0x00000000c8e31048) 
thrown [s\src\hotspot\share\prims\jni.cpp, line 1111]
Event: 1231.918 Thread 0x00000296efe87810 Exception <a 'java/lang/InterruptedException'{0x00000000cae7c090}: sleep interrupted> (0x00000000cae7c090) 
thrown [s\src\hotspot\share\prims\jvm.cpp, line 3074]
Event: 1233.653 Thread 0x00000296ee8d7620 Exception <a 'sun/nio/fs/WindowsException'{0x00000000cac1ed38}> (0x00000000cac1ed38) 
thrown [s\src\hotspot\share\prims\jni.cpp, line 520]
Event: 1235.773 Thread 0x00000296ee8d7620 Exception <a 'java/lang/NoClassDefFoundError'{0x00000000c8017d70}: org/flywaydb/core/Flyway> (0x00000000c8017d70) 
thrown [s\src\hotspot\share\oops\constantPool.cpp, line 873]
Event: 1235.773 Thread 0x00000296ee8d7620 Exception <a 'java/lang/NoClassDefFoundError'{0x00000000c80183d0}: liquibase/integration/spring/SpringLiquibase> (0x00000000c80183d0) 
thrown [s\src\hotspot\share\oops\constantPool.cpp, line 873]
Event: 1235.779 Thread 0x00000296ee8d7620 Exception <a 'java/lang/NoClassDefFoundError'{0x00000000c803eb28}: org/jooq/DSLContext> (0x00000000c803eb28) 
thrown [s\src\hotspot\share\oops\constantPool.cpp, line 873]
Event: 1235.786 Thread 0x00000296ee8d7620 Exception <a 'java/lang/NoClassDefFoundError'{0x00000000c807fa80}: org/springframework/batch/core/repository/JobRepository> (0x00000000c807fa80) 
thrown [s\src\hotspot\share\oops\constantPool.cpp, line 873]
Event: 1235.786 Thread 0x00000296ee8d7620 Exception <a 'java/lang/NoClassDefFoundError'{0x00000000c80800d8}: org/quartz/Scheduler> (0x00000000c80800d8) 
thrown [s\src\hotspot\share\oops\constantPool.cpp, line 873]
Event: 1235.787 Thread 0x00000296ee8d7620 Exception <a 'java/lang/NoClassDefFoundError'{0x00000000c8080758}: org/springframework/session/jdbc/JdbcIndexedSessionRepository> (0x00000000c8080758) 
thrown [s\src\hotspot\share\oops\constantPool.cpp, line 873]
Event: 1236.112 Thread 0x00000296ee8d7620 Exception <a 'java/io/FileNotFoundException'{0x00000000c759c340}> (0x00000000c759c340) 
thrown [s\src\hotspot\share\prims\jni.cpp, line 520]
Event: 1236.401 Thread 0x00000296ee8d7620 Exception <a 'java/io/FileNotFoundException'{0x00000000cb249c20}> (0x00000000cb249c20) 
thrown [s\src\hotspot\share\prims\jni.cpp, line 520]

ZGC Phase Switch (0 events):
No events

VM Operations (20 events):
Event: 1304.698 Executing VM operation: G1PauseRemark done
Event: 1304.725 Executing VM operation: G1PauseCleanup
Event: 1304.726 Executing VM operation: G1PauseCleanup done
Event: 1305.031 Executing VM operation: G1CollectForAllocation (G1 Evacuation Pause)
Event: 1305.036 Executing VM operation: G1CollectForAllocation (G1 Evacuation Pause) done
Event: 1305.416 Executing VM operation: G1CollectForAllocation (G1 Evacuation Pause)
Event: 1307.166 Executing VM operation: G1CollectForAllocation (G1 Evacuation Pause) done
Event: 1307.394 Executing VM operation: G1CollectForAllocation (G1 Evacuation Pause)
Event: 1307.398 Executing VM operation: G1CollectForAllocation (G1 Evacuation Pause) done
Event: 1311.294 Executing VM operation: G1CollectForAllocation (G1 Evacuation Pause)
Event: 1312.290 Executing VM operation: G1CollectForAllocation (G1 Evacuation Pause) done
Event: 1312.353 Executing VM operation: G1PauseRemark
Event: 1312.366 Executing VM operation: G1PauseRemark done
Event: 1312.391 Executing VM operation: G1PauseCleanup
Event: 1312.393 Executing VM operation: G1PauseCleanup done
Event: 1312.522 Executing VM operation: G1CollectForAllocation (G1 Evacuation Pause)
Event: 1313.220 Executing VM operation: G1CollectForAllocation (G1 Evacuation Pause) done
Event: 1313.486 Executing VM operation: G1CollectForAllocation (G1 Evacuation Pause)
Event: 1313.496 Executing VM operation: G1CollectForAllocation (G1 Evacuation Pause) done
Event: 1314.011 Executing VM operation: G1CollectForAllocation (G1 Evacuation Pause)

Memory protections (0 events):
No events

Nmethod flushes (20 events):
Event: 1312.365 Thread 0x00000296e77f3d50 flushing  nmethod 0x00000296e0ee9990
Event: 1312.365 Thread 0x00000296e77f3d50 flushing  nmethod 0x00000296e125b310
Event: 1312.365 Thread 0x00000296e77f3d50 flushing  nmethod 0x00000296e1734c10
Event: 1312.365 Thread 0x00000296e77f3d50 flushing  nmethod 0x00000296e176e610
Event: 1312.365 Thread 0x00000296e77f3d50 flushing  nmethod 0x00000296e1793210
Event: 1312.365 Thread 0x00000296e77f3d50 flushing  nmethod 0x00000296e0cf0f90
Event: 1312.365 Thread 0x00000296e77f3d50 flushing  nmethod 0x00000296e0d21b90
Event: 1312.365 Thread 0x00000296e77f3d50 flushing  nmethod 0x00000296e0e5ba90
Event: 1312.365 Thread 0x00000296e77f3d50 flushing  nmethod 0x00000296e16f4e90
Event: 1312.365 Thread 0x00000296e77f3d50 flushing  nmethod 0x00000296e1750890
Event: 1312.365 Thread 0x00000296e77f3d50 flushing  nmethod 0x00000296e1750d90
Event: 1312.365 Thread 0x00000296e77f3d50 flushing  nmethod 0x00000296e1773610
Event: 1312.365 Thread 0x00000296e77f3d50 flushing  nmethod 0x00000296e179c990
Event: 1312.365 Thread 0x00000296e77f3d50 flushing  nmethod 0x00000296e0c26a90
Event: 1312.365 Thread 0x00000296e77f3d50 flushing  nmethod 0x00000296e0c57690
Event: 1312.365 Thread 0x00000296e77f3d50 flushing  nmethod 0x00000296e13bde90
Event: 1312.365 Thread 0x00000296e77f3d50 flushing  nmethod 0x00000296e13be190
Event: 1312.365 Thread 0x00000296e77f3d50 flushing  nmethod 0x00000296e14f8f10
Event: 1312.365 Thread 0x00000296e77f3d50 flushing  nmethod 0x00000296e14f9e10
Event: 1312.365 Thread 0x00000296e77f3d50 flushing  nmethod 0x00000296e1697510

Events (20 events):
Event: 1236.496 Thread 0x00000296ee8d7620 Thread added: 0x00000296ee8d7cb0
Event: 1236.496 Thread 0x00000296ee8d7620 Thread added: 0x00000296ee8d89d0
Event: 1236.767 Thread 0x00000296ee8d7620 Thread added: 0x00000296ee8d96f0
Event: 1236.872 Thread 0x00000296ee8d96f0 Thread added: 0x00000296ee8d9d80
Event: 1239.028 Thread 0x00000296ee8d7620 Thread added: 0x00000296ee8daaa0
Event: 1239.107 Thread 0x00000296ee8d7620 Thread added: 0x00000296ee8dbe50
Event: 1239.125 Thread 0x00000296ee8d7620 Thread added: 0x00000296efe81c30
Event: 1239.126 Thread 0x00000296ee8d7620 Thread added: 0x00000296efe86460
Event: 1239.126 Thread 0x00000296ee8d7620 Thread added: 0x00000296efe86af0
Event: 1239.126 Thread 0x00000296ee8d7620 Thread added: 0x00000296efe84a20
Event: 1239.127 Thread 0x00000296ee8d7620 Thread added: 0x00000296efe87810
Event: 1239.127 Thread 0x00000296ee8d7620 Thread added: 0x00000296efe87ea0
Event: 1239.127 Thread 0x00000296ee8d7620 Thread added: 0x00000296efe850b0
Event: 1239.127 Thread 0x00000296ee8d7620 Thread added: 0x00000296efe82fe0
Event: 1239.128 Thread 0x00000296ee8d7620 Thread added: 0x00000296efe822c0
Event: 1239.377 Thread 0x00000296ee8d7620 Thread added: 0x00000296efe88530
Event: 1239.378 Thread 0x00000296ee8d7620 Thread added: 0x00000296efe83d00
Event: 1239.403 Thread 0x00000296ee8d7620 Thread exited: 0x00000296ee8d7620
Event: 1239.403 Thread 0x00000296ee8db7c0 Thread exited: 0x00000296ee8db7c0
Event: 1242.268 Thread 0x00000296ee8d9d80 Thread exited: 0x00000296ee8d9d80


Dynamic libraries:
0x00007ff6f7d90000 - 0x00007ff6f7d9e000 	C:\Spring Boot\spring-tool-suite-4-4.29.1.RELEASE-e4.35.0-win32.win32.x86_64\sts-4.29.1.RELEASE\plugins\org.eclipse.justj.openjdk.hotspot.jre.full.win32.x86_64_21.0.6.v20250130-0529\jre\bin\javaw.exe
0x00007ff939850000 - 0x00007ff939a67000 	C:\WINDOWS\SYSTEM32\ntdll.dll
0x00007ff905d00000 - 0x00007ff905d1b000 	C:\Program Files\Avast Software\Avast\aswhook.dll
0x00007ff9382d0000 - 0x00007ff938394000 	C:\WINDOWS\System32\KERNEL32.DLL
0x00007ff936f30000 - 0x00007ff937303000 	C:\WINDOWS\System32\KERNELBASE.dll
0x00007ff9373d0000 - 0x00007ff9374e1000 	C:\WINDOWS\System32\ucrtbase.dll
0x00007ff8dbd00000 - 0x00007ff8dbd1e000 	C:\Spring Boot\spring-tool-suite-4-4.29.1.RELEASE-e4.35.0-win32.win32.x86_64\sts-4.29.1.RELEASE\plugins\org.eclipse.justj.openjdk.hotspot.jre.full.win32.x86_64_21.0.6.v20250130-0529\jre\bin\VCRUNTIME140.dll
0x00007ff8ddcf0000 - 0x00007ff8ddd08000 	C:\Spring Boot\spring-tool-suite-4-4.29.1.RELEASE-e4.35.0-win32.win32.x86_64\sts-4.29.1.RELEASE\plugins\org.eclipse.justj.openjdk.hotspot.jre.full.win32.x86_64_21.0.6.v20250130-0529\jre\bin\jli.dll
0x00007ff9392b0000 - 0x00007ff939461000 	C:\WINDOWS\System32\USER32.dll
0x00007ff936bf0000 - 0x00007ff936c16000 	C:\WINDOWS\System32\win32u.dll
0x00007ff91af30000 - 0x00007ff91b1cb000 	C:\WINDOWS\WinSxS\amd64_microsoft.windows.common-controls_6595b64144ccf1df_6.0.22621.5262_none_2712bde373830908\COMCTL32.dll
0x00007ff938820000 - 0x00007ff938849000 	C:\WINDOWS\System32\GDI32.dll
0x00007ff936950000 - 0x00007ff936a72000 	C:\WINDOWS\System32\gdi32full.dll
0x00007ff938160000 - 0x00007ff938207000 	C:\WINDOWS\System32\msvcrt.dll
0x00007ff936c20000 - 0x00007ff936cba000 	C:\WINDOWS\System32\msvcp_win.dll
0x00007ff938aa0000 - 0x00007ff938ad1000 	C:\WINDOWS\System32\IMM32.DLL
0x00007ff8da5b0000 - 0x00007ff8da5bc000 	C:\Spring Boot\spring-tool-suite-4-4.29.1.RELEASE-e4.35.0-win32.win32.x86_64\sts-4.29.1.RELEASE\plugins\org.eclipse.justj.openjdk.hotspot.jre.full.win32.x86_64_21.0.6.v20250130-0529\jre\bin\vcruntime140_1.dll
0x00007ff8da520000 - 0x00007ff8da5ad000 	C:\Spring Boot\spring-tool-suite-4-4.29.1.RELEASE-e4.35.0-win32.win32.x86_64\sts-4.29.1.RELEASE\plugins\org.eclipse.justj.openjdk.hotspot.jre.full.win32.x86_64_21.0.6.v20250130-0529\jre\bin\msvcp140.dll
0x00007ff87cec0000 - 0x00007ff87dc50000 	C:\Spring Boot\spring-tool-suite-4-4.29.1.RELEASE-e4.35.0-win32.win32.x86_64\sts-4.29.1.RELEASE\plugins\org.eclipse.justj.openjdk.hotspot.jre.full.win32.x86_64_21.0.6.v20250130-0529\jre\bin\server\jvm.dll
0x00007ff9374f0000 - 0x00007ff9375a1000 	C:\WINDOWS\System32\ADVAPI32.dll
0x00007ff937fd0000 - 0x00007ff938077000 	C:\WINDOWS\System32\sechost.dll
0x00007ff936dc0000 - 0x00007ff936de8000 	C:\WINDOWS\System32\bcrypt.dll
0x00007ff938980000 - 0x00007ff938a94000 	C:\WINDOWS\System32\RPCRT4.dll
0x00007ff938ae0000 - 0x00007ff938b51000 	C:\WINDOWS\System32\WS2_32.dll
0x00007ff936670000 - 0x00007ff9366bd000 	C:\WINDOWS\SYSTEM32\POWRPROF.dll
0x00007ff932420000 - 0x00007ff93242a000 	C:\WINDOWS\SYSTEM32\VERSION.dll
0x00007ff932070000 - 0x00007ff9320a4000 	C:\WINDOWS\SYSTEM32\WINMM.dll
0x00007ff936650000 - 0x00007ff936663000 	C:\WINDOWS\SYSTEM32\UMPDC.dll
0x00007ff935990000 - 0x00007ff9359a8000 	C:\WINDOWS\SYSTEM32\kernel.appcore.dll
0x00007ff9327c0000 - 0x00007ff9327ca000 	C:\Spring Boot\spring-tool-suite-4-4.29.1.RELEASE-e4.35.0-win32.win32.x86_64\sts-4.29.1.RELEASE\plugins\org.eclipse.justj.openjdk.hotspot.jre.full.win32.x86_64_21.0.6.v20250130-0529\jre\bin\jimage.dll
0x00007ff934560000 - 0x00007ff934792000 	C:\WINDOWS\SYSTEM32\DBGHELP.DLL
0x00007ff939470000 - 0x00007ff939803000 	C:\WINDOWS\System32\combase.dll
0x00007ff938080000 - 0x00007ff938157000 	C:\WINDOWS\System32\OLEAUT32.dll
0x00007ff92e940000 - 0x00007ff92e972000 	C:\WINDOWS\SYSTEM32\dbgcore.DLL
0x00007ff936d40000 - 0x00007ff936dbb000 	C:\WINDOWS\System32\bcryptPrimitives.dll
0x00007ff932520000 - 0x00007ff93253f000 	C:\Spring Boot\spring-tool-suite-4-4.29.1.RELEASE-e4.35.0-win32.win32.x86_64\sts-4.29.1.RELEASE\plugins\org.eclipse.justj.openjdk.hotspot.jre.full.win32.x86_64_21.0.6.v20250130-0529\jre\bin\java.dll
0x00007ff9376c0000 - 0x00007ff937f5d000 	C:\WINDOWS\System32\SHELL32.dll
0x00007ff936df0000 - 0x00007ff936f2f000 	C:\WINDOWS\System32\wintypes.dll
0x00007ff934890000 - 0x00007ff9351ad000 	C:\WINDOWS\SYSTEM32\windows.storage.dll
0x00007ff9375b0000 - 0x00007ff9376bb000 	C:\WINDOWS\System32\SHCORE.dll
0x00007ff938210000 - 0x00007ff938276000 	C:\WINDOWS\System32\shlwapi.dll
0x00007ff936880000 - 0x00007ff9368ab000 	C:\WINDOWS\SYSTEM32\profapi.dll
0x00007ff92cfb0000 - 0x00007ff92cfc8000 	C:\Spring Boot\spring-tool-suite-4-4.29.1.RELEASE-e4.35.0-win32.win32.x86_64\sts-4.29.1.RELEASE\plugins\org.eclipse.justj.openjdk.hotspot.jre.full.win32.x86_64_21.0.6.v20250130-0529\jre\bin\zip.dll
0x00007ff9327b0000 - 0x00007ff9327c0000 	C:\Spring Boot\spring-tool-suite-4-4.29.1.RELEASE-e4.35.0-win32.win32.x86_64\sts-4.29.1.RELEASE\plugins\org.eclipse.justj.openjdk.hotspot.jre.full.win32.x86_64_21.0.6.v20250130-0529\jre\bin\net.dll
0x00007ff9322e0000 - 0x00007ff93240c000 	C:\WINDOWS\SYSTEM32\WINHTTP.dll
0x00007ff935e10000 - 0x00007ff935e7a000 	C:\WINDOWS\system32\mswsock.dll
0x00007ff8e2480000 - 0x00007ff8e2496000 	C:\Spring Boot\spring-tool-suite-4-4.29.1.RELEASE-e4.35.0-win32.win32.x86_64\sts-4.29.1.RELEASE\plugins\org.eclipse.justj.openjdk.hotspot.jre.full.win32.x86_64_21.0.6.v20250130-0529\jre\bin\nio.dll
0x00007ff8ddd50000 - 0x00007ff8ddd5a000 	C:\Spring Boot\spring-tool-suite-4-4.29.1.RELEASE-e4.35.0-win32.win32.x86_64\sts-4.29.1.RELEASE\plugins\org.eclipse.justj.openjdk.hotspot.jre.full.win32.x86_64_21.0.6.v20250130-0529\jre\bin\management.dll
0x00007ff8dab80000 - 0x00007ff8dab8b000 	C:\Spring Boot\spring-tool-suite-4-4.29.1.RELEASE-e4.35.0-win32.win32.x86_64\sts-4.29.1.RELEASE\plugins\org.eclipse.justj.openjdk.hotspot.jre.full.win32.x86_64_21.0.6.v20250130-0529\jre\bin\management_ext.dll
0x00007ff938d20000 - 0x00007ff938d28000 	C:\WINDOWS\System32\PSAPI.DLL
0x00007ff907db0000 - 0x00007ff907dc7000 	C:\WINDOWS\system32\napinsp.dll
0x00007ff907d80000 - 0x00007ff907d9b000 	C:\WINDOWS\system32\pnrpnsp.dll
0x00007ff935480000 - 0x00007ff935578000 	C:\WINDOWS\SYSTEM32\DNSAPI.dll
0x00007ff935410000 - 0x00007ff93543d000 	C:\WINDOWS\SYSTEM32\IPHLPAPI.DLL
0x00007ff938d10000 - 0x00007ff938d19000 	C:\WINDOWS\System32\NSI.dll
0x00007ff907d60000 - 0x00007ff907d71000 	C:\WINDOWS\System32\winrnr.dll
0x00007ff907aa0000 - 0x00007ff907ab5000 	C:\WINDOWS\system32\wshbth.dll
0x00007ff907a40000 - 0x00007ff907a61000 	C:\WINDOWS\system32\nlansp_c.dll
0x00007ff916920000 - 0x00007ff91692a000 	C:\Windows\System32\rasadhlp.dll
0x00007ff92ff80000 - 0x00007ff930003000 	C:\WINDOWS\System32\fwpuclnt.dll
0x00007ff936060000 - 0x00007ff93607b000 	C:\WINDOWS\SYSTEM32\CRYPTSP.dll
0x00007ff9358f0000 - 0x00007ff935927000 	C:\WINDOWS\system32\rsaenh.dll
0x00007ff935f00000 - 0x00007ff935f28000 	C:\WINDOWS\SYSTEM32\USERENV.dll
0x00007ff936600000 - 0x00007ff93660c000 	C:\WINDOWS\SYSTEM32\CRYPTBASE.dll
0x00007ff8e3280000 - 0x00007ff8e3289000 	C:\Spring Boot\spring-tool-suite-4-4.29.1.RELEASE-e4.35.0-win32.win32.x86_64\sts-4.29.1.RELEASE\plugins\org.eclipse.justj.openjdk.hotspot.jre.full.win32.x86_64_21.0.6.v20250130-0529\jre\bin\extnet.dll
0x00007ff913810000 - 0x00007ff91381e000 	C:\Spring Boot\spring-tool-suite-4-4.29.1.RELEASE-e4.35.0-win32.win32.x86_64\sts-4.29.1.RELEASE\plugins\org.eclipse.justj.openjdk.hotspot.jre.full.win32.x86_64_21.0.6.v20250130-0529\jre\bin\sunmscapi.dll
0x00007ff936a80000 - 0x00007ff936be7000 	C:\WINDOWS\System32\CRYPT32.dll
0x00007ff936210000 - 0x00007ff93623d000 	C:\WINDOWS\SYSTEM32\ncrypt.dll
0x00007ff9361d0000 - 0x00007ff936207000 	C:\WINDOWS\SYSTEM32\NTASN1.dll
0x00007ff90cf60000 - 0x00007ff90cf70000 	C:\Spring Boot\spring-tool-suite-4-4.29.1.RELEASE-e4.35.0-win32.win32.x86_64\sts-4.29.1.RELEASE\plugins\org.eclipse.justj.openjdk.hotspot.jre.full.win32.x86_64_21.0.6.v20250130-0529\jre\bin\verify.dll
0x00007ff92cfe0000 - 0x00007ff92cfe8000 	C:\WINDOWS\system32\wshunix.dll

dbghelp: loaded successfully - version: 4.0.5 - missing functions: none
symbol engine: initialized successfully - sym options: 0x614 - pdb path: .;C:\Spring Boot\spring-tool-suite-4-4.29.1.RELEASE-e4.35.0-win32.win32.x86_64\sts-4.29.1.RELEASE\plugins\org.eclipse.justj.openjdk.hotspot.jre.full.win32.x86_64_21.0.6.v20250130-0529\jre\bin;C:\WINDOWS\SYSTEM32;C:\Program Files\Avast Software\Avast;C:\WINDOWS\WinSxS\amd64_microsoft.windows.common-controls_6595b64144ccf1df_6.0.22621.5262_none_2712bde373830908;C:\Spring Boot\spring-tool-suite-4-4.29.1.RELEASE-e4.35.0-win32.win32.x86_64\sts-4.29.1.RELEASE\plugins\org.eclipse.justj.openjdk.hotspot.jre.full.win32.x86_64_21.0.6.v20250130-0529\jre\bin\server

VM Arguments:
jvm_args: -Dcom.sun.management.jmxremote -Dcom.sun.management.jmxremote.port=52875 -Dcom.sun.management.jmxremote.authenticate=false -Dcom.sun.management.jmxremote.ssl=false -Djava.rmi.server.hostname=localhost -Dspring.jmx.enabled=true -Dmanagement.endpoints.jmx.exposure.include=* -Dspring.application.admin.enabled=true -Dspring.output.ansi.enabled=always -XX:TieredStopAtLevel=1 -Dspring.boot.project.name=smartContactManager -Dfile.encoding=UTF-8 -Dstdout.encoding=UTF-8 -Dstderr.encoding=UTF-8 -XX:+ShowCodeDetailsInExceptionMessages 
java_command: com.smart.SmartContactManagerApplication
java_class_path (initial): C:\Users\Ankit Agarwal\Documents\workspace-spring-tool-suite-4-4.29.1.RELEASE\smartContactManager\target\classes;C:\Users\Ankit Agarwal\.m2\repository\org\springframework\boot\spring-boot-starter-data-jpa\3.4.5\spring-boot-starter-data-jpa-3.4.5.jar;C:\Users\Ankit Agarwal\.m2\repository\org\springframework\boot\spring-boot-starter\3.4.5\spring-boot-starter-3.4.5.jar;C:\Users\Ankit Agarwal\.m2\repository\org\springframework\boot\spring-boot-starter-logging\3.4.5\spring-boot-starter-logging-3.4.5.jar;C:\Users\Ankit Agarwal\.m2\repository\ch\qos\logback\logback-classic\1.5.18\logback-classic-1.5.18.jar;C:\Users\Ankit Agarwal\.m2\repository\ch\qos\logback\logback-core\1.5.18\logback-core-1.5.18.jar;C:\Users\Ankit Agarwal\.m2\repository\org\apache\logging\log4j\log4j-to-slf4j\2.24.3\log4j-to-slf4j-2.24.3.jar;C:\Users\Ankit Agarwal\.m2\repository\org\apache\logging\log4j\log4j-api\2.24.3\log4j-api-2.24.3.jar;C:\Users\Ankit Agarwal\.m2\repository\org\slf4j\jul-to-slf4j\2.0.17\jul-to-slf4j-2.0.17.jar;C:\Users\Ankit Agarwal\.m2\repository\jakarta\annotation\jakarta.annotation-api\2.1.1\jakarta.annotation-api-2.1.1.jar;C:\Users\Ankit Agarwal\.m2\repository\org\yaml\snakeyaml\2.3\snakeyaml-2.3.jar;C:\Users\Ankit Agarwal\.m2\repository\org\springframework\boot\spring-boot-starter-jdbc\3.4.5\spring-boot-starter-jdbc-3.4.5.jar;C:\Users\Ankit Agarwal\.m2\repository\com\zaxxer\HikariCP\5.1.0\HikariCP-5.1.0.jar;C:\Users\Ankit Agarwal\.m2\repository\org\springframework\spring-jdbc\6.2.6\spring-jdbc-6.2.6.jar;C:\Users\Ankit Agarwal\.m2\repository\org\hibernate\orm\hibernate-core\6.6.13.Final\hibernate-core-6.6.13.Final.jar;C:\Users\Ankit Agarwal\.m2\repository\jakarta\persistence\jakarta.persistence-api\3.1.0\jakarta.persistence-api-3.1.0.jar;C:\Users\Ankit Agarwal\.m2\repository\jakarta\transaction\jakarta.transaction-api\2.0.1\jakarta.transaction-api-2.0.1.jar;C:\Users\Ankit Agarwal\.m2\repository\org\jboss\logging\jboss-logging\3.6.1.Final\jboss-logging-3.6.1.Final.jar;C:\Users\Ankit Agarwal\.m2\repository\org\hibernate\common\hibernate-commons-annotations\7.0.3.Final\hibernate-commons-annotations-7.0.3.Final.jar;C:\Users\Ankit Agarwal\.m2\repository\io\smallrye\jandex\3.2.0\jandex-3.2.0.jar;C:\Users\Ankit Agarwal\.m2\repository\com\fasterxml\classmate\1.7.0\classmate-1.7.0.jar;C:\Users\Ankit Agarwal\.m2\repository\net\bytebuddy\byte-buddy\1.15.11\byte-buddy-1.15.11.jar;C:\Users\Ankit Agarwal\.m2\repository\org\glassfish\jaxb\jaxb-runtime\4.0.5\jaxb-runtime-4.0.5.jar;C:\Users\Ankit Agarwal\.m2\repository\org\glassfish\jaxb\jaxb-core\4.0.5\jaxb-core-4.0.5.jar;C:\Users\Ankit Agarwal\.m2\repository\org\eclipse\angus\angus-activation\2.0.2\angus-activation-2.0.2.jar;C:\Users\Ankit Agarwal\.m2\repository\org\glassfish\jaxb\txw2\4.0.5\txw2-4.0.5.jar;C:\Users\Ankit Agarwal\.m2\repository\com\sun\istack\istack-commons-runtime\4.1.2\istack-commons-runtime-4.1.2.jar;C:\Users\Ankit Agarwal\.m2\repository\jakarta\inject\jakarta.inject-api\2.0.1\jakarta.inject-api-2.0.1.jar;C:\Users\Ankit Agarwal\.m2\repository\org\antlr\antlr4-runtime\4.13.0\antlr4-runtime-4.13.0.jar;C:\Users\Ankit Agarwal\.m2\repository\org\springframework\data\spring-data-jpa\3.4.5\spring-data-jpa-3.4.5.jar;C:\Users\Ankit Agarwal\.m2\repository\org\springframework\data\spring-data-commons\3.4.5\spring-data-commons-3.4.5.jar;C:\Users\Ankit Agarwal\.m2\repository\org\springframework\spring-orm\6.2.6\spring-orm-6.2.6.jar;C:\Users\Ankit Agarwal\.m2\repository\org\springframework\spring-context\6.2.6\spring-context-6.2.6.jar;C:\Users\Ankit Agarwal\.m2\repository\org\springframework\spring-aop\6.2.6\spring-aop-6.2.6.jar;C:\Users\Ankit Agarwal\.m2\repository\org\springframework\spring-tx\6.2.6\spring-tx-6.2.6.jar;C:\Users\Ankit Agarwal\.m2\repository\org\springframework\spring-beans\6.2.6\spring-beans-6.2.6.jar;C:\Users\Ankit Agarwal\.m2\repository\org\slf4j\slf4j-api\2.0.17\slf4j-api-2.0.17.jar;C:\Users\Ankit Agarwal\.m2\repository\org\springframework\spring-aspects\6.2.6\spring-aspects-6.2.6.jar;C:\Users\Ankit Agarwal\.m2\repository\org\aspectj\aspectjweaver\1.9.24\aspectjweaver-1.9.24.jar;C:\Users\Ankit Agarwal\.m2\repository\org\springframework\boot\spring-boot-starter-thymeleaf\3.4.5\spring-boot-starter-thymeleaf-3.4.5.jar;C:\Users\Ankit Agarwal\.m2\repository\org\thymeleaf\thymeleaf-spring6\3.1.3.RELEASE\thymeleaf-spring6-3.1.3.RELEASE.jar;C:\Users\Ankit Agarwal\.m2\repository\org\thymeleaf\thymeleaf\3.1.3.RELEASE\thymeleaf-3.1.3.RELEASE.jar;C:\Users\Ankit Agarwal\.m2\repository\org\attoparser\attoparser\2.0.7.RELEASE\attoparser-2.0.7.RELEASE.jar;C:\Users\Ankit Agarwal\.m2\repository\org\unbescape\unbescape\1.1.6.RELEASE\unbescape-1.1.6.RELEASE.jar;C:\Users\Ankit Agarwal\.m2\repository\org\springframework\boot\spring-boot-starter-web\3.4.5\spring-boot-starter-web-3.4.5.jar;C:\Users\Ankit Agarwal\.m2\repository\org\springframework\boot\spring-boot-starter-json\3.4.5\spring-boot-starter-json-3.4.5.jar;C:\Users\Ankit Agarwal\.m2\repository\com\fasterxml\jackson\core\jackson-databind\2.18.3\jackson-databind-2.18.3.jar;C:\Users\Ankit Agarwal\.m2\repository\com\fasterxml\jackson\core\jackson-annotations\2.18.3\jackson-annotations-2.18.3.jar;C:\Users\Ankit Agarwal\.m2\repository\com\fasterxml\jackson\core\jackson-core\2.18.3\jackson-core-2.18.3.jar;C:\Users\Ankit Agarwal\.m2\repository\com\fasterxml\jackson\datatype\jackson-datatype-jdk8\2.18.3\jackson-datatype-jdk8-2.18.3.jar;C:\Users\Ankit Agarwal\.m2\repository\com\fasterxml\jackson\datatype\jackson-datatype-jsr310\2.18.3\jackson-datatype-jsr310-2.18.3.jar;C:\Users\Ankit Agarwal\.m2\repository\com\fasterxml\jackson\module\jackson-module-parameter-names\2.18.3\jackson-module-parameter-names-2.18.3.jar;C:\Users\Ankit Agarwal\.m2\repository\org\springframework\boot\spring-boot-starter-tomcat\3.4.5\spring-boot-starter-tomcat-3.4.5.jar;C:\Users\Ankit Agarwal\.m2\repository\org\apache\tomcat\embed\tomcat-embed-core\10.1.40\tomcat-embed-core-10.1.40.jar;C:\Users\Ankit Agarwal\.m2\repository\org\apache\tomcat\embed\tomcat-embed-el\10.1.40\tomcat-embed-el-10.1.40.jar;C:\Users\Ankit Agarwal\.m2\repository\org\apache\tomcat\embed\tomcat-embed-websocket\10.1.40\tomcat-embed-websocket-10.1.40.jar;C:\Users\Ankit Agarwal\.m2\repository\org\springframework\spring-web\6.2.6\spring-web-6.2.6.jar;C:\Users\Ankit Agarwal\.m2\repository\io\micrometer\micrometer-observation\1.14.6\micrometer-observation-1.14.6.jar;C:\Users\Ankit Agarwal\.m2\repository\io\micrometer\micrometer-commons\1.14.6\micrometer-commons-1.14.6.jar;C:\Users\Ankit Agarwal\.m2\repository\org\springframework\spring-webmvc\6.2.6\spring-webmvc-6.2.6.jar;C:\Users\Ankit Agarwal\.m2\repository\org\springframework\spring-expression\6.2.6\spring-expression-6.2.6.jar;C:\Users\Ankit Agarwal\.m2\repository\org\springframework\boot\spring-boot-devtools\3.4.5\spring-boot-devtools-3.4.5.jar;C:\Users\Ankit Agarwal\.m2\repository\org\springframework\boot\spring-boot\3.4.5\spring-boot-3.4.5.jar;C:\Users\Ankit Agarwal\.m2\repository\org\springframework\boot\spring-boot-autoconfigure\3.4.5\spring-boot-autoconfigure-3.4.5.jar;C:\Users\Ankit Agarwal\.m2\repository\com\mysql\mysql-connector-j\9.1.0\mysql-connector-j-9.1.0.jar;C:\Users\Ankit Agarwal\.m2\repository\jakarta\xml\bind\jakarta.xml.bind-api\4.0.2\jakarta.xml.bind-api-4.0.2.jar;C:\Users\Ankit Agarwal\.m2\repository\jakarta\activation\jakarta.activation-api\2.1.3\jakarta.activation-api-2.1.3.jar;C:\Users\Ankit Agarwal\.m2\repository\org\springframework\spring-core\6.2.6\spring-core-6.2.6.jar;C:\Users\Ankit Agarwal\.m2\repository\org\springframework\spring-jcl\6.2.6\spring-jcl-6.2.6.jar
Launcher Type: SUN_STANDARD

[Global flags]
     intx CICompilerCount                          = 4                                         {product} {ergonomic}
     uint ConcGCThreads                            = 2                                         {product} {ergonomic}
     uint G1ConcRefinementThreads                  = 8                                         {product} {ergonomic}
   size_t G1HeapRegionSize                         = 1048576                                   {product} {ergonomic}
    uintx GCDrainStackTargetSize                   = 64                                        {product} {ergonomic}
   size_t InitialHeapSize                          = 65011712                                  {product} {ergonomic}
     bool ManagementServer                         = true                                      {product} {command line}
   size_t MarkStackSize                            = 4194304                                   {product} {ergonomic}
   size_t MaxHeapSize                              = 1023410176                                {product} {ergonomic}
   size_t MaxNewSize                               = 613416960                                 {product} {ergonomic}
   size_t MinHeapDeltaBytes                        = 1048576                                   {product} {ergonomic}
   size_t MinHeapSize                              = 8388608                                   {product} {ergonomic}
    uintx NonNMethodCodeHeapSize                   = 4096                                   {pd product} {ergonomic}
    uintx NonProfiledCodeHeapSize                  = 0                                      {pd product} {ergonomic}
     bool ProfileInterpreter                       = false                                  {pd product} {command line}
    uintx ProfiledCodeHeapSize                     = 0                                      {pd product} {ergonomic}
     bool ShowCodeDetailsInExceptionMessages       = true                                   {manageable} {command line}
   size_t SoftMaxHeapSize                          = 1023410176                             {manageable} {ergonomic}
     intx TieredStopAtLevel                        = 1                                         {product} {command line}
     bool UseCompressedOops                        = true                           {product lp64_product} {ergonomic}
     bool UseG1GC                                  = true                                      {product} {ergonomic}
     bool UseLargePagesIndividualAllocation        = false                                  {pd product} {ergonomic}

Logging:
Log output configuration:
 #0: stdout all=warning uptime,level,tags foldmultilines=false
 #1: stderr all=off uptime,level,tags foldmultilines=false

Environment Variables:
JAVA_HOME=C:\Program Files\Java\jdk-16.0.1
PATH=C:/Spring Boot/spring-tool-suite-4-4.29.1.RELEASE-e4.35.0-win32.win32.x86_64/sts-4.29.1.RELEASE//plugins/org.eclipse.justj.openjdk.hotspot.jre.full.win32.x86_64_21.0.6.v20250130-0529/jre/bin/server;C:/Spring Boot/spring-tool-suite-4-4.29.1.RELEASE-e4.35.0-win32.win32.x86_64/sts-4.29.1.RELEASE//plugins/org.eclipse.justj.openjdk.hotspot.jre.full.win32.x86_64_21.0.6.v20250130-0529/jre/bin;C:\Program Files\Common Files\Oracle\Java\javapath;C:\Python399\Scripts\;C:\Python399\;C:\Program Files (x86)\Common Files\Oracle\Java\javapath;C:\app\AnkitAgarwal\product\11.2.0\dbhome_3\bin;C:\WINDOWS\system32;C:\WINDOWS;C:\WINDOWS\System32\Wbem;C:\WINDOWS\System32\WindowsPowerShell\v1.0\;C:\WINDOWS\System32\OpenSSH\;C:\Program Files\Java\jdk-15.0.1;C:\Program Files\Java\jdk1.8.0_271\bin;C:\cygwin64\bin;C:\ProgramData\chocolatey\bin;C:\Users\Ankit Agarwal\AppData\Roaming\Microsoft\Windows\Start Menu\Programs\Python 3.9;C:\Users\Ankit Agarwal\AppData\Local\Programs\Python\Python39\Scripts;C:\Users\Ankit Agarwal\AppData\Local\Programs\Python\Python39;C:\Users\Ankit Agarwal\PycharmProjects\pythonProject\venv\Scripts;C:\Program Files\Git\cmd;C:\Program Files\Git\mingw64\bin;C:\Program Files\Git\usr\bin;C:\MinGW\bin;C:\Program Files\Java\jdk-16.0.1\bin;C:\iverilog\bin;C:\Users\Ankit Agarwal\AppData\Local\Yarn\bin;%NVM_HOME%;%NVM_SYMLINK%;C:\ProgramData\ComposerSetup\bin;C:\Program Files\MySQL\MySQL Server 5.5\bin;C:\Users\Ankit Agarwal\AppData\Local\Microsoft\WindowsApps;C:\Users\Ankit Agarwal\AppData\Local\Programs\Microsoft VS Code\bin;C:\Java\jdk-15.0.1\bin;C:\Program Files\MongoDB\Server\4.4\bin;C:\Windows\System32;C:\MinGW\bin;C:\Program Files (x86)\mingw-w64\i686-8.1.0-posix-dwarf-rt_v6-rev0\mingw32\bin;C:\Program Files\ffmpeg\bin;C:\Program Files\heroku\bin;C:\Program Files\JetBrains\IntelliJ IDEA Community Edition 2020.3.3\bin;;C:\Program Files\Java\jdk-16.0.1;C:\Program Files\Java\jdk-16.0.1\bin;C:\Users\Ankit Agarwal\AppData\Local\GitHubDesktop\bin;C:\Users\Ankit Agarwal\AppData\Roaming\npm;C:\Users\Ankit Agarwal\AppData\Roaming\nvm;C:\Program Files\nodejs;C:\xampp\php;C:\Users\Ankit Agarwal\AppData\Local\ComposerSetup\bin;C:\Users\Ankit Agarwal\AppData\Roaming\Composer\vendor\bin;;C:\Spring Boot\spring-tool-suite-4-4.29.1.RELEASE-e4.35.0-win32.win32.x86_64\sts-4.29.1.RELEASE;
USERNAME=Ankit Agarwal
OS=Windows_NT
PROCESSOR_IDENTIFIER=Intel64 Family 6 Model 142 Stepping 12, GenuineIntel
TMP=C:\Users\ANKITA~1\AppData\Local\Temp
TEMP=C:\Users\ANKITA~1\AppData\Local\Temp




Periodic native trim disabled

---------------  S Y S T E M  ---------------

OS:
 Windows 11 , 64 bit Build 22621 (10.0.22621.5262)
OS uptime: 0 days 1:14 hours

CPU: total 8 (initial active 8) (4 cores per cpu, 2 threads per core) family 6 model 142 stepping 12 microcode 0xea, cx8, cmov, fxsr, ht, mmx, 3dnowpref, sse, sse2, sse3, ssse3, sse4.1, sse4.2, popcnt, lzcnt, tsc, tscinvbit, avx, avx2, aes, erms, clmul, bmi1, bmi2, adx, fma, vzeroupper, clflush, clflushopt, rdtscp, f16c
Processor Information for the first 8 processors :
  Max Mhz: 2112, Current Mhz: 1609, Mhz Limit: 1605

Memory: 4k page, system-wide physical 3899M (96M free)
TotalPageFile size 15675M (AvailPageFile size 257M)
current process WorkingSet (physical memory assigned to process): 228M, peak: 285M
current process commit charge ("private bytes"): 345M, peak: 613M

vm_info: OpenJDK 64-Bit Server VM (21.0.6+7-LTS) for windows-amd64 JRE (21.0.6+7-LTS), built on 2025-01-21T00:00:00Z by "admin" with MS VC++ 17.7 (VS2022)

END.
